#
# A fatal error has been detected by the Java Runtime Environment:
#
#  EXCEPTION_ACCESS_VIOLATION (0xc0000005) at pc=0x00000000697526cb, pid=6304, tid=0x0000000000002b5c
#
# JRE version: Java(TM) SE Runtime Environment (8.0_291-b10) (build 1.8.0_291-b10)
# Java VM: Java HotSpot(TM) 64-Bit Server VM (25.291-b10 mixed mode windows-amd64 compressed oops)
# Problematic frame:
# V  [jvm.dll+0x1326cb]
#
# Failed to write core dump. Minidumps are not enabled by default on client versions of Windows
#
# If you would like to submit a bug report, please visit:
#   http://bugreport.java.com/bugreport/crash.jsp
#

---------------  T H R E A D  ---------------

Current thread (0x00000138fdef2800):  JavaThread "*** Profiler Agent Communication Thread" daemon [_thread_in_vm, id=11100, stack(0x00000030fdf00000,0x00000030fe000000)]

siginfo: ExceptionCode=0xc0000005, reading address 0xffffffff985d5af0

Registers:
RAX=0x00000030fdffee01, RBX=0x00000138fdef2800, RCX=0xffffffff985d5af0, RDX=0x00000138fdef2800
RSP=0x00000030fdffee10, RBP=0xffffffff985d5af0, RSI=0x00000138f645af10, RDI=0x00000030fdffef30
R8 =0x00000030fdffef30, R9 =0x0000000000000153, R10=0x0000000000000000, R11=0x00000138ffb2aad0
R12=0x00000138973bef20, R13=0x0000000000000025, R14=0x00007ffeeea49c68, R15=0x00007ffeeea49a60
RIP=0x00000000697526cb, EFLAGS=0x0000000000010286

Top of Stack: (sp=0x00000030fdffee10)
0x00000030fdffee10:   00000003fdffef00 000000006977e8b3
0x00000030fdffee20:   00000138fdef2800 00000030fdffefd8
0x00000030fdffee30:   00000138fdef2800 000000006995e51d
0x00000030fdffee40:   00000000000005c8 00000138fdef2800
0x00000030fdffee50:   00000138fdef2a00 00007ffef5879d40
0x00000030fdffee60:   00000138fdef2800 0000000000000000
0x00000030fdffee70:   0000013800000000 0000000000000000
0x00000030fdffee80:   ffffffff985d5af0 00007ffeeea434da
0x00000030fdffee90:   0000000000000000 00000138fdef2a00
0x00000030fdffeea0:   000000000000009a 0000000000000039
0x00000030fdffeeb0:   00000138973bef20 00000138fdeef2d0
0x00000030fdffeec0:   00000138fd226700 00000138fdef2800
0x00000030fdffeed0:   00000138fd226700 00000138fdef2800
0x00000030fdffeee0:   0000013891265770 000000000000009a
0x00000030fdffeef0:   00000138fdef2800 00000138fd226700
0x00000030fdffef00:   0000000000000000 0000013891265770 

Instructions: (pc=0x00000000697526cb)
0x00000000697526ab:   cc cc cc cc cc 48 89 11 c3 cc cc cc cc cc cc cc
0x00000000697526bb:   cc cc cc cc cc 40 53 48 83 ec 20 48 85 c9 74 24
0x00000000697526cb:   48 8b 19 48 85 db 74 1c 48 83 fb 37 74 16 48 8b
0x00000000697526db:   13 48 8b cb ff 52 10 84 c0 74 09 48 8b c3 48 83 


Register to memory mapping:

RAX=0x00000030fdffee01 is pointing into the stack for thread: 0x00000138fdef2800
RBX=0x00000138fdef2800 is a thread
RCX=0xffffffff985d5af0 is an unknown value
RDX=0x00000138fdef2800 is a thread
RSP=0x00000030fdffee10 is pointing into the stack for thread: 0x00000138fdef2800
RBP=0xffffffff985d5af0 is an unknown value
RSI=0x00000138f645af10 is an unknown value
RDI=0x00000030fdffef30 is pointing into the stack for thread: 0x00000138fdef2800
R8 =0x00000030fdffef30 is pointing into the stack for thread: 0x00000138fdef2800
R9 =0x0000000000000153 is an unknown value
R10=0x0000000000000000 is an unknown value
R11=0x00000138ffb2aad0 is an unknown value
R12=0x00000138973bef20 is an unknown value
R13=0x0000000000000025 is an unknown value
R14=0x00007ffeeea49c68 is an unknown value
R15=0x00007ffeeea49a60 is an unknown value


Stack: [0x00000030fdf00000,0x00000030fe000000],  sp=0x00000030fdffee10,  free space=1019k
Native frames: (J=compiled Java code, j=interpreted, Vv=VM code, C=native code)
V  [jvm.dll+0x1326cb]
V  [jvm.dll+0x33e51d]
C  [profilerinterface.dll+0x34da]
C  0x000001388001990e

Java frames: (J=compiled Java code, j=interpreted, Vv=VM code)
j  org.netbeans.lib.profiler.server.system.Stacks.getMethodNamesForJMethodIds(I[I[I)[B+0
j  org.netbeans.lib.profiler.server.ProfilerInterface.getMethodNamesForJMethodIds([I)Lorg/netbeans/lib/profiler/wireprotocol/MethodNamesResponse;+20
j  org.netbeans.lib.profiler.server.ProfilerServer.handleClientCommand(Lorg/netbeans/lib/profiler/wireprotocol/Command;)V+691
j  org.netbeans.lib.profiler.server.ProfilerServer.listenToClient()V+48
j  org.netbeans.lib.profiler.server.ProfilerServer.run()V+22
v  ~StubRoutines::call_stub

---------------  P R O C E S S  ---------------

Java Threads: ( => current thread )
  0x000001388fc59800 JavaThread "mysql-cj-abandoned-connection-cleanup" daemon [_thread_blocked, id=19352, stack(0x0000003080600000,0x0000003080700000)]
  0x000001388fc55800 JavaThread "JMX server connection timeout 30" daemon [_thread_blocked, id=11528, stack(0x0000003080500000,0x0000003080600000)]
  0x000001388fc55000 JavaThread "RMI Scheduler(0)" daemon [_thread_blocked, id=9984, stack(0x0000003080400000,0x0000003080500000)]
  0x000001388fc5b000 JavaThread "RMI TCP Connection(1)-192.168.0.116" daemon [_thread_in_native, id=10576, stack(0x0000003080300000,0x0000003080400000)]
  0x000001388f3fa800 JavaThread "RMI TCP Accept-0" daemon [_thread_in_native, id=18072, stack(0x0000003080200000,0x0000003080300000)]
  0x000001389032b800 JavaThread "TimerQueue" daemon [_thread_blocked, id=13360, stack(0x00000030fff00000,0x0000003100000000)]
  0x00000138902fe800 JavaThread "D3D Screen Updater" daemon [_thread_blocked, id=9740, stack(0x00000030ffe00000,0x00000030fff00000)]
  0x00000138f6462000 JavaThread "DestroyJavaVM" [_thread_blocked, id=15408, stack(0x00000030fcf00000,0x00000030fd000000)]
  0x000001388f3fe000 JavaThread "AWT-EventQueue-0" [_thread_blocked, id=6216, stack(0x00000030feb00000,0x00000030fec00000)]
  0x000001388f3f2000 JavaThread "AWT-Windows" daemon [_thread_in_native, id=17392, stack(0x00000030fea00000,0x00000030feb00000)]
  0x000001388f3ef000 JavaThread "AWT-Shutdown" [_thread_blocked, id=8472, stack(0x00000030fe900000,0x00000030fea00000)]
  0x000001388f3ec000 JavaThread "Java2D Disposer" daemon [_thread_blocked, id=9376, stack(0x00000030fe800000,0x00000030fe900000)]
  0x000001388f1f3800 JavaThread "Service Thread" daemon [_thread_blocked, id=12872, stack(0x00000030fe600000,0x00000030fe700000)]
  0x000001388f1f2000 JavaThread "C1 CompilerThread3" daemon [_thread_blocked, id=3388, stack(0x00000030fe500000,0x00000030fe600000)]
  0x000001388f1f0000 JavaThread "C2 CompilerThread2" daemon [_thread_blocked, id=712, stack(0x00000030fe400000,0x00000030fe500000)]
  0x000001388f1b0000 JavaThread "C2 CompilerThread1" daemon [_thread_blocked, id=13380, stack(0x00000030fe300000,0x00000030fe400000)]
  0x000001388f1af000 JavaThread "C2 CompilerThread0" daemon [_thread_blocked, id=8572, stack(0x00000030fe200000,0x00000030fe300000)]
  0x000001388f0f7000 JavaThread "*** Profiler Agent Special Execution Thread 6" daemon [_thread_blocked, id=14224, stack(0x00000030fe100000,0x00000030fe200000)]
  0x000001388f0f6800 JavaThread "*** JFluid Monitor thread ***" daemon [_thread_blocked, id=6428, stack(0x00000030fe000000,0x00000030fe100000)]
=>0x00000138fdef2800 JavaThread "*** Profiler Agent Communication Thread" daemon [_thread_in_vm, id=11100, stack(0x00000030fdf00000,0x00000030fe000000)]
  0x00000138fdec2000 JavaThread "Attach Listener" daemon [_thread_blocked, id=10828, stack(0x00000030fde00000,0x00000030fdf00000)]
  0x00000138fdec1000 JavaThread "Signal Dispatcher" daemon [_thread_blocked, id=18956, stack(0x00000030fdd00000,0x00000030fde00000)]
  0x00000138fde97800 JavaThread "Finalizer" daemon [_thread_blocked, id=13008, stack(0x00000030fdc00000,0x00000030fdd00000)]
  0x00000138fde93000 JavaThread "Reference Handler" daemon [_thread_blocked, id=17608, stack(0x00000030fdb00000,0x00000030fdc00000)]

Other Threads:
  0x00000138fde66800 VMThread [stack: 0x00000030fda00000,0x00000030fdb00000] [id=16068]
  0x000001388f287800 WatcherThread [stack: 0x00000030fe700000,0x00000030fe800000] [id=9784]

VM state:not at safepoint (normal execution)

VM Mutex/Monitor currently owned by a thread: None

heap address: 0x0000000080c00000, size: 2036 MB, Compressed Oops mode: 32-bit
Narrow klass base: 0x0000000000000000, Narrow klass shift: 3
Compressed class space size: 1073741824 Address: 0x0000000100000000

Heap:
 PSYoungGen      total 38400K, used 6469K [0x00000000d5980000, 0x00000000d8400000, 0x0000000100000000)
  eden space 33280K, 4% used [0x00000000d5980000,0x00000000d5ad7538,0x00000000d7a00000)
  from space 5120K, 99% used [0x00000000d7a00000,0x00000000d7efa170,0x00000000d7f00000)
  to   space 5120K, 0% used [0x00000000d7f00000,0x00000000d7f00000,0x00000000d8400000)
 ParOldGen       total 41472K, used 6681K [0x0000000080c00000, 0x0000000083480000, 0x00000000d5980000)
  object space 41472K, 16% used [0x0000000080c00000,0x0000000081286518,0x0000000083480000)
 Metaspace       used 30224K, capacity 30810K, committed 31232K, reserved 1077248K
  class space    used 3372K, capacity 3533K, committed 3584K, reserved 1048576K

Card table byte_map: [0x00000138f81f0000,0x00000138f85f0000] byte_map_base: 0x00000138f7dea000

Marking Bits: (ParMarkBitMap*) 0x0000000069e07fe0
 Begin Bits: [0x00000138f88a0000, 0x00000138fa870000)
 End Bits:   [0x00000138fa870000, 0x00000138fc840000)

Polling page: 0x00000138f7e00000

CodeCache: size=245760Kb used=8834Kb max_used=8846Kb free=236925Kb
 bounds [0x0000013880000000, 0x00000138808b0000, 0x000001388f000000]
 total_blobs=3377 nmethods=2727 adapters=562
 compilation: enabled

Compilation events (10 events):
Event: 67.003 Thread 0x000001388f1f2000 nmethod 3076 0x00000138808ab010 code [0x00000138808ab160, 0x00000138808ab318]
Event: 67.003 Thread 0x000001388f1f2000 3077   !   3       java.lang.ref.Finalizer::remove (94 bytes)
Event: 67.004 Thread 0x000001388f1f2000 nmethod 3077 0x00000138808aa850 code [0x00000138808aa9c0, 0x00000138808aae98]
Event: 67.004 Thread 0x000001388f1f2000 3078       3       java.lang.System$2::invokeFinalize (5 bytes)
Event: 67.004 Thread 0x000001388f1f2000 nmethod 3078 0x00000138808aa3d0 code [0x00000138808aa540, 0x00000138808aa770]
Event: 67.004 Thread 0x000001388f1f2000 3079       3       java.util.zip.ZipFile$ZipFileInputStream::finalize (5 bytes)
Event: 67.004 Thread 0x000001388f1f2000 nmethod 3079 0x00000138808aa010 code [0x00000138808aa180, 0x00000138808aa330]
Event: 67.005 Thread 0x000001388f1f2000 3080       3       java.util.zip.ZipFile$ZipFileInflaterInputStream::finalize (5 bytes)
Event: 67.005 Thread 0x000001388f1f2000 nmethod 3080 0x00000138808a9c10 code [0x00000138808a9d80, 0x00000138808a9f30]
Event: 67.006 Thread 0x000001388f1b0000 nmethod 3072 0x00000138808ae390 code [0x00000138808ae500, 0x00000138808ae8b8]

GC Heap History (8 events):
Event: 38.177 GC heap before
{Heap before GC invocations=1 (full 0):
 PSYoungGen      total 38400K, used 33280K [0x00000000d5980000, 0x00000000d8400000, 0x0000000100000000)
  eden space 33280K, 100% used [0x00000000d5980000,0x00000000d7a00000,0x00000000d7a00000)
  from space 5120K, 0% used [0x00000000d7f00000,0x00000000d7f00000,0x00000000d8400000)
  to   space 5120K, 0% used [0x00000000d7a00000,0x00000000d7a00000,0x00000000d7f00000)
 ParOldGen       total 87552K, used 0K [0x0000000080c00000, 0x0000000086180000, 0x00000000d5980000)
  object space 87552K, 0% used [0x0000000080c00000,0x0000000080c00000,0x0000000086180000)
 Metaspace       used 17467K, capacity 17884K, committed 18048K, reserved 1064960K
  class space    used 2210K, capacity 2351K, committed 2432K, reserved 1048576K
Event: 38.186 GC heap after
Heap after GC invocations=1 (full 0):
 PSYoungGen      total 38400K, used 3808K [0x00000000d5980000, 0x00000000d8400000, 0x0000000100000000)
  eden space 33280K, 0% used [0x00000000d5980000,0x00000000d5980000,0x00000000d7a00000)
  from space 5120K, 74% used [0x00000000d7a00000,0x00000000d7db8010,0x00000000d7f00000)
  to   space 5120K, 0% used [0x00000000d7f00000,0x00000000d7f00000,0x00000000d8400000)
 ParOldGen       total 87552K, used 24K [0x0000000080c00000, 0x0000000086180000, 0x00000000d5980000)
  object space 87552K, 0% used [0x0000000080c00000,0x0000000080c06000,0x0000000086180000)
 Metaspace       used 17467K, capacity 17884K, committed 18048K, reserved 1064960K
  class space    used 2210K, capacity 2351K, committed 2432K, reserved 1048576K
}
Event: 61.862 GC heap before
{Heap before GC invocations=2 (full 0):
 PSYoungGen      total 38400K, used 29916K [0x00000000d5980000, 0x00000000d8400000, 0x0000000100000000)
  eden space 33280K, 78% used [0x00000000d5980000,0x00000000d72ff038,0x00000000d7a00000)
  from space 5120K, 74% used [0x00000000d7a00000,0x00000000d7db8010,0x00000000d7f00000)
  to   space 5120K, 0% used [0x00000000d7f00000,0x00000000d7f00000,0x00000000d8400000)
 ParOldGen       total 87552K, used 24K [0x0000000080c00000, 0x0000000086180000, 0x00000000d5980000)
  object space 87552K, 0% used [0x0000000080c00000,0x0000000080c06000,0x0000000086180000)
 Metaspace       used 20631K, capacity 21112K, committed 21296K, reserved 1069056K
  class space    used 2444K, capacity 2565K, committed 2688K, reserved 1048576K
Event: 61.870 GC heap after
Heap after GC invocations=2 (full 0):
 PSYoungGen      total 38400K, used 5111K [0x00000000d5980000, 0x00000000d8400000, 0x0000000100000000)
  eden space 33280K, 0% used [0x00000000d5980000,0x00000000d5980000,0x00000000d7a00000)
  from space 5120K, 99% used [0x00000000d7f00000,0x00000000d83fdc38,0x00000000d8400000)
  to   space 5120K, 0% used [0x00000000d7a00000,0x00000000d7a00000,0x00000000d7f00000)
 ParOldGen       total 87552K, used 1355K [0x0000000080c00000, 0x0000000086180000, 0x00000000d5980000)
  object space 87552K, 1% used [0x0000000080c00000,0x0000000080d52ee8,0x0000000086180000)
 Metaspace       used 20631K, capacity 21112K, committed 21296K, reserved 1069056K
  class space    used 2444K, capacity 2565K, committed 2688K, reserved 1048576K
}
Event: 61.870 GC heap before
{Heap before GC invocations=3 (full 1):
 PSYoungGen      total 38400K, used 5111K [0x00000000d5980000, 0x00000000d8400000, 0x0000000100000000)
  eden space 33280K, 0% used [0x00000000d5980000,0x00000000d5980000,0x00000000d7a00000)
  from space 5120K, 99% used [0x00000000d7f00000,0x00000000d83fdc38,0x00000000d8400000)
  to   space 5120K, 0% used [0x00000000d7a00000,0x00000000d7a00000,0x00000000d7f00000)
 ParOldGen       total 87552K, used 1355K [0x0000000080c00000, 0x0000000086180000, 0x00000000d5980000)
  object space 87552K, 1% used [0x0000000080c00000,0x0000000080d52ee8,0x0000000086180000)
 Metaspace       used 20631K, capacity 21112K, committed 21296K, reserved 1069056K
  class space    used 2444K, capacity 2565K, committed 2688K, reserved 1048576K
Event: 61.896 GC heap after
Heap after GC invocations=3 (full 1):
 PSYoungGen      total 38400K, used 0K [0x00000000d5980000, 0x00000000d8400000, 0x0000000100000000)
  eden space 33280K, 0% used [0x00000000d5980000,0x00000000d5980000,0x00000000d7a00000)
  from space 5120K, 0% used [0x00000000d7f00000,0x00000000d7f00000,0x00000000d8400000)
  to   space 5120K, 0% used [0x00000000d7a00000,0x00000000d7a00000,0x00000000d7f00000)
 ParOldGen       total 41472K, used 6369K [0x0000000080c00000, 0x0000000083480000, 0x00000000d5980000)
  object space 41472K, 15% used [0x0000000080c00000,0x00000000812385a8,0x0000000083480000)
 Metaspace       used 20630K, capacity 21106K, committed 21296K, reserved 1069056K
  class space    used 2443K, capacity 2563K, committed 2688K, reserved 1048576K
}
Event: 66.997 GC heap before
{Heap before GC invocations=4 (full 1):
 PSYoungGen      total 38400K, used 33280K [0x00000000d5980000, 0x00000000d8400000, 0x0000000100000000)
  eden space 33280K, 100% used [0x00000000d5980000,0x00000000d7a00000,0x00000000d7a00000)
  from space 5120K, 0% used [0x00000000d7f00000,0x00000000d7f00000,0x00000000d8400000)
  to   space 5120K, 0% used [0x00000000d7a00000,0x00000000d7a00000,0x00000000d7f00000)
 ParOldGen       total 41472K, used 6369K [0x0000000080c00000, 0x0000000083480000, 0x00000000d5980000)
  object space 41472K, 15% used [0x0000000080c00000,0x00000000812385a8,0x0000000083480000)
 Metaspace       used 30213K, capacity 30810K, committed 31232K, reserved 1077248K
  class space    used 3370K, capacity 3533K, committed 3584K, reserved 1048576K
Event: 67.001 GC heap after
Heap after GC invocations=4 (full 1):
 PSYoungGen      total 38400K, used 5096K [0x00000000d5980000, 0x00000000d8400000, 0x0000000100000000)
  eden space 33280K, 0% used [0x00000000d5980000,0x00000000d5980000,0x00000000d7a00000)
  from space 5120K, 99% used [0x00000000d7a00000,0x00000000d7efa170,0x00000000d7f00000)
  to   space 5120K, 0% used [0x00000000d7f00000,0x00000000d7f00000,0x00000000d8400000)
 ParOldGen       total 41472K, used 6681K [0x0000000080c00000, 0x0000000083480000, 0x00000000d5980000)
  object space 41472K, 16% used [0x0000000080c00000,0x0000000081286518,0x0000000083480000)
 Metaspace       used 30213K, capacity 30810K, committed 31232K, reserved 1077248K
  class space    used 3370K, capacity 3533K, committed 3584K, reserved 1048576K
}

Deoptimization events (10 events):
Event: 65.811 Thread 0x000001388f3fe000 Uncommon trap: reason=class_check action=maybe_recompile pc=0x000001388085621c method=sun.security.util.math.intpoly.IntegerPolynomial$MutableElement.setSum(Lsun/security/util/math/IntegerModuloP;)Lsun/security/util/math/intpoly/IntegerPolynomial$MutableE
Event: 66.198 Thread 0x000001388f3fe000 Uncommon trap: reason=class_check action=maybe_recompile pc=0x0000013880305000 method=java.util.TreeMap.getEntry(Ljava/lang/Object;)Ljava/util/TreeMap$Entry; @ 26
Event: 66.213 Thread 0x000001388f3fe000 Uncommon trap: reason=class_check action=maybe_recompile pc=0x0000013880305000 method=java.util.TreeMap.getEntry(Ljava/lang/Object;)Ljava/util/TreeMap$Entry; @ 26
Event: 66.479 Thread 0x000001388f3fe000 Uncommon trap: reason=class_check action=maybe_recompile pc=0x0000013880771a90 method=java.util.Hashtable.put(Ljava/lang/Object;Ljava/lang/Object;)Ljava/lang/Object; @ 60
Event: 66.479 Thread 0x000001388f3fe000 Uncommon trap: reason=class_check action=maybe_recompile pc=0x0000013880771a90 method=java.util.Hashtable.put(Ljava/lang/Object;Ljava/lang/Object;)Ljava/lang/Object; @ 60
Event: 66.479 Thread 0x000001388f3fe000 Uncommon trap: reason=class_check action=maybe_recompile pc=0x0000013880771a90 method=java.util.Hashtable.put(Ljava/lang/Object;Ljava/lang/Object;)Ljava/lang/Object; @ 60
Event: 66.479 Thread 0x000001388f3fe000 Uncommon trap: reason=class_check action=maybe_recompile pc=0x0000013880771a90 method=java.util.Hashtable.put(Ljava/lang/Object;Ljava/lang/Object;)Ljava/lang/Object; @ 60
Event: 66.528 Thread 0x000001388f3fe000 Uncommon trap: reason=unstable_if action=reinterpret pc=0x00000138801a932c method=java.util.HashMap.putVal(ILjava/lang/Object;Ljava/lang/Object;ZZ)Ljava/lang/Object; @ 109
Event: 66.528 Thread 0x000001388f3fe000 Uncommon trap: reason=unstable_if action=reinterpret pc=0x0000013880408668 method=java.util.HashMap.resize()[Ljava/util/HashMap$Node; @ 206
Event: 66.530 Thread 0x000001388f3fe000 Uncommon trap: reason=unstable_if action=reinterpret pc=0x00000138801f3de8 method=java.awt.MultipleGradientPaintContext.indexIntoGradientsArrays(F)I @ 24

Classes redefined (10 events):
Event: 66.257 Thread 0x00000138fde66800 redefined class name=com.mysql.cj.protocol.a.ColumnDefinitionReader$1, count=1
Event: 66.272 Thread 0x00000138fde66800 redefined class name=com.mysql.cj.result.Field$1, count=1
Event: 66.289 Thread 0x00000138fde66800 redefined class name=com.mysql.cj.protocol.a.MysqlTextValueDecoder, count=1
Event: 66.303 Thread 0x00000138fde66800 redefined class name=com.mysql.cj.result.DefaultColumnDefinition$1, count=1
Event: 66.342 Thread 0x00000138fde66800 redefined class name=com.mysql.cj.jdbc.result.ResultSetImpl, count=1
Event: 66.369 Thread 0x00000138fde66800 redefined class name=java.sql.Statement, count=1
Event: 66.399 Thread 0x00000138fde66800 redefined class name=com.mysql.cj.jdbc.StatementImpl, count=1
Event: 66.415 Thread 0x00000138fde66800 redefined class name=com.mysql.cj.AbstractQuery, count=1
Event: 66.430 Thread 0x00000138fde66800 redefined class name=com.mysql.cj.Query$CancelStatus, count=1
Event: 66.447 Thread 0x00000138fde66800 redefined class name=com.mysql.cj.jdbc.EscapeProcessor, count=1

Internal exceptions (10 events):
Event: 9.754 Thread 0x000001388fc5b000 Exception <a 'java/lang/NoSuchMethodError': <clinit>> (0x00000000d6c56540) thrown at [C:\jenkins\workspace\8-2-build-windows-amd64-cygwin\jdk8u291\1294\hotspot\src\share\vm\prims\jni.cpp, line 1615]
Event: 9.755 Thread 0x000001388fc5b000 Exception <a 'java/lang/NoSuchMethodError': <clinit>> (0x00000000d6c57120) thrown at [C:\jenkins\workspace\8-2-build-windows-amd64-cygwin\jdk8u291\1294\hotspot\src\share\vm\prims\jni.cpp, line 1615]
Event: 9.774 Thread 0x000001388fc5b000 Exception <a 'java/lang/reflect/InvocationTargetException'> (0x00000000d6c8bb90) thrown at [C:\jenkins\workspace\8-2-build-windows-amd64-cygwin\jdk8u291\1294\hotspot\src\share\vm\runtime\reflection.cpp, line 1092]
Event: 9.774 Thread 0x000001388fc5b000 Exception <a 'java/lang/reflect/InvocationTargetException'> (0x00000000d6c8cc48) thrown at [C:\jenkins\workspace\8-2-build-windows-amd64-cygwin\jdk8u291\1294\hotspot\src\share\vm\runtime\reflection.cpp, line 1092]
Event: 9.776 Thread 0x000001388fc5b000 Exception <a 'java/lang/NoSuchMethodError': <clinit>> (0x00000000d6caf928) thrown at [C:\jenkins\workspace\8-2-build-windows-amd64-cygwin\jdk8u291\1294\hotspot\src\share\vm\prims\jni.cpp, line 1615]
Event: 10.799 Thread 0x000001388fc5b000 Exception <a 'java/lang/NoSuchMethodError': <clinit>> (0x00000000d6cfb4c8) thrown at [C:\jenkins\workspace\8-2-build-windows-amd64-cygwin\jdk8u291\1294\hotspot\src\share\vm\prims\jni.cpp, line 1615]
Event: 10.811 Thread 0x000001388fc5b000 Exception <a 'java/lang/NoSuchMethodError': <clinit>> (0x00000000d6d2e080) thrown at [C:\jenkins\workspace\8-2-build-windows-amd64-cygwin\jdk8u291\1294\hotspot\src\share\vm\prims\jni.cpp, line 1615]
Event: 22.018 Thread 0x000001388fc56800 Exception <a 'java/lang/ClassNotFoundException': com/sun/tools/attach/VirtualMachine> (0x00000000d7097fc8) thrown at [C:\jenkins\workspace\8-2-build-windows-amd64-cygwin\jdk8u291\1294\hotspot\src\share\vm\classfile\systemDictionary.cpp, line 212]
Event: 60.933 Thread 0x000001388f3fe000 Exception <a 'sun/nio/fs/WindowsException'> (0x00000000d6515000) thrown at [C:\jenkins\workspace\8-2-build-windows-amd64-cygwin\jdk8u291\1294\hotspot\src\share\vm\prims\jni.cpp, line 710]
Event: 61.398 Thread 0x000001388f3fe000 Implicit null exception at 0x00000138805f94bd to 0x00000138805f96a6

Events (10 events):
Event: 67.005 Executing VM operation: RevokeBias
Event: 67.005 Executing VM operation: RevokeBias done
Event: 67.005 Executing VM operation: RevokeBias
Event: 67.005 Executing VM operation: RevokeBias done
Event: 67.005 Executing VM operation: RevokeBias
Event: 67.005 Executing VM operation: RevokeBias done
Event: 67.005 Executing VM operation: RevokeBias
Event: 67.005 Executing VM operation: RevokeBias done
Event: 67.147 loading class org/netbeans/lib/profiler/wireprotocol/GetMethodNamesForJMethodIdsCommand
Event: 67.147 loading class org/netbeans/lib/profiler/wireprotocol/GetMethodNamesForJMethodIdsCommand done


Dynamic libraries:
0x00007ff6fdd00000 - 0x00007ff6fdd47000 	C:\Program Files\Java\jdk1.8.0_291\bin\java.exe
0x00007ffef6190000 - 0x00007ffef6385000 	C:\WINDOWS\SYSTEM32\ntdll.dll
0x00007ffef6090000 - 0x00007ffef614e000 	C:\WINDOWS\System32\KERNEL32.DLL
0x00007ffef3e00000 - 0x00007ffef40c9000 	C:\WINDOWS\System32\KERNELBASE.dll
0x00007ffef46c0000 - 0x00007ffef476c000 	C:\WINDOWS\System32\ADVAPI32.dll
0x00007ffef5860000 - 0x00007ffef58fe000 	C:\WINDOWS\System32\msvcrt.dll
0x00007ffef5aa0000 - 0x00007ffef5b3b000 	C:\WINDOWS\System32\sechost.dll
0x00007ffef4dc0000 - 0x00007ffef4eea000 	C:\WINDOWS\System32\RPCRT4.dll
0x00007ffef5650000 - 0x00007ffef57f1000 	C:\WINDOWS\System32\USER32.dll
0x00007ffef3950000 - 0x00007ffef3972000 	C:\WINDOWS\System32\win32u.dll
0x00007ffef5bf0000 - 0x00007ffef5c1b000 	C:\WINDOWS\System32\GDI32.dll
0x00007ffef40d0000 - 0x00007ffef41db000 	C:\WINDOWS\System32\gdi32full.dll
0x00007ffef38b0000 - 0x00007ffef394d000 	C:\WINDOWS\System32\msvcp_win.dll
0x00007ffef3a10000 - 0x00007ffef3b10000 	C:\WINDOWS\System32\ucrtbase.dll
0x00007ffeeba70000 - 0x00007ffeebd0a000 	C:\WINDOWS\WinSxS\amd64_microsoft.windows.common-controls_6595b64144ccf1df_6.0.19041.1110_none_60b5254171f9507e\COMCTL32.dll
0x00007ffef5c80000 - 0x00007ffef5cb0000 	C:\WINDOWS\System32\IMM32.DLL
0x00007ffec8220000 - 0x00007ffec8235000 	C:\Program Files\Java\jdk1.8.0_291\jre\bin\vcruntime140.dll
0x00007ffeb7430000 - 0x00007ffeb74cb000 	C:\Program Files\Java\jdk1.8.0_291\jre\bin\msvcp140.dll
0x0000000069620000 - 0x0000000069e80000 	C:\Program Files\Java\jdk1.8.0_291\jre\bin\server\jvm.dll
0x00007ffef5e60000 - 0x00007ffef5e68000 	C:\WINDOWS\System32\PSAPI.DLL
0x00007ffedddf0000 - 0x00007ffedde17000 	C:\WINDOWS\SYSTEM32\WINMM.dll
0x00007ffedc0e0000 - 0x00007ffedc0e9000 	C:\WINDOWS\SYSTEM32\WSOCK32.dll
0x00007ffeec680000 - 0x00007ffeec68a000 	C:\WINDOWS\SYSTEM32\VERSION.dll
0x00007ffef5980000 - 0x00007ffef59eb000 	C:\WINDOWS\System32\WS2_32.dll
0x00007ffef17d0000 - 0x00007ffef17e2000 	C:\WINDOWS\SYSTEM32\kernel.appcore.dll
0x00007ffedc0d0000 - 0x00007ffedc0e0000 	C:\Program Files\Java\jdk1.8.0_291\jre\bin\verify.dll
0x00007ffebe8d0000 - 0x00007ffebe8fb000 	C:\Program Files\Java\jdk1.8.0_291\jre\bin\java.dll
0x00007ffeeea40000 - 0x00007ffeeea4f000 	C:\Program Files\NetBeans-12.0\netbeans\profiler\lib\deployed\jdk16\windows-amd64\profilerinterface.dll
0x00007ffec2520000 - 0x00007ffec2538000 	C:\Program Files\Java\jdk1.8.0_291\jre\bin\zip.dll
0x00007ffef4ef0000 - 0x00007ffef562f000 	C:\WINDOWS\System32\SHELL32.dll
0x00007ffef19d0000 - 0x00007ffef2160000 	C:\WINDOWS\SYSTEM32\windows.storage.dll
0x00007ffef4920000 - 0x00007ffef4c75000 	C:\WINDOWS\System32\combase.dll
0x00007ffef3300000 - 0x00007ffef332c000 	C:\WINDOWS\SYSTEM32\Wldp.dll
0x00007ffef59f0000 - 0x00007ffef5a9d000 	C:\WINDOWS\System32\SHCORE.dll
0x00007ffef5c20000 - 0x00007ffef5c75000 	C:\WINDOWS\System32\shlwapi.dll
0x00007ffef37f0000 - 0x00007ffef380f000 	C:\WINDOWS\SYSTEM32\profapi.dll
0x00007ffebc6a0000 - 0x00007ffebc6bc000 	C:\Program Files\Java\jdk1.8.0_291\jre\bin\net.dll
0x00007ffef3060000 - 0x00007ffef30ca000 	C:\WINDOWS\system32\mswsock.dll
0x00007ffeeebb0000 - 0x00007ffeeebbd000 	C:\Program Files\Java\jdk1.8.0_291\jre\bin\management.dll
0x00007ffebc680000 - 0x00007ffebc693000 	C:\Program Files\Java\jdk1.8.0_291\jre\bin\nio.dll
0x00007ffef3250000 - 0x00007ffef3268000 	C:\WINDOWS\SYSTEM32\CRYPTSP.dll
0x00007ffef2970000 - 0x00007ffef29a4000 	C:\WINDOWS\system32\rsaenh.dll
0x00007ffef3dd0000 - 0x00007ffef3df7000 	C:\WINDOWS\System32\bcrypt.dll
0x00007ffef37b0000 - 0x00007ffef37de000 	C:\WINDOWS\SYSTEM32\USERENV.dll
0x00007ffef3980000 - 0x00007ffef3a03000 	C:\WINDOWS\System32\bcryptprimitives.dll
0x00007ffef3270000 - 0x00007ffef327c000 	C:\WINDOWS\SYSTEM32\CRYPTBASE.dll
0x00007ffef2d00000 - 0x00007ffef2d3b000 	C:\WINDOWS\SYSTEM32\IPHLPAPI.DLL
0x00007ffef4c80000 - 0x00007ffef4c88000 	C:\WINDOWS\System32\NSI.dll
0x00007ffeed6e0000 - 0x00007ffeed6f7000 	C:\WINDOWS\SYSTEM32\dhcpcsvc6.DLL
0x00007ffeede10000 - 0x00007ffeede2d000 	C:\WINDOWS\SYSTEM32\dhcpcsvc.DLL
0x00007ffef2d40000 - 0x00007ffef2e0c000 	C:\WINDOWS\SYSTEM32\DNSAPI.dll
0x00007ffe839f0000 - 0x00007ffe83b85000 	C:\Program Files\Java\jdk1.8.0_291\jre\bin\awt.dll
0x00007ffef4850000 - 0x00007ffef491d000 	C:\WINDOWS\System32\OLEAUT32.dll
0x00007ffef0c70000 - 0x00007ffef0d00000 	C:\WINDOWS\SYSTEM32\apphelp.dll
0x00007ffef12f0000 - 0x00007ffef138e000 	C:\WINDOWS\system32\uxtheme.dll
0x00007ffef5f70000 - 0x00007ffef6085000 	C:\WINDOWS\System32\MSCTF.dll
0x00007ffef4c90000 - 0x00007ffef4dba000 	C:\WINDOWS\System32\ole32.dll
0x00007ffef14e0000 - 0x00007ffef150f000 	C:\WINDOWS\system32\DWMAPI.DLL
0x00007ffeb73e0000 - 0x00007ffeb7429000 	C:\Program Files\Java\jdk1.8.0_291\jre\bin\fontmanager.dll
0x00007ffec36e0000 - 0x00007ffec3805000 	C:\WINDOWS\system32\opengl32.dll
0x00007ffecfe70000 - 0x00007ffecfe9c000 	C:\WINDOWS\SYSTEM32\GLU32.dll
0x00007ffec3810000 - 0x00007ffec39de000 	C:\WINDOWS\system32\d3d9.dll
0x00007ffed4680000 - 0x00007ffed485b000 	C:\WINDOWS\System32\DriverStore\FileRepository\u0360470.inf_amd64_35c64671e7fac064\B360357\aticfx64.dll
0x00007ffec3300000 - 0x00007ffec3333000 	C:\WINDOWS\System32\DriverStore\FileRepository\u0360470.inf_amd64_35c64671e7fac064\B360357\atiu9p64.dll
0x00007ffea39e0000 - 0x00007ffea4676000 	C:\WINDOWS\System32\DriverStore\FileRepository\u0360470.inf_amd64_35c64671e7fac064\B360357\atiumd64.dll
0x00007ffeeccf0000 - 0x00007ffeeced4000 	C:\WINDOWS\SYSTEM32\dbghelp.dll
0x00007ffeeaf90000 - 0x00007ffeeafbc000 	C:\WINDOWS\SYSTEM32\dbgcore.DLL
0x0000000069f10000 - 0x000000006ad89000 	C:\WINDOWS\System32\DriverStore\FileRepository\u0360470.inf_amd64_35c64671e7fac064\B360357\atiumd6a.dll
0x00007ffef2e70000 - 0x00007ffef2ebb000 	C:\WINDOWS\SYSTEM32\POWRPROF.dll
0x00007ffef2ce0000 - 0x00007ffef2cf2000 	C:\WINDOWS\SYSTEM32\UMPDC.dll
0x00007ffed4c80000 - 0x00007ffed4caf000 	C:\WINDOWS\SYSTEM32\amdihk64.dll
0x00007ffeeebc0000 - 0x00007ffeeebfb000 	C:\WINDOWS\SYSTEM32\dxcore.dll
0x00007ffef3b10000 - 0x00007ffef3b5e000 	C:\WINDOWS\System32\cfgmgr32.dll
0x00007ffef5b40000 - 0x00007ffef5be9000 	C:\WINDOWS\System32\clbcatq.dll
0x00007ffef1090000 - 0x00007ffef1244000 	C:\WINDOWS\SYSTEM32\WindowsCodecs.dll
0x00007ffed56d0000 - 0x00007ffed570e000 	C:\WINDOWS\system32\dataexchange.dll
0x00007ffeef600000 - 0x00007ffeef7e5000 	C:\WINDOWS\system32\dcomp.dll
0x00007ffeeef30000 - 0x00007ffeef194000 	C:\WINDOWS\system32\d3d11.dll
0x00007ffef21d0000 - 0x00007ffef22c4000 	C:\WINDOWS\system32\dxgi.dll
0x00007ffeee3d0000 - 0x00007ffeee5d1000 	C:\WINDOWS\system32\twinapi.appcore.dll
0x00007ffeb7390000 - 0x00007ffeb73d3000 	C:\Program Files\Java\jdk1.8.0_291\jre\bin\t2k.dll
0x00007ffed7250000 - 0x00007ffed7349000 	C:\WINDOWS\SYSTEM32\textinputframework.dll
0x00007ffef0b70000 - 0x00007ffef0c62000 	C:\WINDOWS\System32\CoreMessaging.dll
0x00007ffef0810000 - 0x00007ffef0b6e000 	C:\WINDOWS\System32\CoreUIComponents.dll
0x00007ffef25a0000 - 0x00007ffef25d3000 	C:\WINDOWS\SYSTEM32\ntmarta.dll
0x00007ffef0600000 - 0x00007ffef0754000 	C:\WINDOWS\SYSTEM32\wintypes.dll
0x00007ffeeeb80000 - 0x00007ffeeebaa000 	C:\Program Files\Java\jdk1.8.0_291\jre\bin\dcpr.dll
0x00007ffeec320000 - 0x00007ffeec32a000 	C:\Windows\System32\rasadhlp.dll
0x00007ffeeb620000 - 0x00007ffeeb69f000 	C:\WINDOWS\System32\fwpuclnt.dll
0x00007ffed8aa0000 - 0x00007ffed8ab7000 	C:\WINDOWS\system32\napinsp.dll
0x00007ffed6f30000 - 0x00007ffed6f4b000 	C:\WINDOWS\system32\pnrpnsp.dll
0x00007ffed6eb0000 - 0x00007ffed6ec5000 	C:\WINDOWS\system32\wshbth.dll
0x00007ffeee160000 - 0x00007ffeee17d000 	C:\WINDOWS\system32\NLAapi.dll
0x00007ffed6bb0000 - 0x00007ffed6bc2000 	C:\WINDOWS\System32\winrnr.dll
0x00007ffeee970000 - 0x00007ffeee979000 	C:\Program Files\Java\jdk1.8.0_291\jre\bin\attach.dll
0x00007ffeeea10000 - 0x00007ffeeea34000 	C:\Program Files\Java\jdk1.8.0_291\jre\bin\sunec.dll
0x00007ffeeea00000 - 0x00007ffeeea0d000 	C:\Program Files\Java\jdk1.8.0_291\jre\bin\sunmscapi.dll
0x00007ffef3c10000 - 0x00007ffef3d66000 	C:\WINDOWS\System32\CRYPT32.dll
0x00007ffef3370000 - 0x00007ffef3397000 	C:\WINDOWS\SYSTEM32\ncrypt.dll
0x00007ffef3330000 - 0x00007ffef336b000 	C:\WINDOWS\SYSTEM32\NTASN1.dll

VM Arguments:
jvm_args: -Dfile.encoding=UTF-8 -agentpath:C:/Program Files/NetBeans-12.0/netbeans/profiler/lib/deployed/jdk16/windows-amd64/profilerinterface.dll=C:\Program Files\NetBeans-12.0\netbeans\profiler\lib,5140,10 -XX:+HeapDumpOnOutOfMemoryError -XX:HeapDumpPath=C:\Users\Nicholas\OneDrive\Documents\NetBeansProjects\JavaGUI\nbproject\private\profiler 
java_command: LoginScreen
java_class_path (initial): C:\Users\Nicholas\Downloads\jdatepicker-1.3.4.jar;C:\Users\Nicholas\Downloads\jcalendar-1.4.jar\jcalendar-1.4.jar;C:\Users\Nicholas\Downloads\mysql-connector-java-8.0.26\mysql-connector-java-8.0.26\mysql-connector-java-8.0.26.jar;C:\Users\Nicholas\OneDrive\Documents\NetBeansProjects\JavaGUI\build\classes
Launcher Type: SUN_STANDARD

Environment Variables:
PATH=C:\Program Files\Java\jdk1.8.0_291\bin;C:\Program Files (x86)\Common Files\Oracle\Java\javapath;C:\WINDOWS\system32;C:\WINDOWS;C:\WINDOWS\System32\Wbem;C:\WINDOWS\System32\WindowsPowerShell\v1.0\;C:\WINDOWS\System32\OpenSSH\;C:\Program Files\Microsoft SQL Server\130\Tools\Binn\;C:\Program Files\Microsoft SQL Server\Client SDK\ODBC\170\Tools\Binn\;C:\Program Files (x86)\Microsoft SQL Server\150\Tools\Binn\;C:\Program Files\Microsoft SQL Server\150\Tools\Binn\;C:\Program Files\Microsoft SQL Server\150\DTS\Binn\;C:\Program Files (x86)\Microsoft SQL Server\150\DTS\Binn\;C:\Program Files\Azure Data Studio\bin;C:\Program Files\Git\cmd;C:\Program Files\MySQL\MySQL Server 8.0\bin;C:\Program Files\dotnet\;C:\Users\Nicholas\AppData\Local\Microsoft\WindowsApps;C:\Users\Nicholas\AppData\Local\Programs\Microsoft VS Code\bin;C:\Users\Nicholas\AppData\Local\atom\bin;C:\Program Files\Azure Data Studio\bin;C:\Program Files\JetBrains\IntelliJ IDEA Community Edition 2021.1.3\bin;;C:\Users\Nicholas\AppData\Local\GitHubDesktop\bin;C:\Users\Nicholas\.dotnet\tools
USERNAME=Nicholas
OS=Windows_NT
PROCESSOR_IDENTIFIER=AMD64 Family 23 Model 8 Stepping 2, AuthenticAMD



---------------  S Y S T E M  ---------------

OS: Windows 10.0 , 64 bit Build 19041 (10.0.19041.1202)

CPU:total 12 (initial active 12) (12 cores per cpu, 1 threads per core) family 23 model 8 stepping 2, cmov, cx8, fxsr, mmx, sse, sse2, sse3, ssse3, sse4.1, sse4.2, popcnt, avx, avx2, aes, clmul, mmxext, 3dnowpref, lzcnt, sse4a, tsc, tscinvbit, tscinv, bmi1

Memory: 4k page, physical 8338492k(2180576k free), swap 22207996k(6287332k free)

vm_info: Java HotSpot(TM) 64-Bit Server VM (25.291-b10) for windows-amd64 JRE (1.8.0_291-b10), built on Apr  9 2021 00:02:00 by "java_re" with MS VC++ 15.9 (VS2017)

time: Sun Oct 24 09:11:40 2021
timezone: AUS Eastern Summer Time
elapsed time: 67.166432 seconds (0d 0h 1m 7s)

