#
# A fatal error has been detected by the Java Runtime Environment:
#
#  EXCEPTION_ACCESS_VIOLATION (0xc0000005) at pc=0x00000000697526cb, pid=19080, tid=0x0000000000001a8c
#
# JRE version: Java(TM) SE Runtime Environment (8.0_291-b10) (build 1.8.0_291-b10)
# Java VM: Java HotSpot(TM) 64-Bit Server VM (25.291-b10 mixed mode windows-amd64 compressed oops)
# Problematic frame:
# V  [jvm.dll+0x1326cb]
#
# Failed to write core dump. Minidumps are not enabled by default on client versions of Windows
#
# If you would like to submit a bug report, please visit:
#   http://bugreport.java.com/bugreport/crash.jsp
#

---------------  T H R E A D  ---------------

Current thread (0x000001a6a75bc800):  JavaThread "*** Profiler Agent Communication Thread" daemon [_thread_in_vm, id=6796, stack(0x0000007fdb200000,0x0000007fdb300000)]

siginfo: ExceptionCode=0xc0000005, reading address 0xffffffffaabdf6c8

Registers:
RAX=0x0000007fdb2ff101, RBX=0x000001a6a75bc800, RCX=0xffffffffaabdf6c8, RDX=0x000001a6a75bc800
RSP=0x0000007fdb2ff0b0, RBP=0xffffffffaabdf6c8, RSI=0x000001a69127b3a0, RDI=0x0000007fdb2ff1d0
R8 =0x0000007fdb2ff1d0, R9 =0x00000000000001e5, R10=0x0000000000000000, R11=0x0000007fdb2fec01
R12=0x000001a6b2b7cbb0, R13=0x0000000000000107, R14=0x00007ffeee8d9c68, R15=0x00007ffeee8d9a60
RIP=0x00000000697526cb, EFLAGS=0x0000000000010282

Top of Stack: (sp=0x0000007fdb2ff0b0)
0x0000007fdb2ff0b0:   00000003db2ff1a0 000000006977e8b3
0x0000007fdb2ff0c0:   000001a6a75bc800 0000007fdb2ff278
0x0000007fdb2ff0d0:   000001a6a75bc800 000000006995e51d
0x0000007fdb2ff0e0:   0000000000002918 000001a6a75bc800
0x0000007fdb2ff0f0:   000001a6a75bca00 00007ffef5879d40
0x0000007fdb2ff100:   000001a6a75bc800 0000000000000000
0x0000007fdb2ff110:   000001a600000000 0000000000000000
0x0000007fdb2ff120:   ffffffffaabdf6c8 00007ffeee8d34da
0x0000007fdb2ff130:   0000000000000000 000001a6a75bca00
0x0000007fdb2ff140:   000001a6a6ef05c8 0000000000000039
0x0000007fdb2ff150:   000001a6b2b7cbb0 000001a6a75b2190
0x0000007fdb2ff160:   000001a6a7076700 000001a6a75bc800
0x0000007fdb2ff170:   000001a6a7076700 000001a6a75bc800
0x0000007fdb2ff180:   000001a692c87dc0 000001a6a6ef05c8
0x0000007fdb2ff190:   000001a6a75bc800 000001a6a7076700
0x0000007fdb2ff1a0:   0000000000000000 000001a692c87dc0 

Instructions: (pc=0x00000000697526cb)
0x00000000697526ab:   cc cc cc cc cc 48 89 11 c3 cc cc cc cc cc cc cc
0x00000000697526bb:   cc cc cc cc cc 40 53 48 83 ec 20 48 85 c9 74 24
0x00000000697526cb:   48 8b 19 48 85 db 74 1c 48 83 fb 37 74 16 48 8b
0x00000000697526db:   13 48 8b cb ff 52 10 84 c0 74 09 48 8b c3 48 83 


Register to memory mapping:

RAX=0x0000007fdb2ff101 is pointing into the stack for thread: 0x000001a6a75bc800
RBX=0x000001a6a75bc800 is a thread
RCX=0xffffffffaabdf6c8 is an unknown value
RDX=0x000001a6a75bc800 is a thread
RSP=0x0000007fdb2ff0b0 is pointing into the stack for thread: 0x000001a6a75bc800
RBP=0xffffffffaabdf6c8 is an unknown value
RSI=0x000001a69127b3a0 is an unknown value
RDI=0x0000007fdb2ff1d0 is pointing into the stack for thread: 0x000001a6a75bc800
R8 =0x0000007fdb2ff1d0 is pointing into the stack for thread: 0x000001a6a75bc800
R9 =0x00000000000001e5 is an unknown value
R10=0x0000000000000000 is an unknown value
R11=0x0000007fdb2fec01 is pointing into the stack for thread: 0x000001a6a75bc800
R12=0x000001a6b2b7cbb0 is an unknown value
R13=0x0000000000000107 is an unknown value
R14=0x00007ffeee8d9c68 is an unknown value
R15=0x00007ffeee8d9a60 is an unknown value


Stack: [0x0000007fdb200000,0x0000007fdb300000],  sp=0x0000007fdb2ff0b0,  free space=1020k
Native frames: (J=compiled Java code, j=interpreted, Vv=VM code, C=native code)
V  [jvm.dll+0x1326cb]
V  [jvm.dll+0x33e51d]
C  [profilerinterface.dll+0x34da]
C  0x000001a692c9990e

Java frames: (J=compiled Java code, j=interpreted, Vv=VM code)
j  org.netbeans.lib.profiler.server.system.Stacks.getMethodNamesForJMethodIds(I[I[I)[B+0
j  org.netbeans.lib.profiler.server.ProfilerInterface.getMethodNamesForJMethodIds([I)Lorg/netbeans/lib/profiler/wireprotocol/MethodNamesResponse;+20
j  org.netbeans.lib.profiler.server.ProfilerServer.handleClientCommand(Lorg/netbeans/lib/profiler/wireprotocol/Command;)V+691
j  org.netbeans.lib.profiler.server.ProfilerServer.listenToClient()V+48
j  org.netbeans.lib.profiler.server.ProfilerServer.run()V+22
v  ~StubRoutines::call_stub

---------------  P R O C E S S  ---------------

Java Threads: ( => current thread )
  0x000001a6b1824000 JavaThread "TimerQueue" daemon [_thread_blocked, id=16624, stack(0x0000007fdd300000,0x0000007fdd400000)]
  0x000001a6b1b0c800 JavaThread "D3D Screen Updater" daemon [_thread_blocked, id=15064, stack(0x0000007fdd200000,0x0000007fdd300000)]
  0x000001a691285000 JavaThread "DestroyJavaVM" [_thread_blocked, id=10712, stack(0x0000007fda200000,0x0000007fda300000)]
  0x000001a6aab71800 JavaThread "AWT-EventQueue-0" [_thread_blocked, id=6960, stack(0x0000007fdbf00000,0x0000007fdc000000)]
  0x000001a6aabc6000 JavaThread "AWT-Windows" daemon [_thread_in_native, id=9076, stack(0x0000007fdbe00000,0x0000007fdbf00000)]
  0x000001a6aabb8000 JavaThread "AWT-Shutdown" [_thread_blocked, id=620, stack(0x0000007fdbd00000,0x0000007fdbe00000)]
  0x000001a6aabb7800 JavaThread "Java2D Disposer" daemon [_thread_blocked, id=552, stack(0x0000007fdbc00000,0x0000007fdbd00000)]
  0x000001a6a9e91000 JavaThread "Service Thread" daemon [_thread_blocked, id=8972, stack(0x0000007fdba00000,0x0000007fdbb00000)]
  0x000001a6a75b9000 JavaThread "C1 CompilerThread3" daemon [_thread_blocked, id=11432, stack(0x0000007fdb900000,0x0000007fdba00000)]
  0x000001a6a9cce000 JavaThread "C2 CompilerThread2" daemon [_thread_blocked, id=9524, stack(0x0000007fdb800000,0x0000007fdb900000)]
  0x000001a6a9ccd000 JavaThread "C2 CompilerThread1" daemon [_thread_blocked, id=7140, stack(0x0000007fdb700000,0x0000007fdb800000)]
  0x000001a6a9ccc800 JavaThread "C2 CompilerThread0" daemon [_thread_blocked, id=18636, stack(0x0000007fdb500000,0x0000007fdb600000)]
  0x000001a6a9ccb800 JavaThread "*** Profiler Agent Special Execution Thread 10" daemon [_thread_blocked, id=13488, stack(0x0000007fdb600000,0x0000007fdb700000)]
  0x000001a6a9c03000 JavaThread "*** Profiler Agent Special Execution Thread 6" daemon [_thread_blocked, id=17436, stack(0x0000007fdb400000,0x0000007fdb500000)]
  0x000001a6a9c02800 JavaThread "*** JFluid Monitor thread ***" daemon [_thread_blocked, id=12204, stack(0x0000007fdb300000,0x0000007fdb400000)]
=>0x000001a6a75bc800 JavaThread "*** Profiler Agent Communication Thread" daemon [_thread_in_vm, id=6796, stack(0x0000007fdb200000,0x0000007fdb300000)]
  0x000001a6a7586000 JavaThread "Attach Listener" daemon [_thread_blocked, id=1956, stack(0x0000007fdb100000,0x0000007fdb200000)]
  0x000001a6a7585800 JavaThread "Signal Dispatcher" daemon [_thread_blocked, id=2520, stack(0x0000007fdb000000,0x0000007fdb100000)]
  0x000001a6a755c800 JavaThread "Finalizer" daemon [_thread_blocked, id=17080, stack(0x0000007fdaf00000,0x0000007fdb000000)]
  0x000001a6a7558800 JavaThread "Reference Handler" daemon [_thread_blocked, id=18644, stack(0x0000007fdae00000,0x0000007fdaf00000)]

Other Threads:
  0x000001a6a752d000 VMThread [stack: 0x0000007fdad00000,0x0000007fdae00000] [id=16700]
  0x000001a6a9e3c800 WatcherThread [stack: 0x0000007fdbb00000,0x0000007fdbc00000] [id=8424]

VM state:synchronizing (normal execution)

VM Mutex/Monitor currently owned by a thread:  ([mutex/lock_event])
[0x000001a69127fe20] Threads_lock - owner thread: 0x000001a6a752d000

heap address: 0x0000000080c00000, size: 2036 MB, Compressed Oops mode: 32-bit
Narrow klass base: 0x0000000000000000, Narrow klass shift: 3
Compressed class space size: 1073741824 Address: 0x0000000100000000

Heap:
 PSYoungGen      total 38400K, used 15817K [0x00000000d5980000, 0x00000000d8400000, 0x0000000100000000)
  eden space 33280K, 47% used [0x00000000d5980000,0x00000000d68f26f0,0x00000000d7a00000)
  from space 5120K, 0% used [0x00000000d7f00000,0x00000000d7f00000,0x00000000d8400000)
  to   space 5120K, 0% used [0x00000000d7a00000,0x00000000d7a00000,0x00000000d7f00000)
 ParOldGen       total 87552K, used 0K [0x0000000080c00000, 0x0000000086180000, 0x00000000d5980000)
  object space 87552K, 0% used [0x0000000080c00000,0x0000000080c00000,0x0000000086180000)
 Metaspace       used 15127K, capacity 15308K, committed 15616K, reserved 1062912K
  class space    used 1935K, capacity 2029K, committed 2048K, reserved 1048576K

Card table byte_map: [0x000001a6a2040000,0x000001a6a2440000] byte_map_base: 0x000001a6a1c3a000

Marking Bits: (ParMarkBitMap*) 0x0000000069e07fe0
 Begin Bits: [0x000001a6a26f0000, 0x000001a6a46c0000)
 End Bits:   [0x000001a6a46c0000, 0x000001a6a6690000)

Polling page: 0x000001a6914a0000

CodeCache: size=245760Kb used=2234Kb max_used=2234Kb free=243525Kb
 bounds [0x000001a692c80000, 0x000001a692ef0000, 0x000001a6a1c80000]
 total_blobs=1079 nmethods=531 adapters=462
 compilation: enabled

Compilation events (10 events):
Event: 1.588 Thread 0x000001a6a75b9000 nmethod 525 0x000001a692eadc90 code [0x000001a692eadde0, 0x000001a692eadf38]
Event: 1.773 Thread 0x000001a6a75b9000  526       3       java.util.Arrays::equals (54 bytes)
Event: 1.773 Thread 0x000001a6a75b9000 nmethod 526 0x000001a692eadfd0 code [0x000001a692eae140, 0x000001a692eae4b8]
Event: 1.857 Thread 0x000001a6a75b9000  527       3       org.netbeans.lib.profiler.server.ProfilerRuntimeSampler$Sampling::writeThreadInfoNoChange (86 bytes)
Event: 1.858 Thread 0x000001a6a75b9000 nmethod 527 0x000001a692eae5d0 code [0x000001a692eae760, 0x000001a692eaeb30]
Event: 2.005 Thread 0x000001a6a75b9000  528       3       java.lang.ThreadLocal::getMap (5 bytes)
Event: 2.005 Thread 0x000001a6a75b9000 nmethod 528 0x000001a692eaed10 code [0x000001a692eaee60, 0x000001a692eaefb8]
Event: 2.026 Thread 0x000001a6a75b9000  529       1       java.lang.ThreadLocal::access$400 (5 bytes)
Event: 2.026 Thread 0x000001a6a75b9000 nmethod 529 0x000001a692eaf050 code [0x000001a692eaf1a0, 0x000001a692eaf298]
Event: 2.029 Thread 0x000001a6a75b9000  530       3       java.io.Bits::getInt (43 bytes)

GC Heap History (0 events):
No events

Deoptimization events (3 events):
Event: 1.390 Thread 0x000001a6aab71800 Uncommon trap: reason=unstable_if action=reinterpret pc=0x000001a692e1f3d0 method=java.lang.AbstractStringBuilder.append(Ljava/lang/String;)Ljava/lang/AbstractStringBuilder; @ 1
Event: 1.391 Thread 0x000001a6aab71800 Uncommon trap: reason=unstable_if action=reinterpret pc=0x000001a692e22dec method=java.lang.AbstractStringBuilder.append(Ljava/lang/String;)Ljava/lang/AbstractStringBuilder; @ 1
Event: 1.414 Thread 0x000001a6aab71800 Uncommon trap: reason=unstable_if action=reinterpret pc=0x000001a692e2f200 method=java.util.HashMap.getNode(ILjava/lang/Object;)Ljava/util/HashMap$Node; @ 84

Classes redefined (0 events):
No events

Internal exceptions (10 events):
Event: 1.287 Thread 0x000001a691285000 Exception <a 'java/lang/ClassNotFoundException': javax/swing/JToolBarSeparator> (0x00000000d648c938) thrown at [C:\jenkins\workspace\8-2-build-windows-amd64-cygwin\jdk8u291\1294\hotspot\src\share\vm\classfile\systemDictionary.cpp, line 212]
Event: 1.287 Thread 0x000001a691285000 Exception <a 'java/lang/ClassNotFoundException': ToolBarSeparator> (0x00000000d648cdd0) thrown at [C:\jenkins\workspace\8-2-build-windows-amd64-cygwin\jdk8u291\1294\hotspot\src\share\vm\classfile\systemDictionary.cpp, line 212]
Event: 1.287 Thread 0x000001a691285000 Exception <a 'java/lang/ClassNotFoundException': ToolTip> (0x00000000d648d510) thrown at [C:\jenkins\workspace\8-2-build-windows-amd64-cygwin\jdk8u291\1294\hotspot\src\share\vm\classfile\systemDictionary.cpp, line 212]
Event: 1.288 Thread 0x000001a691285000 Exception <a 'java/lang/ClassNotFoundException': Tree> (0x00000000d648e130) thrown at [C:\jenkins\workspace\8-2-build-windows-amd64-cygwin\jdk8u291\1294\hotspot\src\share\vm\classfile\systemDictionary.cpp, line 212]
Event: 1.288 Thread 0x000001a691285000 Exception <a 'java/lang/ClassNotFoundException': Tree> (0x00000000d648e870) thrown at [C:\jenkins\workspace\8-2-build-windows-amd64-cygwin\jdk8u291\1294\hotspot\src\share\vm\classfile\systemDictionary.cpp, line 212]
Event: 1.288 Thread 0x000001a691285000 Exception <a 'java/lang/ClassNotFoundException': javax/swing/JTreeCell> (0x00000000d648ebf0) thrown at [C:\jenkins\workspace\8-2-build-windows-amd64-cygwin\jdk8u291\1294\hotspot\src\share\vm\classfile\systemDictionary.cpp, line 212]
Event: 1.288 Thread 0x000001a691285000 Exception <a 'java/lang/ClassNotFoundException': TreeCell> (0x00000000d648f078) thrown at [C:\jenkins\workspace\8-2-build-windows-amd64-cygwin\jdk8u291\1294\hotspot\src\share\vm\classfile\systemDictionary.cpp, line 212]
Event: 1.289 Thread 0x000001a691285000 Exception <a 'java/lang/ClassNotFoundException': RootPane> (0x00000000d648fad8) thrown at [C:\jenkins\workspace\8-2-build-windows-amd64-cygwin\jdk8u291\1294\hotspot\src\share\vm\classfile\systemDictionary.cpp, line 212]
Event: 1.390 Thread 0x000001a6aab71800 Implicit null exception at 0x000001a692e1f019 to 0x000001a692e1f3b9
Event: 1.391 Thread 0x000001a6aab71800 Implicit null exception at 0x000001a692e22a19 to 0x000001a692e22dd5

Events (10 events):
Event: 2.004 Executing VM operation: GetAllStackTraces
Event: 2.005 Executing VM operation: GetAllStackTraces done
Event: 2.005 loading class org/netbeans/lib/profiler/wireprotocol/EventBufferDumpedCommand
Event: 2.005 loading class org/netbeans/lib/profiler/wireprotocol/EventBufferDumpedCommand done
Event: 2.020 Executing VM operation: GetAllStackTraces
Event: 2.020 Executing VM operation: GetAllStackTraces done
Event: 2.026 loading class org/netbeans/lib/profiler/wireprotocol/DumpResultsResponse
Event: 2.026 loading class org/netbeans/lib/profiler/wireprotocol/DumpResultsResponse done
Event: 2.028 loading class org/netbeans/lib/profiler/wireprotocol/GetMethodNamesForJMethodIdsCommand
Event: 2.028 loading class org/netbeans/lib/profiler/wireprotocol/GetMethodNamesForJMethodIdsCommand done


Dynamic libraries:
0x00007ff6fdd00000 - 0x00007ff6fdd47000 	C:\Program Files\Java\jdk1.8.0_291\bin\java.exe
0x00007ffef6190000 - 0x00007ffef6385000 	C:\WINDOWS\SYSTEM32\ntdll.dll
0x00007ffef6090000 - 0x00007ffef614e000 	C:\WINDOWS\System32\KERNEL32.DLL
0x00007ffef3e00000 - 0x00007ffef40c9000 	C:\WINDOWS\System32\KERNELBASE.dll
0x00007ffef46c0000 - 0x00007ffef476c000 	C:\WINDOWS\System32\ADVAPI32.dll
0x00007ffef5860000 - 0x00007ffef58fe000 	C:\WINDOWS\System32\msvcrt.dll
0x00007ffef5aa0000 - 0x00007ffef5b3b000 	C:\WINDOWS\System32\sechost.dll
0x00007ffef4dc0000 - 0x00007ffef4eea000 	C:\WINDOWS\System32\RPCRT4.dll
0x00007ffef5650000 - 0x00007ffef57f1000 	C:\WINDOWS\System32\USER32.dll
0x00007ffef3950000 - 0x00007ffef3972000 	C:\WINDOWS\System32\win32u.dll
0x00007ffef5bf0000 - 0x00007ffef5c1b000 	C:\WINDOWS\System32\GDI32.dll
0x00007ffef40d0000 - 0x00007ffef41db000 	C:\WINDOWS\System32\gdi32full.dll
0x00007ffef38b0000 - 0x00007ffef394d000 	C:\WINDOWS\System32\msvcp_win.dll
0x00007ffef3a10000 - 0x00007ffef3b10000 	C:\WINDOWS\System32\ucrtbase.dll
0x00007ffeeba70000 - 0x00007ffeebd0a000 	C:\WINDOWS\WinSxS\amd64_microsoft.windows.common-controls_6595b64144ccf1df_6.0.19041.1110_none_60b5254171f9507e\COMCTL32.dll
0x00007ffef5c80000 - 0x00007ffef5cb0000 	C:\WINDOWS\System32\IMM32.DLL
0x00007ffeeeb90000 - 0x00007ffeeeba5000 	C:\Program Files\Java\jdk1.8.0_291\jre\bin\vcruntime140.dll
0x00007ffebbb00000 - 0x00007ffebbb9b000 	C:\Program Files\Java\jdk1.8.0_291\jre\bin\msvcp140.dll
0x0000000069620000 - 0x0000000069e80000 	C:\Program Files\Java\jdk1.8.0_291\jre\bin\server\jvm.dll
0x00007ffef5e60000 - 0x00007ffef5e68000 	C:\WINDOWS\System32\PSAPI.DLL
0x00007ffeeebb0000 - 0x00007ffeeebb9000 	C:\WINDOWS\SYSTEM32\WSOCK32.dll
0x00007ffeec680000 - 0x00007ffeec68a000 	C:\WINDOWS\SYSTEM32\VERSION.dll
0x00007ffedddf0000 - 0x00007ffedde17000 	C:\WINDOWS\SYSTEM32\WINMM.dll
0x00007ffef5980000 - 0x00007ffef59eb000 	C:\WINDOWS\System32\WS2_32.dll
0x00007ffef17d0000 - 0x00007ffef17e2000 	C:\WINDOWS\SYSTEM32\kernel.appcore.dll
0x00007ffeeeee0000 - 0x00007ffeeeef0000 	C:\Program Files\Java\jdk1.8.0_291\jre\bin\verify.dll
0x00007ffed70f0000 - 0x00007ffed711b000 	C:\Program Files\Java\jdk1.8.0_291\jre\bin\java.dll
0x00007ffeee8d0000 - 0x00007ffeee8df000 	C:\Program Files\NetBeans-12.0\netbeans\profiler\lib\deployed\jdk16\windows-amd64\profilerinterface.dll
0x00007ffeee8a0000 - 0x00007ffeee8b8000 	C:\Program Files\Java\jdk1.8.0_291\jre\bin\zip.dll
0x00007ffef4ef0000 - 0x00007ffef562f000 	C:\WINDOWS\System32\SHELL32.dll
0x00007ffef19d0000 - 0x00007ffef2160000 	C:\WINDOWS\SYSTEM32\windows.storage.dll
0x00007ffef4920000 - 0x00007ffef4c75000 	C:\WINDOWS\System32\combase.dll
0x00007ffef3300000 - 0x00007ffef332c000 	C:\WINDOWS\SYSTEM32\Wldp.dll
0x00007ffef59f0000 - 0x00007ffef5a9d000 	C:\WINDOWS\System32\SHCORE.dll
0x00007ffef5c20000 - 0x00007ffef5c75000 	C:\WINDOWS\System32\shlwapi.dll
0x00007ffef37f0000 - 0x00007ffef380f000 	C:\WINDOWS\SYSTEM32\profapi.dll
0x00007ffeec020000 - 0x00007ffeec03c000 	C:\Program Files\Java\jdk1.8.0_291\jre\bin\net.dll
0x00007ffef3060000 - 0x00007ffef30ca000 	C:\WINDOWS\system32\mswsock.dll
0x00007ffeeeb80000 - 0x00007ffeeeb8d000 	C:\Program Files\Java\jdk1.8.0_291\jre\bin\management.dll
0x00007ffee83d0000 - 0x00007ffee83e3000 	C:\Program Files\Java\jdk1.8.0_291\jre\bin\nio.dll
0x00007ffef3250000 - 0x00007ffef3268000 	C:\WINDOWS\SYSTEM32\CRYPTSP.dll
0x00007ffef2970000 - 0x00007ffef29a4000 	C:\WINDOWS\system32\rsaenh.dll
0x00007ffef3dd0000 - 0x00007ffef3df7000 	C:\WINDOWS\System32\bcrypt.dll
0x00007ffef37b0000 - 0x00007ffef37de000 	C:\WINDOWS\SYSTEM32\USERENV.dll
0x00007ffef3980000 - 0x00007ffef3a03000 	C:\WINDOWS\System32\bcryptprimitives.dll
0x00007ffef3270000 - 0x00007ffef327c000 	C:\WINDOWS\SYSTEM32\CRYPTBASE.dll
0x00007ffef2d00000 - 0x00007ffef2d3b000 	C:\WINDOWS\SYSTEM32\IPHLPAPI.DLL
0x00007ffef4c80000 - 0x00007ffef4c88000 	C:\WINDOWS\System32\NSI.dll
0x00007ffeed6e0000 - 0x00007ffeed6f7000 	C:\WINDOWS\SYSTEM32\dhcpcsvc6.DLL
0x00007ffeede10000 - 0x00007ffeede2d000 	C:\WINDOWS\SYSTEM32\dhcpcsvc.DLL
0x00007ffef2d40000 - 0x00007ffef2e0c000 	C:\WINDOWS\SYSTEM32\DNSAPI.dll
0x00007ffeb9020000 - 0x00007ffeb91b5000 	C:\Program Files\Java\jdk1.8.0_291\jre\bin\awt.dll
0x00007ffef4850000 - 0x00007ffef491d000 	C:\WINDOWS\System32\OLEAUT32.dll
0x00007ffef0c70000 - 0x00007ffef0d00000 	C:\WINDOWS\SYSTEM32\apphelp.dll
0x00007ffef12f0000 - 0x00007ffef138e000 	C:\WINDOWS\system32\uxtheme.dll
0x00007ffef5f70000 - 0x00007ffef6085000 	C:\WINDOWS\System32\MSCTF.dll
0x00007ffef4c90000 - 0x00007ffef4dba000 	C:\WINDOWS\System32\ole32.dll
0x00007ffef14e0000 - 0x00007ffef150f000 	C:\WINDOWS\system32\DWMAPI.DLL
0x00007ffecae20000 - 0x00007ffecae69000 	C:\Program Files\Java\jdk1.8.0_291\jre\bin\fontmanager.dll
0x00007ffec36e0000 - 0x00007ffec3805000 	C:\WINDOWS\system32\opengl32.dll
0x00007ffecfe70000 - 0x00007ffecfe9c000 	C:\WINDOWS\SYSTEM32\GLU32.dll
0x00007ffec3810000 - 0x00007ffec39de000 	C:\WINDOWS\system32\d3d9.dll
0x00007ffed4680000 - 0x00007ffed485b000 	C:\WINDOWS\System32\DriverStore\FileRepository\u0360470.inf_amd64_35c64671e7fac064\B360357\aticfx64.dll
0x00007ffec3300000 - 0x00007ffec3333000 	C:\WINDOWS\System32\DriverStore\FileRepository\u0360470.inf_amd64_35c64671e7fac064\B360357\atiu9p64.dll
0x00007ffea39e0000 - 0x00007ffea4676000 	C:\WINDOWS\System32\DriverStore\FileRepository\u0360470.inf_amd64_35c64671e7fac064\B360357\atiumd64.dll
0x00007ffeeccf0000 - 0x00007ffeeced4000 	C:\WINDOWS\SYSTEM32\dbghelp.dll
0x00007ffeeaf90000 - 0x00007ffeeafbc000 	C:\WINDOWS\SYSTEM32\dbgcore.DLL
0x0000000069f10000 - 0x000000006ad89000 	C:\WINDOWS\System32\DriverStore\FileRepository\u0360470.inf_amd64_35c64671e7fac064\B360357\atiumd6a.dll
0x00007ffef2e70000 - 0x00007ffef2ebb000 	C:\WINDOWS\SYSTEM32\POWRPROF.dll
0x00007ffef2ce0000 - 0x00007ffef2cf2000 	C:\WINDOWS\SYSTEM32\UMPDC.dll
0x00007ffed4c80000 - 0x00007ffed4caf000 	C:\WINDOWS\SYSTEM32\amdihk64.dll
0x00007ffeeebc0000 - 0x00007ffeeebfb000 	C:\WINDOWS\SYSTEM32\dxcore.dll
0x00007ffef3b10000 - 0x00007ffef3b5e000 	C:\WINDOWS\System32\cfgmgr32.dll
0x00007ffef5b40000 - 0x00007ffef5be9000 	C:\WINDOWS\System32\clbcatq.dll
0x00007ffef1090000 - 0x00007ffef1244000 	C:\WINDOWS\SYSTEM32\WindowsCodecs.dll
0x00007ffed56d0000 - 0x00007ffed570e000 	C:\WINDOWS\system32\dataexchange.dll
0x00007ffeeef30000 - 0x00007ffeef194000 	C:\WINDOWS\system32\d3d11.dll
0x00007ffeef600000 - 0x00007ffeef7e5000 	C:\WINDOWS\system32\dcomp.dll
0x00007ffef21d0000 - 0x00007ffef22c4000 	C:\WINDOWS\system32\dxgi.dll
0x00007ffeee3d0000 - 0x00007ffeee5d1000 	C:\WINDOWS\system32\twinapi.appcore.dll
0x00007ffec76b0000 - 0x00007ffec76f3000 	C:\Program Files\Java\jdk1.8.0_291\jre\bin\t2k.dll
0x00007ffed7250000 - 0x00007ffed7349000 	C:\WINDOWS\SYSTEM32\textinputframework.dll
0x00007ffef0810000 - 0x00007ffef0b6e000 	C:\WINDOWS\System32\CoreUIComponents.dll
0x00007ffef0b70000 - 0x00007ffef0c62000 	C:\WINDOWS\System32\CoreMessaging.dll
0x00007ffef0600000 - 0x00007ffef0754000 	C:\WINDOWS\SYSTEM32\wintypes.dll
0x00007ffef25a0000 - 0x00007ffef25d3000 	C:\WINDOWS\SYSTEM32\ntmarta.dll
0x00007ffed0810000 - 0x00007ffed083a000 	C:\Program Files\Java\jdk1.8.0_291\jre\bin\dcpr.dll

VM Arguments:
jvm_args: -Dfile.encoding=UTF-8 -agentpath:C:/Program Files/NetBeans-12.0/netbeans/profiler/lib/deployed/jdk16/windows-amd64/profilerinterface.dll=C:\Program Files\NetBeans-12.0\netbeans\profiler\lib,5140,10 -XX:+HeapDumpOnOutOfMemoryError -XX:HeapDumpPath=C:\Users\Nicholas\OneDrive\Documents\NetBeansProjects\JavaGUI\nbproject\private\profiler 
java_command: LoginScreen
java_class_path (initial): C:\Users\Nicholas\Downloads\jdatepicker-1.3.4.jar;C:\Users\Nicholas\Downloads\jcalendar-1.4.jar\jcalendar-1.4.jar;C:\Users\Nicholas\Downloads\mysql-connector-java-8.0.26\mysql-connector-java-8.0.26\mysql-connector-java-8.0.26.jar;C:\Users\Nicholas\OneDrive\Documents\NetBeansProjects\JavaGUI\build\classes
Launcher Type: SUN_STANDARD

Environment Variables:
PATH=C:\Program Files\Java\jdk1.8.0_291\bin;C:\Program Files (x86)\Common Files\Oracle\Java\javapath;C:\WINDOWS\system32;C:\WINDOWS;C:\WINDOWS\System32\Wbem;C:\WINDOWS\System32\WindowsPowerShell\v1.0\;C:\WINDOWS\System32\OpenSSH\;C:\Program Files\Microsoft SQL Server\130\Tools\Binn\;C:\Program Files\Microsoft SQL Server\Client SDK\ODBC\170\Tools\Binn\;C:\Program Files (x86)\Microsoft SQL Server\150\Tools\Binn\;C:\Program Files\Microsoft SQL Server\150\Tools\Binn\;C:\Program Files\Microsoft SQL Server\150\DTS\Binn\;C:\Program Files (x86)\Microsoft SQL Server\150\DTS\Binn\;C:\Program Files\Azure Data Studio\bin;C:\Program Files\Git\cmd;C:\Program Files\MySQL\MySQL Server 8.0\bin;C:\Program Files\dotnet\;C:\Users\Nicholas\AppData\Local\Microsoft\WindowsApps;C:\Users\Nicholas\AppData\Local\Programs\Microsoft VS Code\bin;C:\Users\Nicholas\AppData\Local\atom\bin;C:\Program Files\Azure Data Studio\bin;C:\Program Files\JetBrains\IntelliJ IDEA Community Edition 2021.1.3\bin;;C:\Users\Nicholas\AppData\Local\GitHubDesktop\bin;C:\Users\Nicholas\.dotnet\tools
USERNAME=Nicholas
OS=Windows_NT
PROCESSOR_IDENTIFIER=AMD64 Family 23 Model 8 Stepping 2, AuthenticAMD



---------------  S Y S T E M  ---------------

OS: Windows 10.0 , 64 bit Build 19041 (10.0.19041.1202)

CPU:total 12 (initial active 12) (12 cores per cpu, 1 threads per core) family 23 model 8 stepping 2, cmov, cx8, fxsr, mmx, sse, sse2, sse3, ssse3, sse4.1, sse4.2, popcnt, avx, avx2, aes, clmul, mmxext, 3dnowpref, lzcnt, sse4a, tsc, tscinvbit, tscinv, bmi1

Memory: 4k page, physical 8338492k(2172556k free), swap 22207996k(5772012k free)

vm_info: Java HotSpot(TM) 64-Bit Server VM (25.291-b10) for windows-amd64 JRE (1.8.0_291-b10), built on Apr  9 2021 00:02:00 by "java_re" with MS VC++ 15.9 (VS2017)

time: Sun Oct 24 09:26:09 2021
timezone: AUS Eastern Summer Time
elapsed time: 2.050896 seconds (0d 0h 0m 2s)

