#
# A fatal error has been detected by the Java Runtime Environment:
#
#  EXCEPTION_ACCESS_VIOLATION (0xc0000005) at pc=0x00000000697526cb, pid=3668, tid=0x0000000000000908
#
# JRE version: Java(TM) SE Runtime Environment (8.0_291-b10) (build 1.8.0_291-b10)
# Java VM: Java HotSpot(TM) 64-Bit Server VM (25.291-b10 mixed mode windows-amd64 compressed oops)
# Problematic frame:
# V  [jvm.dll+0x1326cb]
#
# Failed to write core dump. Minidumps are not enabled by default on client versions of Windows
#
# If you would like to submit a bug report, please visit:
#   http://bugreport.java.com/bugreport/crash.jsp
#

---------------  T H R E A D  ---------------

Current thread (0x000001c079edf000):  JavaThread "*** Profiler Agent Communication Thread" daemon [_thread_in_vm, id=2312, stack(0x000000a111800000,0x000000a111900000)]

siginfo: ExceptionCode=0xc0000005, reading address 0x0000000004486b68

Registers:
RAX=0x000000a1118fec01, RBX=0x000001c079edf000, RCX=0x0000000004486b68, RDX=0x000001c079edf000
RSP=0x000000a1118febf0, RBP=0x0000000004486b68, RSI=0x000001c062f6a3d0, RDI=0x000000a1118fed10
R8 =0x000000a1118fed10, R9 =0x0000000000000193, R10=0x0000000000000000, R11=0x000000a1118fe801
R12=0x000001c07f6ed280, R13=0x0000000000000144, R14=0x00007ffee8439c68, R15=0x00007ffee8439a60
RIP=0x00000000697526cb, EFLAGS=0x0000000000010202

Top of Stack: (sp=0x000000a1118febf0)
0x000000a1118febf0:   00000003118fece0 000000006977e8b3
0x000000a1118fec00:   000001c079edf000 000000a1118fedb8
0x000000a1118fec10:   000001c079edf000 000000006995e51d
0x000000a1118fec20:   00000000000032a0 000001c079edf000
0x000000a1118fec30:   000001c079edf200 00007ffef5879d40
0x000000a1118fec40:   000001c079edf000 0000000000000000
0x000000a1118fec50:   000001c000000000 0000000000000000
0x000000a1118fec60:   0000000004486b68 00007ffee84334da
0x000000a1118fec70:   0000000000000000 000001c079edf200
0x000000a1118fec80:   000001c078b605c8 0000000000000039
0x000000a1118fec90:   000001c07f6ed280 000001c07b783260
0x000000a1118feca0:   000001c078ce6700 000001c079edf000
0x000000a1118fecb0:   000001c078ce6700 000001c079edf000
0x000000a1118fecc0:   000001c064927dc0 000001c078b605c8
0x000000a1118fecd0:   000001c079edf000 000001c078ce6700
0x000000a1118fece0:   0000000000000000 000001c064927dc0 

Instructions: (pc=0x00000000697526cb)
0x00000000697526ab:   cc cc cc cc cc 48 89 11 c3 cc cc cc cc cc cc cc
0x00000000697526bb:   cc cc cc cc cc 40 53 48 83 ec 20 48 85 c9 74 24
0x00000000697526cb:   48 8b 19 48 85 db 74 1c 48 83 fb 37 74 16 48 8b
0x00000000697526db:   13 48 8b cb ff 52 10 84 c0 74 09 48 8b c3 48 83 


Register to memory mapping:

RAX=0x000000a1118fec01 is pointing into the stack for thread: 0x000001c079edf000
RBX=0x000001c079edf000 is a thread
RCX=0x0000000004486b68 is an unknown value
RDX=0x000001c079edf000 is a thread
RSP=0x000000a1118febf0 is pointing into the stack for thread: 0x000001c079edf000
RBP=0x0000000004486b68 is an unknown value
RSI=0x000001c062f6a3d0 is an unknown value
RDI=0x000000a1118fed10 is pointing into the stack for thread: 0x000001c079edf000
R8 =0x000000a1118fed10 is pointing into the stack for thread: 0x000001c079edf000
R9 =0x0000000000000193 is an unknown value
R10=0x0000000000000000 is an unknown value
R11=0x000000a1118fe801 is pointing into the stack for thread: 0x000001c079edf000
R12=0x000001c07f6ed280 is an unknown value
R13=0x0000000000000144 is an unknown value
R14=0x00007ffee8439c68 is an unknown value
R15=0x00007ffee8439a60 is an unknown value


Stack: [0x000000a111800000,0x000000a111900000],  sp=0x000000a1118febf0,  free space=1018k
Native frames: (J=compiled Java code, j=interpreted, Vv=VM code, C=native code)
V  [jvm.dll+0x1326cb]
V  [jvm.dll+0x33e51d]
C  [profilerinterface.dll+0x34da]
C  0x000001c06493990e

Java frames: (J=compiled Java code, j=interpreted, Vv=VM code)
j  org.netbeans.lib.profiler.server.system.Stacks.getMethodNamesForJMethodIds(I[I[I)[B+0
j  org.netbeans.lib.profiler.server.ProfilerInterface.getMethodNamesForJMethodIds([I)Lorg/netbeans/lib/profiler/wireprotocol/MethodNamesResponse;+20
j  org.netbeans.lib.profiler.server.ProfilerServer.handleClientCommand(Lorg/netbeans/lib/profiler/wireprotocol/Command;)V+691
j  org.netbeans.lib.profiler.server.ProfilerServer.listenToClient()V+48
j  org.netbeans.lib.profiler.server.ProfilerServer.run()V+22
v  ~StubRoutines::call_stub

---------------  P R O C E S S  ---------------

Java Threads: ( => current thread )
  0x000001c004069800 JavaThread "TimerQueue" daemon [_thread_blocked, id=9124, stack(0x000000a113900000,0x000000a113a00000)]
  0x000001c0040b4000 JavaThread "D3D Screen Updater" daemon [_thread_blocked, id=8560, stack(0x000000a113800000,0x000000a113900000)]
  0x000001c062f71800 JavaThread "DestroyJavaVM" [_thread_blocked, id=19212, stack(0x000000a110800000,0x000000a110900000)]
  0x000001c07bb3e800 JavaThread "AWT-EventQueue-0" [_thread_blocked, id=7840, stack(0x000000a112500000,0x000000a112600000)]
  0x000001c07b9c8800 JavaThread "AWT-Windows" daemon [_thread_in_native, id=11680, stack(0x000000a112400000,0x000000a112500000)]
  0x000001c07b9c5800 JavaThread "AWT-Shutdown" [_thread_blocked, id=18800, stack(0x000000a112300000,0x000000a112400000)]
  0x000001c07b9c4800 JavaThread "Java2D Disposer" daemon [_thread_blocked, id=15104, stack(0x000000a112200000,0x000000a112300000)]
  0x000001c07bae8000 JavaThread "Service Thread" daemon [_thread_blocked, id=11944, stack(0x000000a112000000,0x000000a112100000)]
  0x000001c07bb1d000 JavaThread "C1 CompilerThread3" daemon [_thread_blocked, id=17580, stack(0x000000a111f00000,0x000000a112000000)]
  0x000001c07bb1c800 JavaThread "C2 CompilerThread2" daemon [_thread_blocked, id=17276, stack(0x000000a111e00000,0x000000a111f00000)]
  0x000001c07bb1b800 JavaThread "C2 CompilerThread1" daemon [_thread_blocked, id=3912, stack(0x000000a111d00000,0x000000a111e00000)]
  0x000001c07bb1b000 JavaThread "C2 CompilerThread0" daemon [_thread_blocked, id=15784, stack(0x000000a111b00000,0x000000a111c00000)]
  0x000001c07b929000 JavaThread "*** Profiler Agent Special Execution Thread 10" daemon [_thread_blocked, id=9000, stack(0x000000a111c00000,0x000000a111d00000)]
  0x000001c07b83e800 JavaThread "*** Profiler Agent Special Execution Thread 6" daemon [_thread_blocked, id=7576, stack(0x000000a111a00000,0x000000a111b00000)]
  0x000001c07b83e000 JavaThread "*** JFluid Monitor thread ***" daemon [_thread_blocked, id=15412, stack(0x000000a111900000,0x000000a111a00000)]
=>0x000001c079edf000 JavaThread "*** Profiler Agent Communication Thread" daemon [_thread_in_vm, id=2312, stack(0x000000a111800000,0x000000a111900000)]
  0x000001c079eb0000 JavaThread "Attach Listener" daemon [_thread_blocked, id=10656, stack(0x000000a111700000,0x000000a111800000)]
  0x000001c079eaf000 JavaThread "Signal Dispatcher" daemon [_thread_blocked, id=18116, stack(0x000000a111600000,0x000000a111700000)]
  0x000001c079e86800 JavaThread "Finalizer" daemon [_thread_blocked, id=12924, stack(0x000000a111500000,0x000000a111600000)]
  0x000001c079e84800 JavaThread "Reference Handler" daemon [_thread_blocked, id=9908, stack(0x000000a111400000,0x000000a111500000)]

Other Threads:
  0x000001c079e56800 VMThread [stack: 0x000000a111300000,0x000000a111400000] [id=4384]
  0x000001c07bab5800 WatcherThread [stack: 0x000000a112100000,0x000000a112200000] [id=532]

VM state:not at safepoint (normal execution)

VM Mutex/Monitor currently owned by a thread: None

heap address: 0x0000000080c00000, size: 2036 MB, Compressed Oops mode: 32-bit
Narrow klass base: 0x0000000000000000, Narrow klass shift: 3
Compressed class space size: 1073741824 Address: 0x0000000100000000

Heap:
 PSYoungGen      total 38400K, used 15817K [0x00000000d5980000, 0x00000000d8400000, 0x0000000100000000)
  eden space 33280K, 47% used [0x00000000d5980000,0x00000000d68f2658,0x00000000d7a00000)
  from space 5120K, 0% used [0x00000000d7f00000,0x00000000d7f00000,0x00000000d8400000)
  to   space 5120K, 0% used [0x00000000d7a00000,0x00000000d7a00000,0x00000000d7f00000)
 ParOldGen       total 87552K, used 0K [0x0000000080c00000, 0x0000000086180000, 0x00000000d5980000)
  object space 87552K, 0% used [0x0000000080c00000,0x0000000080c00000,0x0000000086180000)
 Metaspace       used 15125K, capacity 15308K, committed 15616K, reserved 1062912K
  class space    used 1935K, capacity 2029K, committed 2048K, reserved 1048576K

Card table byte_map: [0x000001c073ce0000,0x000001c0740e0000] byte_map_base: 0x000001c0738da000

Marking Bits: (ParMarkBitMap*) 0x0000000069e07fe0
 Begin Bits: [0x000001c074390000, 0x000001c076360000)
 End Bits:   [0x000001c076360000, 0x000001c078330000)

Polling page: 0x000001c063050000

CodeCache: size=245760Kb used=2214Kb max_used=2214Kb free=243545Kb
 bounds [0x000001c064920000, 0x000001c064b90000, 0x000001c073920000]
 total_blobs=1076 nmethods=528 adapters=462
 compilation: enabled

Compilation events (10 events):
Event: 1.581 Thread 0x000001c07bb1d000  523       3       java.lang.Thread::getId (5 bytes)
Event: 1.581 Thread 0x000001c07bb1d000 nmethod 523 0x000001c064b48f10 code [0x000001c064b49060, 0x000001c064b491b8]
Event: 1.744 Thread 0x000001c07bb1d000  524       3       java.util.Arrays::equals (54 bytes)
Event: 1.745 Thread 0x000001c07bb1d000 nmethod 524 0x000001c064b49250 code [0x000001c064b493c0, 0x000001c064b49738]
Event: 1.851 Thread 0x000001c07bb1d000  525       3       org.netbeans.lib.profiler.server.ProfilerRuntimeSampler$Sampling::writeThreadInfoNoChange (86 bytes)
Event: 1.851 Thread 0x000001c07bb1d000 nmethod 525 0x000001c064b49850 code [0x000001c064b499e0, 0x000001c064b49db0]
Event: 2.026 Thread 0x000001c07bb1d000  526       3       java.lang.ThreadLocal::get (38 bytes)
Event: 2.026 Thread 0x000001c07bb1d000 nmethod 526 0x000001c064b49f90 code [0x000001c064b4a120, 0x000001c064b4a4b0]
Event: 2.029 Thread 0x000001c07bb1d000  527       3       java.io.Bits::getInt (43 bytes)
Event: 2.030 Thread 0x000001c07bb1d000 nmethod 527 0x000001c064b4a650 code [0x000001c064b4a7c0, 0x000001c064b4a998]

GC Heap History (0 events):
No events

Deoptimization events (3 events):
Event: 1.376 Thread 0x000001c07bb3e800 Uncommon trap: reason=unstable_if action=reinterpret pc=0x000001c064abdeb4 method=java.lang.AbstractStringBuilder.append(Ljava/lang/String;)Ljava/lang/AbstractStringBuilder; @ 1
Event: 1.376 Thread 0x000001c07bb3e800 Uncommon trap: reason=unstable_if action=reinterpret pc=0x000001c064a4bc74 method=java.lang.AbstractStringBuilder.append(Ljava/lang/String;)Ljava/lang/AbstractStringBuilder; @ 1
Event: 1.400 Thread 0x000001c07bb3e800 Uncommon trap: reason=unstable_if action=reinterpret pc=0x000001c064ad7aac method=java.util.HashMap.getNode(ILjava/lang/Object;)Ljava/util/HashMap$Node; @ 84

Classes redefined (0 events):
No events

Internal exceptions (10 events):
Event: 1.269 Thread 0x000001c062f71800 Exception <a 'java/lang/ClassNotFoundException': javax/swing/JToolBarSeparator> (0x00000000d648c638) thrown at [C:\jenkins\workspace\8-2-build-windows-amd64-cygwin\jdk8u291\1294\hotspot\src\share\vm\classfile\systemDictionary.cpp, line 212]
Event: 1.269 Thread 0x000001c062f71800 Exception <a 'java/lang/ClassNotFoundException': ToolBarSeparator> (0x00000000d648cad0) thrown at [C:\jenkins\workspace\8-2-build-windows-amd64-cygwin\jdk8u291\1294\hotspot\src\share\vm\classfile\systemDictionary.cpp, line 212]
Event: 1.269 Thread 0x000001c062f71800 Exception <a 'java/lang/ClassNotFoundException': ToolTip> (0x00000000d648d210) thrown at [C:\jenkins\workspace\8-2-build-windows-amd64-cygwin\jdk8u291\1294\hotspot\src\share\vm\classfile\systemDictionary.cpp, line 212]
Event: 1.270 Thread 0x000001c062f71800 Exception <a 'java/lang/ClassNotFoundException': Tree> (0x00000000d648de30) thrown at [C:\jenkins\workspace\8-2-build-windows-amd64-cygwin\jdk8u291\1294\hotspot\src\share\vm\classfile\systemDictionary.cpp, line 212]
Event: 1.270 Thread 0x000001c062f71800 Exception <a 'java/lang/ClassNotFoundException': Tree> (0x00000000d648e570) thrown at [C:\jenkins\workspace\8-2-build-windows-amd64-cygwin\jdk8u291\1294\hotspot\src\share\vm\classfile\systemDictionary.cpp, line 212]
Event: 1.270 Thread 0x000001c062f71800 Exception <a 'java/lang/ClassNotFoundException': javax/swing/JTreeCell> (0x00000000d648e8f0) thrown at [C:\jenkins\workspace\8-2-build-windows-amd64-cygwin\jdk8u291\1294\hotspot\src\share\vm\classfile\systemDictionary.cpp, line 212]
Event: 1.270 Thread 0x000001c062f71800 Exception <a 'java/lang/ClassNotFoundException': TreeCell> (0x00000000d648ed78) thrown at [C:\jenkins\workspace\8-2-build-windows-amd64-cygwin\jdk8u291\1294\hotspot\src\share\vm\classfile\systemDictionary.cpp, line 212]
Event: 1.271 Thread 0x000001c062f71800 Exception <a 'java/lang/ClassNotFoundException': RootPane> (0x00000000d648f7d8) thrown at [C:\jenkins\workspace\8-2-build-windows-amd64-cygwin\jdk8u291\1294\hotspot\src\share\vm\classfile\systemDictionary.cpp, line 212]
Event: 1.376 Thread 0x000001c07bb3e800 Implicit null exception at 0x000001c064abdb16 to 0x000001c064abde9d
Event: 1.376 Thread 0x000001c07bb3e800 Implicit null exception at 0x000001c064a4b8d6 to 0x000001c064a4bc5d

Events (10 events):
Event: 2.013 Executing VM operation: GetAllStackTraces
Event: 2.013 Executing VM operation: GetAllStackTraces done
Event: 2.014 loading class org/netbeans/lib/profiler/wireprotocol/EventBufferDumpedCommand
Event: 2.014 loading class org/netbeans/lib/profiler/wireprotocol/EventBufferDumpedCommand done
Event: 2.026 loading class org/netbeans/lib/profiler/wireprotocol/DumpResultsResponse
Event: 2.026 loading class org/netbeans/lib/profiler/wireprotocol/DumpResultsResponse done
Event: 2.028 loading class org/netbeans/lib/profiler/wireprotocol/GetMethodNamesForJMethodIdsCommand
Event: 2.028 loading class org/netbeans/lib/profiler/wireprotocol/GetMethodNamesForJMethodIdsCommand done
Event: 2.029 Executing VM operation: GetAllStackTraces
Event: 2.029 Executing VM operation: GetAllStackTraces done


Dynamic libraries:
0x00007ff6fdd00000 - 0x00007ff6fdd47000 	C:\Program Files\Java\jdk1.8.0_291\bin\java.exe
0x00007ffef6190000 - 0x00007ffef6385000 	C:\WINDOWS\SYSTEM32\ntdll.dll
0x00007ffef6090000 - 0x00007ffef614e000 	C:\WINDOWS\System32\KERNEL32.DLL
0x00007ffef3e00000 - 0x00007ffef40c9000 	C:\WINDOWS\System32\KERNELBASE.dll
0x00007ffef46c0000 - 0x00007ffef476c000 	C:\WINDOWS\System32\ADVAPI32.dll
0x00007ffef5860000 - 0x00007ffef58fe000 	C:\WINDOWS\System32\msvcrt.dll
0x00007ffef5aa0000 - 0x00007ffef5b3b000 	C:\WINDOWS\System32\sechost.dll
0x00007ffef4dc0000 - 0x00007ffef4eea000 	C:\WINDOWS\System32\RPCRT4.dll
0x00007ffef5650000 - 0x00007ffef57f1000 	C:\WINDOWS\System32\USER32.dll
0x00007ffef3950000 - 0x00007ffef3972000 	C:\WINDOWS\System32\win32u.dll
0x00007ffef5bf0000 - 0x00007ffef5c1b000 	C:\WINDOWS\System32\GDI32.dll
0x00007ffef40d0000 - 0x00007ffef41db000 	C:\WINDOWS\System32\gdi32full.dll
0x00007ffef38b0000 - 0x00007ffef394d000 	C:\WINDOWS\System32\msvcp_win.dll
0x00007ffef3a10000 - 0x00007ffef3b10000 	C:\WINDOWS\System32\ucrtbase.dll
0x00007ffeeba70000 - 0x00007ffeebd0a000 	C:\WINDOWS\WinSxS\amd64_microsoft.windows.common-controls_6595b64144ccf1df_6.0.19041.1110_none_60b5254171f9507e\COMCTL32.dll
0x00007ffef5c80000 - 0x00007ffef5cb0000 	C:\WINDOWS\System32\IMM32.DLL
0x00007ffec8220000 - 0x00007ffec8235000 	C:\Program Files\Java\jdk1.8.0_291\jre\bin\vcruntime140.dll
0x00007ffeb7430000 - 0x00007ffeb74cb000 	C:\Program Files\Java\jdk1.8.0_291\jre\bin\msvcp140.dll
0x0000000069620000 - 0x0000000069e80000 	C:\Program Files\Java\jdk1.8.0_291\jre\bin\server\jvm.dll
0x00007ffef5e60000 - 0x00007ffef5e68000 	C:\WINDOWS\System32\PSAPI.DLL
0x00007ffedc0e0000 - 0x00007ffedc0e9000 	C:\WINDOWS\SYSTEM32\WSOCK32.dll
0x00007ffedddf0000 - 0x00007ffedde17000 	C:\WINDOWS\SYSTEM32\WINMM.dll
0x00007ffeec680000 - 0x00007ffeec68a000 	C:\WINDOWS\SYSTEM32\VERSION.dll
0x00007ffef5980000 - 0x00007ffef59eb000 	C:\WINDOWS\System32\WS2_32.dll
0x00007ffef17d0000 - 0x00007ffef17e2000 	C:\WINDOWS\SYSTEM32\kernel.appcore.dll
0x00007ffedc0d0000 - 0x00007ffedc0e0000 	C:\Program Files\Java\jdk1.8.0_291\jre\bin\verify.dll
0x00007ffebe8d0000 - 0x00007ffebe8fb000 	C:\Program Files\Java\jdk1.8.0_291\jre\bin\java.dll
0x00007ffee8430000 - 0x00007ffee843f000 	C:\Program Files\NetBeans-12.0\netbeans\profiler\lib\deployed\jdk16\windows-amd64\profilerinterface.dll
0x00007ffec2520000 - 0x00007ffec2538000 	C:\Program Files\Java\jdk1.8.0_291\jre\bin\zip.dll
0x00007ffef4ef0000 - 0x00007ffef562f000 	C:\WINDOWS\System32\SHELL32.dll
0x00007ffef19d0000 - 0x00007ffef2160000 	C:\WINDOWS\SYSTEM32\windows.storage.dll
0x00007ffef4920000 - 0x00007ffef4c75000 	C:\WINDOWS\System32\combase.dll
0x00007ffef3300000 - 0x00007ffef332c000 	C:\WINDOWS\SYSTEM32\Wldp.dll
0x00007ffef59f0000 - 0x00007ffef5a9d000 	C:\WINDOWS\System32\SHCORE.dll
0x00007ffef5c20000 - 0x00007ffef5c75000 	C:\WINDOWS\System32\shlwapi.dll
0x00007ffef37f0000 - 0x00007ffef380f000 	C:\WINDOWS\SYSTEM32\profapi.dll
0x00007ffebc6a0000 - 0x00007ffebc6bc000 	C:\Program Files\Java\jdk1.8.0_291\jre\bin\net.dll
0x00007ffef3060000 - 0x00007ffef30ca000 	C:\WINDOWS\system32\mswsock.dll
0x00007ffee9ee0000 - 0x00007ffee9eed000 	C:\Program Files\Java\jdk1.8.0_291\jre\bin\management.dll
0x00007ffebc680000 - 0x00007ffebc693000 	C:\Program Files\Java\jdk1.8.0_291\jre\bin\nio.dll
0x00007ffef3250000 - 0x00007ffef3268000 	C:\WINDOWS\SYSTEM32\CRYPTSP.dll
0x00007ffef2970000 - 0x00007ffef29a4000 	C:\WINDOWS\system32\rsaenh.dll
0x00007ffef3dd0000 - 0x00007ffef3df7000 	C:\WINDOWS\System32\bcrypt.dll
0x00007ffef37b0000 - 0x00007ffef37de000 	C:\WINDOWS\SYSTEM32\USERENV.dll
0x00007ffef3980000 - 0x00007ffef3a03000 	C:\WINDOWS\System32\bcryptprimitives.dll
0x00007ffef3270000 - 0x00007ffef327c000 	C:\WINDOWS\SYSTEM32\CRYPTBASE.dll
0x00007ffef2d00000 - 0x00007ffef2d3b000 	C:\WINDOWS\SYSTEM32\IPHLPAPI.DLL
0x00007ffef4c80000 - 0x00007ffef4c88000 	C:\WINDOWS\System32\NSI.dll
0x00007ffeed6e0000 - 0x00007ffeed6f7000 	C:\WINDOWS\SYSTEM32\dhcpcsvc6.DLL
0x00007ffeede10000 - 0x00007ffeede2d000 	C:\WINDOWS\SYSTEM32\dhcpcsvc.DLL
0x00007ffef2d40000 - 0x00007ffef2e0c000 	C:\WINDOWS\SYSTEM32\DNSAPI.dll
0x00007ffe839f0000 - 0x00007ffe83b85000 	C:\Program Files\Java\jdk1.8.0_291\jre\bin\awt.dll
0x00007ffef4850000 - 0x00007ffef491d000 	C:\WINDOWS\System32\OLEAUT32.dll
0x00007ffef0c70000 - 0x00007ffef0d00000 	C:\WINDOWS\SYSTEM32\apphelp.dll
0x00007ffef12f0000 - 0x00007ffef138e000 	C:\WINDOWS\system32\uxtheme.dll
0x00007ffef5f70000 - 0x00007ffef6085000 	C:\WINDOWS\System32\MSCTF.dll
0x00007ffef4c90000 - 0x00007ffef4dba000 	C:\WINDOWS\System32\ole32.dll
0x00007ffef14e0000 - 0x00007ffef150f000 	C:\WINDOWS\system32\DWMAPI.DLL
0x00007ffeb73e0000 - 0x00007ffeb7429000 	C:\Program Files\Java\jdk1.8.0_291\jre\bin\fontmanager.dll
0x00007ffec36e0000 - 0x00007ffec3805000 	C:\WINDOWS\system32\opengl32.dll
0x00007ffecfe70000 - 0x00007ffecfe9c000 	C:\WINDOWS\SYSTEM32\GLU32.dll
0x00007ffec3810000 - 0x00007ffec39de000 	C:\WINDOWS\system32\d3d9.dll
0x00007ffed4680000 - 0x00007ffed485b000 	C:\WINDOWS\System32\DriverStore\FileRepository\u0360470.inf_amd64_35c64671e7fac064\B360357\aticfx64.dll
0x00007ffec3300000 - 0x00007ffec3333000 	C:\WINDOWS\System32\DriverStore\FileRepository\u0360470.inf_amd64_35c64671e7fac064\B360357\atiu9p64.dll
0x00007ffea39e0000 - 0x00007ffea4676000 	C:\WINDOWS\System32\DriverStore\FileRepository\u0360470.inf_amd64_35c64671e7fac064\B360357\atiumd64.dll
0x00007ffeeccf0000 - 0x00007ffeeced4000 	C:\WINDOWS\SYSTEM32\dbghelp.dll
0x00007ffeeaf90000 - 0x00007ffeeafbc000 	C:\WINDOWS\SYSTEM32\dbgcore.DLL
0x0000000069f10000 - 0x000000006ad89000 	C:\WINDOWS\System32\DriverStore\FileRepository\u0360470.inf_amd64_35c64671e7fac064\B360357\atiumd6a.dll
0x00007ffef2e70000 - 0x00007ffef2ebb000 	C:\WINDOWS\SYSTEM32\POWRPROF.dll
0x00007ffef2ce0000 - 0x00007ffef2cf2000 	C:\WINDOWS\SYSTEM32\UMPDC.dll
0x00007ffed4c80000 - 0x00007ffed4caf000 	C:\WINDOWS\SYSTEM32\amdihk64.dll
0x00007ffeeebc0000 - 0x00007ffeeebfb000 	C:\WINDOWS\SYSTEM32\dxcore.dll
0x00007ffef3b10000 - 0x00007ffef3b5e000 	C:\WINDOWS\System32\cfgmgr32.dll
0x00007ffef5b40000 - 0x00007ffef5be9000 	C:\WINDOWS\System32\clbcatq.dll
0x00007ffef1090000 - 0x00007ffef1244000 	C:\WINDOWS\SYSTEM32\WindowsCodecs.dll
0x00007ffed56d0000 - 0x00007ffed570e000 	C:\WINDOWS\system32\dataexchange.dll
0x00007ffeef600000 - 0x00007ffeef7e5000 	C:\WINDOWS\system32\dcomp.dll
0x00007ffeeef30000 - 0x00007ffeef194000 	C:\WINDOWS\system32\d3d11.dll
0x00007ffef21d0000 - 0x00007ffef22c4000 	C:\WINDOWS\system32\dxgi.dll
0x00007ffeee3d0000 - 0x00007ffeee5d1000 	C:\WINDOWS\system32\twinapi.appcore.dll
0x00007ffeb7390000 - 0x00007ffeb73d3000 	C:\Program Files\Java\jdk1.8.0_291\jre\bin\t2k.dll
0x00007ffed7250000 - 0x00007ffed7349000 	C:\WINDOWS\SYSTEM32\textinputframework.dll
0x00007ffef0b70000 - 0x00007ffef0c62000 	C:\WINDOWS\System32\CoreMessaging.dll
0x00007ffef0810000 - 0x00007ffef0b6e000 	C:\WINDOWS\System32\CoreUIComponents.dll
0x00007ffef25a0000 - 0x00007ffef25d3000 	C:\WINDOWS\SYSTEM32\ntmarta.dll
0x00007ffef0600000 - 0x00007ffef0754000 	C:\WINDOWS\SYSTEM32\wintypes.dll
0x00007ffed70f0000 - 0x00007ffed711a000 	C:\Program Files\Java\jdk1.8.0_291\jre\bin\dcpr.dll

VM Arguments:
jvm_args: -Dfile.encoding=UTF-8 -agentpath:C:/Program Files/NetBeans-12.0/netbeans/profiler/lib/deployed/jdk16/windows-amd64/profilerinterface.dll=C:\Program Files\NetBeans-12.0\netbeans\profiler\lib,5140,10 -XX:+HeapDumpOnOutOfMemoryError -XX:HeapDumpPath=C:\Users\Nicholas\OneDrive\Documents\NetBeansProjects\JavaGUI\nbproject\private\profiler 
java_command: LoginScreen
java_class_path (initial): C:\Users\Nicholas\Downloads\jdatepicker-1.3.4.jar;C:\Users\Nicholas\Downloads\jcalendar-1.4.jar\jcalendar-1.4.jar;C:\Users\Nicholas\Downloads\mysql-connector-java-8.0.26\mysql-connector-java-8.0.26\mysql-connector-java-8.0.26.jar;C:\Users\Nicholas\OneDrive\Documents\NetBeansProjects\JavaGUI\build\classes
Launcher Type: SUN_STANDARD

Environment Variables:
PATH=C:\Program Files\Java\jdk1.8.0_291\bin;C:\Program Files (x86)\Common Files\Oracle\Java\javapath;C:\WINDOWS\system32;C:\WINDOWS;C:\WINDOWS\System32\Wbem;C:\WINDOWS\System32\WindowsPowerShell\v1.0\;C:\WINDOWS\System32\OpenSSH\;C:\Program Files\Microsoft SQL Server\130\Tools\Binn\;C:\Program Files\Microsoft SQL Server\Client SDK\ODBC\170\Tools\Binn\;C:\Program Files (x86)\Microsoft SQL Server\150\Tools\Binn\;C:\Program Files\Microsoft SQL Server\150\Tools\Binn\;C:\Program Files\Microsoft SQL Server\150\DTS\Binn\;C:\Program Files (x86)\Microsoft SQL Server\150\DTS\Binn\;C:\Program Files\Azure Data Studio\bin;C:\Program Files\Git\cmd;C:\Program Files\MySQL\MySQL Server 8.0\bin;C:\Program Files\dotnet\;C:\Users\Nicholas\AppData\Local\Microsoft\WindowsApps;C:\Users\Nicholas\AppData\Local\Programs\Microsoft VS Code\bin;C:\Users\Nicholas\AppData\Local\atom\bin;C:\Program Files\Azure Data Studio\bin;C:\Program Files\JetBrains\IntelliJ IDEA Community Edition 2021.1.3\bin;;C:\Users\Nicholas\AppData\Local\GitHubDesktop\bin;C:\Users\Nicholas\.dotnet\tools
USERNAME=Nicholas
OS=Windows_NT
PROCESSOR_IDENTIFIER=AMD64 Family 23 Model 8 Stepping 2, AuthenticAMD



---------------  S Y S T E M  ---------------

OS: Windows 10.0 , 64 bit Build 19041 (10.0.19041.1202)

CPU:total 12 (initial active 12) (12 cores per cpu, 1 threads per core) family 23 model 8 stepping 2, cmov, cx8, fxsr, mmx, sse, sse2, sse3, ssse3, sse4.1, sse4.2, popcnt, avx, avx2, aes, clmul, mmxext, 3dnowpref, lzcnt, sse4a, tsc, tscinvbit, tscinv, bmi1

Memory: 4k page, physical 8338492k(2137260k free), swap 22207996k(5878892k free)

vm_info: Java HotSpot(TM) 64-Bit Server VM (25.291-b10) for windows-amd64 JRE (1.8.0_291-b10), built on Apr  9 2021 00:02:00 by "java_re" with MS VC++ 15.9 (VS2017)

time: Sun Oct 24 09:01:34 2021
timezone: AUS Eastern Summer Time
elapsed time: 2.044180 seconds (0d 0h 0m 2s)

