#
# A fatal error has been detected by the Java Runtime Environment:
#
#  EXCEPTION_ACCESS_VIOLATION (0xc0000005) at pc=0x00000000697526cb, pid=3932, tid=0x000000000000433c
#
# JRE version: Java(TM) SE Runtime Environment (8.0_291-b10) (build 1.8.0_291-b10)
# Java VM: Java HotSpot(TM) 64-Bit Server VM (25.291-b10 mixed mode windows-amd64 compressed oops)
# Problematic frame:
# V  [jvm.dll+0x1326cb]
#
# Failed to write core dump. Minidumps are not enabled by default on client versions of Windows
#
# If you would like to submit a bug report, please visit:
#   http://bugreport.java.com/bugreport/crash.jsp
#

---------------  T H R E A D  ---------------

Current thread (0x000001d7ee109800):  JavaThread "*** Profiler Agent Communication Thread" daemon [_thread_in_vm, id=17212, stack(0x0000007f97d00000,0x0000007f97e00000)]

siginfo: ExceptionCode=0xc0000005, reading address 0xffffffffef6619e0

Registers:
RAX=0x0000007f97dff101, RBX=0x000001d7ee109800, RCX=0xffffffffef6619e0, RDX=0x000001d7ee109800
RSP=0x0000007f97dff1a0, RBP=0xffffffffef6619e0, RSI=0x000001d7d582a200, RDI=0x0000007f97dff2c0
R8 =0x0000007f97dff2c0, R9 =0x0000000000000012, R10=0x0000000000000000, R11=0x000001d7f65bca50
R12=0x000001d7f65c8040, R13=0x0000000000000025, R14=0x00007ffee83a9c68, R15=0x00007ffee83a9a60
RIP=0x00000000697526cb, EFLAGS=0x0000000000010282

Top of Stack: (sp=0x0000007f97dff1a0)
0x0000007f97dff1a0:   0000000397dff290 000000006977e8b3
0x0000007f97dff1b0:   000001d7ee109800 0000007f97dff368
0x0000007f97dff1c0:   000001d7ee109800 000000006995e51d
0x0000007f97dff1d0:   00000000000005c8 000001d7ee109800
0x0000007f97dff1e0:   000001d7ee109a00 00007ffef5879d40
0x0000007f97dff1f0:   000001d7ee109800 0000000000000000
0x0000007f97dff200:   000001d700000000 0000000000000000
0x0000007f97dff210:   ffffffffef6619e0 00007ffee83a34da
0x0000007f97dff220:   0000000000000000 000001d7ee109a00
0x0000007f97dff230:   000000000000009a 0000000000000039
0x0000007f97dff240:   000001d7f65c8040 000001d7ee10db90
0x0000007f97dff250:   000001d7eb646700 000001d7ee109800
0x0000007f97dff260:   000001d7eb646700 000001d7ee109800
0x0000007f97dff270:   000001d7f865a910 000000000000009a
0x0000007f97dff280:   000001d7ee109800 000001d7eb646700
0x0000007f97dff290:   0000000000000000 000001d7f865a910 

Instructions: (pc=0x00000000697526cb)
0x00000000697526ab:   cc cc cc cc cc 48 89 11 c3 cc cc cc cc cc cc cc
0x00000000697526bb:   cc cc cc cc cc 40 53 48 83 ec 20 48 85 c9 74 24
0x00000000697526cb:   48 8b 19 48 85 db 74 1c 48 83 fb 37 74 16 48 8b
0x00000000697526db:   13 48 8b cb ff 52 10 84 c0 74 09 48 8b c3 48 83 


Register to memory mapping:

RAX=0x0000007f97dff101 is pointing into the stack for thread: 0x000001d7ee109800
RBX=0x000001d7ee109800 is a thread
RCX=0xffffffffef6619e0 is an unknown value
RDX=0x000001d7ee109800 is a thread
RSP=0x0000007f97dff1a0 is pointing into the stack for thread: 0x000001d7ee109800
RBP=0xffffffffef6619e0 is an unknown value
RSI=0x000001d7d582a200 is an unknown value
RDI=0x0000007f97dff2c0 is pointing into the stack for thread: 0x000001d7ee109800
R8 =0x0000007f97dff2c0 is pointing into the stack for thread: 0x000001d7ee109800
R9 =0x0000000000000012 is an unknown value
R10=0x0000000000000000 is an unknown value
R11=0x000001d7f65bca50 is an unknown value
R12=0x000001d7f65c8040 is an unknown value
R13=0x0000000000000025 is an unknown value
R14=0x00007ffee83a9c68 is an unknown value
R15=0x00007ffee83a9a60 is an unknown value


Stack: [0x0000007f97d00000,0x0000007f97e00000],  sp=0x0000007f97dff1a0,  free space=1020k
Native frames: (J=compiled Java code, j=interpreted, Vv=VM code, C=native code)
V  [jvm.dll+0x1326cb]
V  [jvm.dll+0x33e51d]
C  [profilerinterface.dll+0x34da]
C  0x000001d7d729990e

Java frames: (J=compiled Java code, j=interpreted, Vv=VM code)
j  org.netbeans.lib.profiler.server.system.Stacks.getMethodNamesForJMethodIds(I[I[I)[B+0
j  org.netbeans.lib.profiler.server.ProfilerInterface.getMethodNamesForJMethodIds([I)Lorg/netbeans/lib/profiler/wireprotocol/MethodNamesResponse;+20
j  org.netbeans.lib.profiler.server.ProfilerServer.handleClientCommand(Lorg/netbeans/lib/profiler/wireprotocol/Command;)V+691
j  org.netbeans.lib.profiler.server.ProfilerServer.listenToClient()V+48
j  org.netbeans.lib.profiler.server.ProfilerServer.run()V+22
v  ~StubRoutines::call_stub

---------------  P R O C E S S  ---------------

Java Threads: ( => current thread )
  0x000001d7ef5e1000 JavaThread "mysql-cj-abandoned-connection-cleanup" daemon [_thread_blocked, id=7320, stack(0x0000007f9a000000,0x0000007f9a100000)]
  0x000001d7ef68c000 JavaThread "TimerQueue" daemon [_thread_blocked, id=16844, stack(0x0000007f99d00000,0x0000007f99e00000)]
  0x000001d7ef5ab800 JavaThread "D3D Screen Updater" daemon [_thread_blocked, id=14028, stack(0x0000007f99c00000,0x0000007f99d00000)]
  0x000001d7d5831800 JavaThread "DestroyJavaVM" [_thread_blocked, id=12760, stack(0x0000007f96d00000,0x0000007f96e00000)]
  0x000001d7ef08c000 JavaThread "AWT-EventQueue-0" [_thread_blocked, id=13276, stack(0x0000007f98900000,0x0000007f98a00000)]
  0x000001d7ee481000 JavaThread "AWT-Windows" daemon [_thread_in_native, id=8432, stack(0x0000007f98800000,0x0000007f98900000)]
  0x000001d7ee47e000 JavaThread "AWT-Shutdown" [_thread_blocked, id=15488, stack(0x0000007f98700000,0x0000007f98800000)]
  0x000001d7ee47a000 JavaThread "Java2D Disposer" daemon [_thread_blocked, id=11004, stack(0x0000007f98600000,0x0000007f98700000)]
  0x000001d7ee2a0000 JavaThread "Service Thread" daemon [_thread_blocked, id=11664, stack(0x0000007f98400000,0x0000007f98500000)]
  0x000001d7ee29f800 JavaThread "C1 CompilerThread3" daemon [_thread_blocked, id=4088, stack(0x0000007f98300000,0x0000007f98400000)]
  0x000001d7ee29e800 JavaThread "C2 CompilerThread2" daemon [_thread_blocked, id=13104, stack(0x0000007f98200000,0x0000007f98300000)]
  0x000001d7ee25f000 JavaThread "C2 CompilerThread1" daemon [_thread_blocked, id=1408, stack(0x0000007f98100000,0x0000007f98200000)]
  0x000001d7ee275800 JavaThread "C2 CompilerThread0" daemon [_thread_blocked, id=16096, stack(0x0000007f98000000,0x0000007f98100000)]
  0x000001d7ee1ac800 JavaThread "*** Profiler Agent Special Execution Thread 6" daemon [_thread_blocked, id=3584, stack(0x0000007f97f00000,0x0000007f98000000)]
  0x000001d7ee1ac000 JavaThread "*** JFluid Monitor thread ***" daemon [_thread_blocked, id=8788, stack(0x0000007f97e00000,0x0000007f97f00000)]
=>0x000001d7ee109800 JavaThread "*** Profiler Agent Communication Thread" daemon [_thread_in_vm, id=17212, stack(0x0000007f97d00000,0x0000007f97e00000)]
  0x000001d7ec80e800 JavaThread "Attach Listener" daemon [_thread_blocked, id=15352, stack(0x0000007f97c00000,0x0000007f97d00000)]
  0x000001d7ec80d800 JavaThread "Signal Dispatcher" daemon [_thread_blocked, id=9256, stack(0x0000007f97b00000,0x0000007f97c00000)]
  0x000001d7ec7e3800 JavaThread "Finalizer" daemon [_thread_blocked, id=856, stack(0x0000007f97a00000,0x0000007f97b00000)]
  0x000001d7ec7e1800 JavaThread "Reference Handler" daemon [_thread_blocked, id=15784, stack(0x0000007f97900000,0x0000007f97a00000)]

Other Threads:
  0x000001d7ec7b6800 VMThread [stack: 0x0000007f97800000,0x0000007f97900000] [id=8560]
  0x000001d7ee260000 WatcherThread [stack: 0x0000007f98500000,0x0000007f98600000] [id=9892]

VM state:not at safepoint (normal execution)

VM Mutex/Monitor currently owned by a thread: None

heap address: 0x0000000080c00000, size: 2036 MB, Compressed Oops mode: 32-bit
Narrow klass base: 0x0000000000000000, Narrow klass shift: 3
Compressed class space size: 1073741824 Address: 0x0000000100000000

Heap:
 PSYoungGen      total 38400K, used 25884K [0x00000000d5980000, 0x00000000d8400000, 0x0000000100000000)
  eden space 33280K, 77% used [0x00000000d5980000,0x00000000d72c7250,0x00000000d7a00000)
  from space 5120K, 0% used [0x00000000d7f00000,0x00000000d7f00000,0x00000000d8400000)
  to   space 5120K, 0% used [0x00000000d7a00000,0x00000000d7a00000,0x00000000d7f00000)
 ParOldGen       total 43008K, used 6931K [0x0000000080c00000, 0x0000000083600000, 0x00000000d5980000)
  object space 43008K, 16% used [0x0000000080c00000,0x00000000812c4e80,0x0000000083600000)
 Metaspace       used 27096K, capacity 27472K, committed 27904K, reserved 1073152K
  class space    used 3085K, capacity 3212K, committed 3328K, reserved 1048576K

Card table byte_map: [0x000001d7e6640000,0x000001d7e6a40000] byte_map_base: 0x000001d7e623a000

Marking Bits: (ParMarkBitMap*) 0x0000000069e07fe0
 Begin Bits: [0x000001d7e6cf0000, 0x000001d7e8cc0000)
 End Bits:   [0x000001d7e8cc0000, 0x000001d7eac90000)

Polling page: 0x000001d7d5990000

CodeCache: size=245760Kb used=5905Kb max_used=5905Kb free=239854Kb
 bounds [0x000001d7d7280000, 0x000001d7d7850000, 0x000001d7e6280000]
 total_blobs=2462 nmethods=1822 adapters=553
 compilation: enabled

Compilation events (10 events):
Event: 11.833 Thread 0x000001d7ee29f800 nmethod 1973 0x000001d7d783a650 code [0x000001d7d783a7a0, 0x000001d7d783a8b8]
Event: 11.833 Thread 0x000001d7ee29f800 1974       1       javax.swing.RepaintManager::isDoubleBufferingEnabled (5 bytes)
Event: 11.833 Thread 0x000001d7ee29f800 nmethod 1974 0x000001d7d783a390 code [0x000001d7d783a4e0, 0x000001d7d783a5f8]
Event: 12.666 Thread 0x000001d7ee29f800 1976   !   3       java.awt.EventDispatchThread::filterAndCheckEvent (108 bytes)
Event: 12.667 Thread 0x000001d7ee29f800 nmethod 1976 0x000001d7d783c810 code [0x000001d7d783ca20, 0x000001d7d783d930]
Event: 12.667 Thread 0x000001d7ee29f800 1977       3       java.awt.Container::eventEnabled (49 bytes)
Event: 12.668 Thread 0x000001d7ee29f800 nmethod 1977 0x000001d7d7839cd0 code [0x000001d7d7839e40, 0x000001d7d783a270]
Event: 12.668 Thread 0x000001d7ee29f800 1978       3       java.awt.Component::eventEnabled (9 bytes)
Event: 12.668 Thread 0x000001d7ee29f800 nmethod 1978 0x000001d7d783e0d0 code [0x000001d7d783e240, 0x000001d7d783e450]
Event: 12.670 Thread 0x000001d7ee29f800 1979       3       sun.awt.windows.WComponentPeer::handleEvent (173 bytes)

GC Heap History (6 events):
Event: 8.464 GC heap before
{Heap before GC invocations=1 (full 0):
 PSYoungGen      total 38400K, used 33280K [0x00000000d5980000, 0x00000000d8400000, 0x0000000100000000)
  eden space 33280K, 100% used [0x00000000d5980000,0x00000000d7a00000,0x00000000d7a00000)
  from space 5120K, 0% used [0x00000000d7f00000,0x00000000d7f00000,0x00000000d8400000)
  to   space 5120K, 0% used [0x00000000d7a00000,0x00000000d7a00000,0x00000000d7f00000)
 ParOldGen       total 87552K, used 0K [0x0000000080c00000, 0x0000000086180000, 0x00000000d5980000)
  object space 87552K, 0% used [0x0000000080c00000,0x0000000080c00000,0x0000000086180000)
 Metaspace       used 18209K, capacity 18446K, committed 18688K, reserved 1064960K
  class space    used 2192K, capacity 2276K, committed 2304K, reserved 1048576K
Event: 8.469 GC heap after
Heap after GC invocations=1 (full 0):
 PSYoungGen      total 38400K, used 5107K [0x00000000d5980000, 0x00000000d8400000, 0x0000000100000000)
  eden space 33280K, 0% used [0x00000000d5980000,0x00000000d5980000,0x00000000d7a00000)
  from space 5120K, 99% used [0x00000000d7a00000,0x00000000d7efcfb0,0x00000000d7f00000)
  to   space 5120K, 0% used [0x00000000d7f00000,0x00000000d7f00000,0x00000000d8400000)
 ParOldGen       total 87552K, used 537K [0x0000000080c00000, 0x0000000086180000, 0x00000000d5980000)
  object space 87552K, 0% used [0x0000000080c00000,0x0000000080c86468,0x0000000086180000)
 Metaspace       used 18209K, capacity 18446K, committed 18688K, reserved 1064960K
  class space    used 2192K, capacity 2276K, committed 2304K, reserved 1048576K
}
Event: 9.042 GC heap before
{Heap before GC invocations=2 (full 0):
 PSYoungGen      total 38400K, used 14132K [0x00000000d5980000, 0x00000000d8400000, 0x0000000100000000)
  eden space 33280K, 27% used [0x00000000d5980000,0x00000000d6250348,0x00000000d7a00000)
  from space 5120K, 99% used [0x00000000d7a00000,0x00000000d7efcfb0,0x00000000d7f00000)
  to   space 5120K, 0% used [0x00000000d7f00000,0x00000000d7f00000,0x00000000d8400000)
 ParOldGen       total 87552K, used 537K [0x0000000080c00000, 0x0000000086180000, 0x00000000d5980000)
  object space 87552K, 0% used [0x0000000080c00000,0x0000000080c86468,0x0000000086180000)
 Metaspace       used 20722K, capacity 20980K, committed 21248K, reserved 1069056K
  class space    used 2383K, capacity 2481K, committed 2560K, reserved 1048576K
Event: 9.048 GC heap after
Heap after GC invocations=2 (full 0):
 PSYoungGen      total 38400K, used 5094K [0x00000000d5980000, 0x00000000d8400000, 0x0000000100000000)
  eden space 33280K, 0% used [0x00000000d5980000,0x00000000d5980000,0x00000000d7a00000)
  from space 5120K, 99% used [0x00000000d7f00000,0x00000000d83f99c0,0x00000000d8400000)
  to   space 5120K, 0% used [0x00000000d7a00000,0x00000000d7a00000,0x00000000d7f00000)
 ParOldGen       total 87552K, used 2493K [0x0000000080c00000, 0x0000000086180000, 0x00000000d5980000)
  object space 87552K, 2% used [0x0000000080c00000,0x0000000080e6f5d8,0x0000000086180000)
 Metaspace       used 20722K, capacity 20980K, committed 21248K, reserved 1069056K
  class space    used 2383K, capacity 2481K, committed 2560K, reserved 1048576K
}
Event: 9.048 GC heap before
{Heap before GC invocations=3 (full 1):
 PSYoungGen      total 38400K, used 5094K [0x00000000d5980000, 0x00000000d8400000, 0x0000000100000000)
  eden space 33280K, 0% used [0x00000000d5980000,0x00000000d5980000,0x00000000d7a00000)
  from space 5120K, 99% used [0x00000000d7f00000,0x00000000d83f99c0,0x00000000d8400000)
  to   space 5120K, 0% used [0x00000000d7a00000,0x00000000d7a00000,0x00000000d7f00000)
 ParOldGen       total 87552K, used 2493K [0x0000000080c00000, 0x0000000086180000, 0x00000000d5980000)
  object space 87552K, 2% used [0x0000000080c00000,0x0000000080e6f5d8,0x0000000086180000)
 Metaspace       used 20722K, capacity 20980K, committed 21248K, reserved 1069056K
  class space    used 2383K, capacity 2481K, committed 2560K, reserved 1048576K
Event: 9.074 GC heap after
Heap after GC invocations=3 (full 1):
 PSYoungGen      total 38400K, used 0K [0x00000000d5980000, 0x00000000d8400000, 0x0000000100000000)
  eden space 33280K, 0% used [0x00000000d5980000,0x00000000d5980000,0x00000000d7a00000)
  from space 5120K, 0% used [0x00000000d7f00000,0x00000000d7f00000,0x00000000d8400000)
  to   space 5120K, 0% used [0x00000000d7a00000,0x00000000d7a00000,0x00000000d7f00000)
 ParOldGen       total 43008K, used 6931K [0x0000000080c00000, 0x0000000083600000, 0x00000000d5980000)
  object space 43008K, 16% used [0x0000000080c00000,0x00000000812c4e80,0x0000000083600000)
 Metaspace       used 20721K, capacity 20974K, committed 21248K, reserved 1069056K
  class space    used 2382K, capacity 2479K, committed 2560K, reserved 1048576K
}

Deoptimization events (10 events):
Event: 9.676 Thread 0x000001d7ef08c000 Uncommon trap: reason=unstable_if action=reinterpret pc=0x000001d7d754bcb0 method=java.util.regex.ASCII.isType(II)Z @ 6
Event: 9.787 Thread 0x000001d7ef08c000 Uncommon trap: reason=unstable_if action=reinterpret pc=0x000001d7d7697454 method=java.math.BigInteger.addOne([IIII)I @ 55
Event: 10.684 Thread 0x000001d7ef08c000 Uncommon trap: reason=predicate action=maybe_recompile pc=0x000001d7d7765718 method=java.util.regex.Pattern$SliceI.match(Ljava/util/regex/Matcher;ILjava/lang/CharSequence;)Z @ 21
Event: 11.202 Thread 0x000001d7ef08c000 Uncommon trap: reason=class_check action=maybe_recompile pc=0x000001d7d77c65dc method=sun.security.util.math.intpoly.IntegerPolynomial$MutableElement.setSum(Lsun/security/util/math/IntegerModuloP;)Lsun/security/util/math/intpoly/IntegerPolynomial$MutableE
Event: 11.202 Thread 0x000001d7ef08c000 Uncommon trap: reason=class_check action=maybe_recompile pc=0x000001d7d77c65dc method=sun.security.util.math.intpoly.IntegerPolynomial$MutableElement.setSum(Lsun/security/util/math/IntegerModuloP;)Lsun/security/util/math/intpoly/IntegerPolynomial$MutableE
Event: 11.202 Thread 0x000001d7ef08c000 Uncommon trap: reason=class_check action=maybe_recompile pc=0x000001d7d77c65dc method=sun.security.util.math.intpoly.IntegerPolynomial$MutableElement.setSum(Lsun/security/util/math/IntegerModuloP;)Lsun/security/util/math/intpoly/IntegerPolynomial$MutableE
Event: 11.202 Thread 0x000001d7ef08c000 Uncommon trap: reason=class_check action=maybe_recompile pc=0x000001d7d77c65dc method=sun.security.util.math.intpoly.IntegerPolynomial$MutableElement.setSum(Lsun/security/util/math/IntegerModuloP;)Lsun/security/util/math/intpoly/IntegerPolynomial$MutableE
Event: 11.803 Thread 0x000001d7ef08c000 Uncommon trap: reason=unstable_if action=reinterpret pc=0x000001d7d7430678 method=java.util.HashMap.putVal(ILjava/lang/Object;Ljava/lang/Object;ZZ)Ljava/lang/Object; @ 109
Event: 11.804 Thread 0x000001d7ef08c000 Uncommon trap: reason=unstable_if action=reinterpret pc=0x000001d7d770583c method=java.util.HashMap.resize()[Ljava/util/HashMap$Node; @ 206
Event: 11.807 Thread 0x000001d7ef08c000 Uncommon trap: reason=unstable_if action=reinterpret pc=0x000001d7d747b628 method=java.awt.MultipleGradientPaintContext.indexIntoGradientsArrays(F)I @ 24

Classes redefined (10 events):
Event: 11.562 Thread 0x000001d7ec7b6800 redefined class name=com.mysql.cj.result.DefaultColumnDefinition$1, count=1
Event: 11.595 Thread 0x000001d7ec7b6800 redefined class name=com.mysql.cj.jdbc.result.ResultSetImpl, count=1
Event: 11.609 Thread 0x000001d7ec7b6800 redefined class name=java.sql.Statement, count=1
Event: 11.635 Thread 0x000001d7ec7b6800 redefined class name=com.mysql.cj.jdbc.StatementImpl, count=1
Event: 11.647 Thread 0x000001d7ec7b6800 redefined class name=com.mysql.cj.AbstractQuery, count=1
Event: 11.657 Thread 0x000001d7ec7b6800 redefined class name=com.mysql.cj.Query$CancelStatus, count=1
Event: 11.670 Thread 0x000001d7ec7b6800 redefined class name=com.mysql.cj.jdbc.EscapeProcessor, count=1
Event: 11.696 Thread 0x000001d7ec7b6800 redefined class name=java.util.Calendar, count=1
Event: 11.712 Thread 0x000001d7ec7b6800 redefined class name=java.util.GregorianCalendar, count=1
Event: 11.726 Thread 0x000001d7ec7b6800 redefined class name=sun.util.locale.provider.CalendarDataUtility$CalendarWeekParameterGetter, count=1

Internal exceptions (10 events):
Event: 1.301 Thread 0x000001d7d5831800 Exception <a 'java/lang/ClassNotFoundException': javax/swing/JToolBarSeparator> (0x00000000d6532b30) thrown at [C:\jenkins\workspace\8-2-build-windows-amd64-cygwin\jdk8u291\1294\hotspot\src\share\vm\classfile\systemDictionary.cpp, line 212]
Event: 1.301 Thread 0x000001d7d5831800 Exception <a 'java/lang/ClassNotFoundException': ToolBarSeparator> (0x00000000d6532fc8) thrown at [C:\jenkins\workspace\8-2-build-windows-amd64-cygwin\jdk8u291\1294\hotspot\src\share\vm\classfile\systemDictionary.cpp, line 212]
Event: 1.302 Thread 0x000001d7d5831800 Exception <a 'java/lang/ClassNotFoundException': ToolTip> (0x00000000d6533708) thrown at [C:\jenkins\workspace\8-2-build-windows-amd64-cygwin\jdk8u291\1294\hotspot\src\share\vm\classfile\systemDictionary.cpp, line 212]
Event: 1.303 Thread 0x000001d7d5831800 Exception <a 'java/lang/ClassNotFoundException': Tree> (0x00000000d6534328) thrown at [C:\jenkins\workspace\8-2-build-windows-amd64-cygwin\jdk8u291\1294\hotspot\src\share\vm\classfile\systemDictionary.cpp, line 212]
Event: 1.303 Thread 0x000001d7d5831800 Exception <a 'java/lang/ClassNotFoundException': Tree> (0x00000000d6534a68) thrown at [C:\jenkins\workspace\8-2-build-windows-amd64-cygwin\jdk8u291\1294\hotspot\src\share\vm\classfile\systemDictionary.cpp, line 212]
Event: 1.303 Thread 0x000001d7d5831800 Exception <a 'java/lang/ClassNotFoundException': javax/swing/JTreeCell> (0x00000000d6534de8) thrown at [C:\jenkins\workspace\8-2-build-windows-amd64-cygwin\jdk8u291\1294\hotspot\src\share\vm\classfile\systemDictionary.cpp, line 212]
Event: 1.303 Thread 0x000001d7d5831800 Exception <a 'java/lang/ClassNotFoundException': TreeCell> (0x00000000d6535270) thrown at [C:\jenkins\workspace\8-2-build-windows-amd64-cygwin\jdk8u291\1294\hotspot\src\share\vm\classfile\systemDictionary.cpp, line 212]
Event: 1.303 Thread 0x000001d7d5831800 Exception <a 'java/lang/ClassNotFoundException': RootPane> (0x00000000d6535cd0) thrown at [C:\jenkins\workspace\8-2-build-windows-amd64-cygwin\jdk8u291\1294\hotspot\src\share\vm\classfile\systemDictionary.cpp, line 212]
Event: 1.410 Thread 0x000001d7ef08c000 Implicit null exception at 0x000001d7d741a559 to 0x000001d7d741a8f9
Event: 1.411 Thread 0x000001d7ef08c000 Implicit null exception at 0x000001d7d74259d9 to 0x000001d7d7425d95

Events (10 events):
Event: 11.804 Thread 0x000001d7ef08c000 DEOPT UNPACKING pc=0x000001d7d72c5843 sp=0x0000007f989f7120 mode 2
Event: 11.805 loading class java/awt/geom/EllipseIterator
Event: 11.805 loading class java/awt/geom/EllipseIterator done
Event: 11.807 Thread 0x000001d7ef08c000 Uncommon trap: trap_request=0xffffff65 fr.pc=0x000001d7d747b628
Event: 11.807 Thread 0x000001d7ef08c000 DEOPT PACKING pc=0x000001d7d747b628 sp=0x0000007f989f76a0
Event: 11.807 Thread 0x000001d7ef08c000 DEOPT UNPACKING pc=0x000001d7d72c5843 sp=0x0000007f989f7640 mode 2
Event: 11.810 Executing VM operation: RevokeBias
Event: 11.810 Executing VM operation: RevokeBias done
Event: 12.644 loading class org/netbeans/lib/profiler/wireprotocol/GetMethodNamesForJMethodIdsCommand
Event: 12.644 loading class org/netbeans/lib/profiler/wireprotocol/GetMethodNamesForJMethodIdsCommand done


Dynamic libraries:
0x00007ff744320000 - 0x00007ff744367000 	C:\Program Files\Java\jdk1.8.0_291\bin\java.exe
0x00007ffef6190000 - 0x00007ffef6385000 	C:\WINDOWS\SYSTEM32\ntdll.dll
0x00007ffef6090000 - 0x00007ffef614e000 	C:\WINDOWS\System32\KERNEL32.DLL
0x00007ffef3e00000 - 0x00007ffef40c9000 	C:\WINDOWS\System32\KERNELBASE.dll
0x00007ffef46c0000 - 0x00007ffef476c000 	C:\WINDOWS\System32\ADVAPI32.dll
0x00007ffef5860000 - 0x00007ffef58fe000 	C:\WINDOWS\System32\msvcrt.dll
0x00007ffef5aa0000 - 0x00007ffef5b3b000 	C:\WINDOWS\System32\sechost.dll
0x00007ffef4dc0000 - 0x00007ffef4eea000 	C:\WINDOWS\System32\RPCRT4.dll
0x00007ffef5650000 - 0x00007ffef57f1000 	C:\WINDOWS\System32\USER32.dll
0x00007ffef3950000 - 0x00007ffef3972000 	C:\WINDOWS\System32\win32u.dll
0x00007ffef5bf0000 - 0x00007ffef5c1b000 	C:\WINDOWS\System32\GDI32.dll
0x00007ffef40d0000 - 0x00007ffef41db000 	C:\WINDOWS\System32\gdi32full.dll
0x00007ffef38b0000 - 0x00007ffef394d000 	C:\WINDOWS\System32\msvcp_win.dll
0x00007ffef3a10000 - 0x00007ffef3b10000 	C:\WINDOWS\System32\ucrtbase.dll
0x00007ffeeba70000 - 0x00007ffeebd0a000 	C:\WINDOWS\WinSxS\amd64_microsoft.windows.common-controls_6595b64144ccf1df_6.0.19041.1110_none_60b5254171f9507e\COMCTL32.dll
0x00007ffef5c80000 - 0x00007ffef5cb0000 	C:\WINDOWS\System32\IMM32.DLL
0x00007ffec8220000 - 0x00007ffec8235000 	C:\Program Files\Java\jdk1.8.0_291\jre\bin\vcruntime140.dll
0x00007ffeb7430000 - 0x00007ffeb74cb000 	C:\Program Files\Java\jdk1.8.0_291\jre\bin\msvcp140.dll
0x0000000069620000 - 0x0000000069e80000 	C:\Program Files\Java\jdk1.8.0_291\jre\bin\server\jvm.dll
0x00007ffef5e60000 - 0x00007ffef5e68000 	C:\WINDOWS\System32\PSAPI.DLL
0x00007ffedc0e0000 - 0x00007ffedc0e9000 	C:\WINDOWS\SYSTEM32\WSOCK32.dll
0x00007ffedddf0000 - 0x00007ffedde17000 	C:\WINDOWS\SYSTEM32\WINMM.dll
0x00007ffeec680000 - 0x00007ffeec68a000 	C:\WINDOWS\SYSTEM32\VERSION.dll
0x00007ffef5980000 - 0x00007ffef59eb000 	C:\WINDOWS\System32\WS2_32.dll
0x00007ffef17d0000 - 0x00007ffef17e2000 	C:\WINDOWS\SYSTEM32\kernel.appcore.dll
0x00007ffedc0d0000 - 0x00007ffedc0e0000 	C:\Program Files\Java\jdk1.8.0_291\jre\bin\verify.dll
0x00007ffebe8d0000 - 0x00007ffebe8fb000 	C:\Program Files\Java\jdk1.8.0_291\jre\bin\java.dll
0x00007ffee83a0000 - 0x00007ffee83af000 	C:\Program Files\NetBeans-12.0\netbeans\profiler\lib\deployed\jdk16\windows-amd64\profilerinterface.dll
0x00007ffec2520000 - 0x00007ffec2538000 	C:\Program Files\Java\jdk1.8.0_291\jre\bin\zip.dll
0x00007ffef4ef0000 - 0x00007ffef562f000 	C:\WINDOWS\System32\SHELL32.dll
0x00007ffef19d0000 - 0x00007ffef2160000 	C:\WINDOWS\SYSTEM32\windows.storage.dll
0x00007ffef4920000 - 0x00007ffef4c75000 	C:\WINDOWS\System32\combase.dll
0x00007ffef3300000 - 0x00007ffef332c000 	C:\WINDOWS\SYSTEM32\Wldp.dll
0x00007ffef59f0000 - 0x00007ffef5a9d000 	C:\WINDOWS\System32\SHCORE.dll
0x00007ffef5c20000 - 0x00007ffef5c75000 	C:\WINDOWS\System32\shlwapi.dll
0x00007ffef37f0000 - 0x00007ffef380f000 	C:\WINDOWS\SYSTEM32\profapi.dll
0x00007ffebc6a0000 - 0x00007ffebc6bc000 	C:\Program Files\Java\jdk1.8.0_291\jre\bin\net.dll
0x00007ffef3060000 - 0x00007ffef30ca000 	C:\WINDOWS\system32\mswsock.dll
0x00007ffee9ee0000 - 0x00007ffee9eed000 	C:\Program Files\Java\jdk1.8.0_291\jre\bin\management.dll
0x00007ffebc680000 - 0x00007ffebc693000 	C:\Program Files\Java\jdk1.8.0_291\jre\bin\nio.dll
0x00007ffef3250000 - 0x00007ffef3268000 	C:\WINDOWS\SYSTEM32\CRYPTSP.dll
0x00007ffef2970000 - 0x00007ffef29a4000 	C:\WINDOWS\system32\rsaenh.dll
0x00007ffef3dd0000 - 0x00007ffef3df7000 	C:\WINDOWS\System32\bcrypt.dll
0x00007ffef37b0000 - 0x00007ffef37de000 	C:\WINDOWS\SYSTEM32\USERENV.dll
0x00007ffef3980000 - 0x00007ffef3a03000 	C:\WINDOWS\System32\bcryptprimitives.dll
0x00007ffef3270000 - 0x00007ffef327c000 	C:\WINDOWS\SYSTEM32\CRYPTBASE.dll
0x00007ffef2d00000 - 0x00007ffef2d3b000 	C:\WINDOWS\SYSTEM32\IPHLPAPI.DLL
0x00007ffef4c80000 - 0x00007ffef4c88000 	C:\WINDOWS\System32\NSI.dll
0x00007ffeed6e0000 - 0x00007ffeed6f7000 	C:\WINDOWS\SYSTEM32\dhcpcsvc6.DLL
0x00007ffeede10000 - 0x00007ffeede2d000 	C:\WINDOWS\SYSTEM32\dhcpcsvc.DLL
0x00007ffef2d40000 - 0x00007ffef2e0c000 	C:\WINDOWS\SYSTEM32\DNSAPI.dll
0x00007ffe839f0000 - 0x00007ffe83b85000 	C:\Program Files\Java\jdk1.8.0_291\jre\bin\awt.dll
0x00007ffef4850000 - 0x00007ffef491d000 	C:\WINDOWS\System32\OLEAUT32.dll
0x00007ffef0c70000 - 0x00007ffef0d00000 	C:\WINDOWS\SYSTEM32\apphelp.dll
0x00007ffef12f0000 - 0x00007ffef138e000 	C:\WINDOWS\system32\uxtheme.dll
0x00007ffef5f70000 - 0x00007ffef6085000 	C:\WINDOWS\System32\MSCTF.dll
0x00007ffef4c90000 - 0x00007ffef4dba000 	C:\WINDOWS\System32\ole32.dll
0x00007ffef14e0000 - 0x00007ffef150f000 	C:\WINDOWS\system32\DWMAPI.DLL
0x00007ffeb73e0000 - 0x00007ffeb7429000 	C:\Program Files\Java\jdk1.8.0_291\jre\bin\fontmanager.dll
0x00007ffec36e0000 - 0x00007ffec3805000 	C:\WINDOWS\system32\opengl32.dll
0x00007ffecfe70000 - 0x00007ffecfe9c000 	C:\WINDOWS\SYSTEM32\GLU32.dll
0x00007ffec3810000 - 0x00007ffec39de000 	C:\WINDOWS\system32\d3d9.dll
0x00007ffed4680000 - 0x00007ffed485b000 	C:\WINDOWS\System32\DriverStore\FileRepository\u0360470.inf_amd64_35c64671e7fac064\B360357\aticfx64.dll
0x00007ffec3300000 - 0x00007ffec3333000 	C:\WINDOWS\System32\DriverStore\FileRepository\u0360470.inf_amd64_35c64671e7fac064\B360357\atiu9p64.dll
0x00007ffea39e0000 - 0x00007ffea4676000 	C:\WINDOWS\System32\DriverStore\FileRepository\u0360470.inf_amd64_35c64671e7fac064\B360357\atiumd64.dll
0x00007ffeeccf0000 - 0x00007ffeeced4000 	C:\WINDOWS\SYSTEM32\dbghelp.dll
0x00007ffeeaf90000 - 0x00007ffeeafbc000 	C:\WINDOWS\SYSTEM32\dbgcore.DLL
0x0000000069f10000 - 0x000000006ad89000 	C:\WINDOWS\System32\DriverStore\FileRepository\u0360470.inf_amd64_35c64671e7fac064\B360357\atiumd6a.dll
0x00007ffef2e70000 - 0x00007ffef2ebb000 	C:\WINDOWS\SYSTEM32\POWRPROF.dll
0x00007ffef2ce0000 - 0x00007ffef2cf2000 	C:\WINDOWS\SYSTEM32\UMPDC.dll
0x00007ffed4c80000 - 0x00007ffed4caf000 	C:\WINDOWS\SYSTEM32\amdihk64.dll
0x00007ffeeebc0000 - 0x00007ffeeebfb000 	C:\WINDOWS\SYSTEM32\dxcore.dll
0x00007ffef3b10000 - 0x00007ffef3b5e000 	C:\WINDOWS\System32\cfgmgr32.dll
0x00007ffef5b40000 - 0x00007ffef5be9000 	C:\WINDOWS\System32\clbcatq.dll
0x00007ffef1090000 - 0x00007ffef1244000 	C:\WINDOWS\SYSTEM32\WindowsCodecs.dll
0x00007ffed56d0000 - 0x00007ffed570e000 	C:\WINDOWS\system32\dataexchange.dll
0x00007ffeeef30000 - 0x00007ffeef194000 	C:\WINDOWS\system32\d3d11.dll
0x00007ffeef600000 - 0x00007ffeef7e5000 	C:\WINDOWS\system32\dcomp.dll
0x00007ffef21d0000 - 0x00007ffef22c4000 	C:\WINDOWS\system32\dxgi.dll
0x00007ffeee3d0000 - 0x00007ffeee5d1000 	C:\WINDOWS\system32\twinapi.appcore.dll
0x00007ffeb7390000 - 0x00007ffeb73d3000 	C:\Program Files\Java\jdk1.8.0_291\jre\bin\t2k.dll
0x00007ffed7250000 - 0x00007ffed7349000 	C:\WINDOWS\SYSTEM32\textinputframework.dll
0x00007ffef0810000 - 0x00007ffef0b6e000 	C:\WINDOWS\System32\CoreUIComponents.dll
0x00007ffef0b70000 - 0x00007ffef0c62000 	C:\WINDOWS\System32\CoreMessaging.dll
0x00007ffef25a0000 - 0x00007ffef25d3000 	C:\WINDOWS\SYSTEM32\ntmarta.dll
0x00007ffef0600000 - 0x00007ffef0754000 	C:\WINDOWS\SYSTEM32\wintypes.dll
0x00007ffed70f0000 - 0x00007ffed711a000 	C:\Program Files\Java\jdk1.8.0_291\jre\bin\dcpr.dll
0x00007ffeec320000 - 0x00007ffeec32a000 	C:\Windows\System32\rasadhlp.dll
0x00007ffeeb620000 - 0x00007ffeeb69f000 	C:\WINDOWS\System32\fwpuclnt.dll
0x00007ffec87b0000 - 0x00007ffec87d4000 	C:\Program Files\Java\jdk1.8.0_291\jre\bin\sunec.dll
0x00007ffee51d0000 - 0x00007ffee51dd000 	C:\Program Files\Java\jdk1.8.0_291\jre\bin\sunmscapi.dll
0x00007ffef3c10000 - 0x00007ffef3d66000 	C:\WINDOWS\System32\CRYPT32.dll
0x00007ffef3370000 - 0x00007ffef3397000 	C:\WINDOWS\SYSTEM32\ncrypt.dll
0x00007ffef3330000 - 0x00007ffef336b000 	C:\WINDOWS\SYSTEM32\NTASN1.dll

VM Arguments:
jvm_args: -Dfile.encoding=UTF-8 -agentpath:C:/Program Files/NetBeans-12.0/netbeans/profiler/lib/deployed/jdk16/windows-amd64/profilerinterface.dll=C:\Program Files\NetBeans-12.0\netbeans\profiler\lib,5140,10 -XX:+HeapDumpOnOutOfMemoryError -XX:HeapDumpPath=C:\Users\Nicholas\OneDrive\Documents\NetBeansProjects\JavaGUI\nbproject\private\profiler 
java_command: LoginScreen
java_class_path (initial): C:\Users\Nicholas\Downloads\jdatepicker-1.3.4.jar;C:\Users\Nicholas\Downloads\jcalendar-1.4.jar\jcalendar-1.4.jar;C:\Users\Nicholas\Downloads\mysql-connector-java-8.0.26\mysql-connector-java-8.0.26\mysql-connector-java-8.0.26.jar;C:\Users\Nicholas\OneDrive\Documents\NetBeansProjects\JavaGUI\build\classes
Launcher Type: SUN_STANDARD

Environment Variables:
PATH=C:\Program Files\Java\jdk1.8.0_291\bin;C:\Program Files (x86)\Common Files\Oracle\Java\javapath;C:\WINDOWS\system32;C:\WINDOWS;C:\WINDOWS\System32\Wbem;C:\WINDOWS\System32\WindowsPowerShell\v1.0\;C:\WINDOWS\System32\OpenSSH\;C:\Program Files\Microsoft SQL Server\130\Tools\Binn\;C:\Program Files\Microsoft SQL Server\Client SDK\ODBC\170\Tools\Binn\;C:\Program Files (x86)\Microsoft SQL Server\150\Tools\Binn\;C:\Program Files\Microsoft SQL Server\150\Tools\Binn\;C:\Program Files\Microsoft SQL Server\150\DTS\Binn\;C:\Program Files (x86)\Microsoft SQL Server\150\DTS\Binn\;C:\Program Files\Azure Data Studio\bin;C:\Program Files\Git\cmd;C:\Program Files\MySQL\MySQL Server 8.0\bin;C:\Program Files\dotnet\;C:\Users\Nicholas\AppData\Local\Microsoft\WindowsApps;C:\Users\Nicholas\AppData\Local\Programs\Microsoft VS Code\bin;C:\Users\Nicholas\AppData\Local\atom\bin;C:\Program Files\Azure Data Studio\bin;C:\Program Files\JetBrains\IntelliJ IDEA Community Edition 2021.1.3\bin;;C:\Users\Nicholas\AppData\Local\GitHubDesktop\bin;C:\Users\Nicholas\.dotnet\tools
USERNAME=Nicholas
OS=Windows_NT
PROCESSOR_IDENTIFIER=AMD64 Family 23 Model 8 Stepping 2, AuthenticAMD



---------------  S Y S T E M  ---------------

OS: Windows 10.0 , 64 bit Build 19041 (10.0.19041.1202)

CPU:total 12 (initial active 12) (12 cores per cpu, 1 threads per core) family 23 model 8 stepping 2, cmov, cx8, fxsr, mmx, sse, sse2, sse3, ssse3, sse4.1, sse4.2, popcnt, avx, avx2, aes, clmul, mmxext, 3dnowpref, lzcnt, sse4a, tsc, tscinvbit, tscinv, bmi1

Memory: 4k page, physical 8338492k(908736k free), swap 20443156k(4348732k free)

vm_info: Java HotSpot(TM) 64-Bit Server VM (25.291-b10) for windows-amd64 JRE (1.8.0_291-b10), built on Apr  9 2021 00:02:00 by "java_re" with MS VC++ 15.9 (VS2017)

time: Tue Oct 19 12:08:37 2021
timezone: AUS Eastern Summer Time
elapsed time: 12.717042 seconds (0d 0h 0m 12s)

