#
# A fatal error has been detected by the Java Runtime Environment:
#
#  EXCEPTION_ACCESS_VIOLATION (0xc0000005) at pc=0x00000000697526cb, pid=15608, tid=0x0000000000002d80
#
# JRE version: Java(TM) SE Runtime Environment (8.0_291-b10) (build 1.8.0_291-b10)
# Java VM: Java HotSpot(TM) 64-Bit Server VM (25.291-b10 mixed mode windows-amd64 compressed oops)
# Problematic frame:
# V  [jvm.dll+0x1326cb]
#
# Failed to write core dump. Minidumps are not enabled by default on client versions of Windows
#
# If you would like to submit a bug report, please visit:
#   http://bugreport.java.com/bugreport/crash.jsp
#

---------------  T H R E A D  ---------------

Current thread (0x000001dd24774000):  JavaThread "*** Profiler Agent Communication Thread" daemon [_thread_in_vm, id=11648, stack(0x0000008191400000,0x0000008191500000)]

siginfo: ExceptionCode=0xc0000005, reading address 0x000000002dce3010

Registers:
RAX=0x00000081914fef01, RBX=0x000001dd24774000, RCX=0x000000002dce3010, RDX=0x000001dd24774000
RSP=0x00000081914fef10, RBP=0x000000002dce3010, RSI=0x000001dd0bf9bd70, RDI=0x00000081914ff030
R8 =0x00000081914ff030, R9 =0x000000000000004c, R10=0x0000000000000000, R11=0x00000081914feb01
R12=0x000001dd2c7afa00, R13=0x0000000000000026, R14=0x00007ffeeeb79c68, R15=0x00007ffeeeb79a60
RIP=0x00000000697526cb, EFLAGS=0x0000000000010202

Top of Stack: (sp=0x00000081914fef10)
0x00000081914fef10:   00000003914ff000 000000006977e8b3
0x00000081914fef20:   000001dd24774000 00000081914ff0d8
0x00000081914fef30:   000001dd24774000 000000006995e51d
0x00000081914fef40:   00000000000005f0 000001dd24774000
0x00000081914fef50:   000001dd24774200 00007ffef5879d40
0x00000081914fef60:   000001dd24774000 0000000000000000
0x00000081914fef70:   000001dd00000000 0000000000000000
0x00000081914fef80:   000000002dce3010 00007ffeeeb734da
0x00000081914fef90:   0000000000000000 000001dd24774200
0x00000081914fefa0:   000001dd21b205c8 0000000000000039
0x00000081914fefb0:   000001dd2c7afa00 000001dd221e89f0
0x00000081914fefc0:   000001dd21ca6700 000001dd24774000
0x00000081914fefd0:   000001dd21ca6700 000001dd24774000
0x00000081914fefe0:   000001dd0d8b7dc0 000001dd21b205c8
0x00000081914feff0:   000001dd24774000 000001dd21ca6700
0x00000081914ff000:   0000000000000000 000001dd0d8b7dc0 

Instructions: (pc=0x00000000697526cb)
0x00000000697526ab:   cc cc cc cc cc 48 89 11 c3 cc cc cc cc cc cc cc
0x00000000697526bb:   cc cc cc cc cc 40 53 48 83 ec 20 48 85 c9 74 24
0x00000000697526cb:   48 8b 19 48 85 db 74 1c 48 83 fb 37 74 16 48 8b
0x00000000697526db:   13 48 8b cb ff 52 10 84 c0 74 09 48 8b c3 48 83 


Register to memory mapping:

RAX=0x00000081914fef01 is pointing into the stack for thread: 0x000001dd24774000
RBX=0x000001dd24774000 is a thread
RCX=0x000000002dce3010 is an unknown value
RDX=0x000001dd24774000 is a thread
RSP=0x00000081914fef10 is pointing into the stack for thread: 0x000001dd24774000
RBP=0x000000002dce3010 is an unknown value
RSI=0x000001dd0bf9bd70 is an unknown value
RDI=0x00000081914ff030 is pointing into the stack for thread: 0x000001dd24774000
R8 =0x00000081914ff030 is pointing into the stack for thread: 0x000001dd24774000
R9 =0x000000000000004c is an unknown value
R10=0x0000000000000000 is an unknown value
R11=0x00000081914feb01 is pointing into the stack for thread: 0x000001dd24774000
R12=0x000001dd2c7afa00 is an unknown value
R13=0x0000000000000026 is an unknown value
R14=0x00007ffeeeb79c68 is an unknown value
R15=0x00007ffeeeb79a60 is an unknown value


Stack: [0x0000008191400000,0x0000008191500000],  sp=0x00000081914fef10,  free space=1019k
Native frames: (J=compiled Java code, j=interpreted, Vv=VM code, C=native code)
V  [jvm.dll+0x1326cb]
V  [jvm.dll+0x33e51d]
C  [profilerinterface.dll+0x34da]
C  0x000001dd0d8c990e

Java frames: (J=compiled Java code, j=interpreted, Vv=VM code)
j  org.netbeans.lib.profiler.server.system.Stacks.getMethodNamesForJMethodIds(I[I[I)[B+0
j  org.netbeans.lib.profiler.server.ProfilerInterface.getMethodNamesForJMethodIds([I)Lorg/netbeans/lib/profiler/wireprotocol/MethodNamesResponse;+20
j  org.netbeans.lib.profiler.server.ProfilerServer.handleClientCommand(Lorg/netbeans/lib/profiler/wireprotocol/Command;)V+691
j  org.netbeans.lib.profiler.server.ProfilerServer.listenToClient()V+48
j  org.netbeans.lib.profiler.server.ProfilerServer.run()V+22
v  ~StubRoutines::call_stub

---------------  P R O C E S S  ---------------

Java Threads: ( => current thread )
  0x000001dd24af4800 JavaThread "*** Profiler Agent Special Execution Thread 10" daemon [_thread_blocked, id=13176, stack(0x0000008193800000,0x0000008193900000)]
  0x000001dd25e66800 JavaThread "TimerQueue" daemon [_thread_blocked, id=3668, stack(0x0000008193400000,0x0000008193500000)]
  0x000001dd25e53800 JavaThread "D3D Screen Updater" daemon [_thread_blocked, id=7576, stack(0x0000008193300000,0x0000008193400000)]
  0x000001dd0bfa2800 JavaThread "DestroyJavaVM" [_thread_blocked, id=10908, stack(0x0000008190400000,0x0000008190500000)]
  0x000001dd257a2000 JavaThread "AWT-EventQueue-0" [_thread_blocked, id=9808, stack(0x0000008192000000,0x0000008192100000)]
  0x000001dd256ea000 JavaThread "AWT-Windows" daemon [_thread_in_native, id=652, stack(0x0000008191f00000,0x0000008192000000)]
  0x000001dd24b16000 JavaThread "AWT-Shutdown" [_thread_blocked, id=10372, stack(0x0000008191e00000,0x0000008191f00000)]
  0x000001dd24b15800 JavaThread "Java2D Disposer" daemon [_thread_blocked, id=11272, stack(0x0000008191d00000,0x0000008191e00000)]
  0x000001dd248d8000 JavaThread "Service Thread" daemon [_thread_blocked, id=13264, stack(0x0000008191b00000,0x0000008191c00000)]
  0x000001dd248d6800 JavaThread "C1 CompilerThread3" daemon [_thread_blocked, id=9884, stack(0x0000008191a00000,0x0000008191b00000)]
  0x000001dd248d5800 JavaThread "C2 CompilerThread2" daemon [_thread_blocked, id=8056, stack(0x0000008191900000,0x0000008191a00000)]
  0x000001dd248d0000 JavaThread "C2 CompilerThread1" daemon [_thread_blocked, id=7516, stack(0x0000008191800000,0x0000008191900000)]
  0x000001dd248cf800 JavaThread "C2 CompilerThread0" daemon [_thread_blocked, id=9388, stack(0x0000008191700000,0x0000008191800000)]
  0x000001dd24820800 JavaThread "*** Profiler Agent Special Execution Thread 6" daemon [_thread_blocked, id=11156, stack(0x0000008191600000,0x0000008191700000)]
  0x000001dd2481f800 JavaThread "*** JFluid Monitor thread ***" daemon [_thread_blocked, id=18060, stack(0x0000008191500000,0x0000008191600000)]
=>0x000001dd24774000 JavaThread "*** Profiler Agent Communication Thread" daemon [_thread_in_vm, id=11648, stack(0x0000008191400000,0x0000008191500000)]
  0x000001dd221b4000 JavaThread "Attach Listener" daemon [_thread_blocked, id=10360, stack(0x0000008191300000,0x0000008191400000)]
  0x000001dd221b3800 JavaThread "Signal Dispatcher" daemon [_thread_blocked, id=6652, stack(0x0000008191200000,0x0000008191300000)]
  0x000001dd2218a000 JavaThread "Finalizer" daemon [_thread_blocked, id=17224, stack(0x0000008191100000,0x0000008191200000)]
  0x000001dd22187800 JavaThread "Reference Handler" daemon [_thread_blocked, id=2840, stack(0x0000008191000000,0x0000008191100000)]

Other Threads:
  0x000001dd22158000 VMThread [stack: 0x0000008190f00000,0x0000008191000000] [id=6656]
  0x000001dd24a0c000 WatcherThread [stack: 0x0000008191c00000,0x0000008191d00000] [id=15816]

VM state:synchronizing (normal execution)

VM Mutex/Monitor currently owned by a thread:  ([mutex/lock_event])
[0x000001dd0bfa0740] Threads_lock - owner thread: 0x000001dd22158000

heap address: 0x0000000080c00000, size: 2036 MB, Compressed Oops mode: 32-bit
Narrow klass base: 0x0000000000000000, Narrow klass shift: 3
Compressed class space size: 1073741824 Address: 0x0000000100000000

Heap:
 PSYoungGen      total 38400K, used 18986K [0x00000000d5980000, 0x00000000d8400000, 0x0000000100000000)
  eden space 33280K, 57% used [0x00000000d5980000,0x00000000d6c0a9b0,0x00000000d7a00000)
  from space 5120K, 0% used [0x00000000d7f00000,0x00000000d7f00000,0x00000000d8400000)
  to   space 5120K, 0% used [0x00000000d7a00000,0x00000000d7a00000,0x00000000d7f00000)
 ParOldGen       total 87552K, used 0K [0x0000000080c00000, 0x0000000086180000, 0x00000000d5980000)
  object space 87552K, 0% used [0x0000000080c00000,0x0000000080c00000,0x0000000086180000)
 Metaspace       used 15290K, capacity 15440K, committed 15616K, reserved 1062912K
  class space    used 1939K, capacity 2029K, committed 2048K, reserved 1048576K

Card table byte_map: [0x000001dd1cc70000,0x000001dd1d070000] byte_map_base: 0x000001dd1c86a000

Marking Bits: (ParMarkBitMap*) 0x0000000069e07fe0
 Begin Bits: [0x000001dd1d320000, 0x000001dd1f2f0000)
 End Bits:   [0x000001dd1f2f0000, 0x000001dd212c0000)

Polling page: 0x000001dd0d880000

CodeCache: size=245760Kb used=2632Kb max_used=2632Kb free=243127Kb
 bounds [0x000001dd0d8b0000, 0x000001dd0db50000, 0x000001dd1c8b0000]
 total_blobs=1264 nmethods=715 adapters=463
 compilation: enabled

Compilation events (10 events):
Event: 8.655 Thread 0x000001dd248d6800  711       3       java.lang.Long::hashCode (8 bytes)
Event: 8.655 Thread 0x000001dd248d6800 nmethod 711 0x000001dd0db41750 code [0x000001dd0db418a0, 0x000001dd0db419f8]
Event: 8.937 Thread 0x000001dd248d6800  712       3       java.lang.Long::valueOf (36 bytes)
Event: 8.938 Thread 0x000001dd248d6800 nmethod 712 0x000001dd0db41a90 code [0x000001dd0db41c00, 0x000001dd0db41f78]
Event: 8.938 Thread 0x000001dd248d6800  713       3       java.lang.Thread::getId (5 bytes)
Event: 8.938 Thread 0x000001dd248d6800 nmethod 713 0x000001dd0db42150 code [0x000001dd0db422a0, 0x000001dd0db423f8]
Event: 9.000 Thread 0x000001dd248d6800  714       3       java.util.Arrays::equals (54 bytes)
Event: 9.000 Thread 0x000001dd248d6800 nmethod 714 0x000001dd0db42490 code [0x000001dd0db42600, 0x000001dd0db42978]
Event: 9.116 Thread 0x000001dd248d6800  715       3       org.netbeans.lib.profiler.server.ProfilerRuntimeSampler$Sampling::writeThreadInfoNoChange (86 bytes)
Event: 9.117 Thread 0x000001dd248d6800 nmethod 715 0x000001dd0db42a90 code [0x000001dd0db42c20, 0x000001dd0db42ff0]

GC Heap History (0 events):
No events

Deoptimization events (3 events):
Event: 1.411 Thread 0x000001dd257a2000 Uncommon trap: reason=unstable_if action=reinterpret pc=0x000001dd0da4cc74 method=java.lang.AbstractStringBuilder.append(Ljava/lang/String;)Ljava/lang/AbstractStringBuilder; @ 1
Event: 1.412 Thread 0x000001dd257a2000 Uncommon trap: reason=unstable_if action=reinterpret pc=0x000001dd0d9d5890 method=java.lang.AbstractStringBuilder.append(Ljava/lang/String;)Ljava/lang/AbstractStringBuilder; @ 1
Event: 1.434 Thread 0x000001dd257a2000 Uncommon trap: reason=unstable_if action=reinterpret pc=0x000001dd0da70b2c method=java.util.HashMap.getNode(ILjava/lang/Object;)Ljava/util/HashMap$Node; @ 84

Classes redefined (0 events):
No events

Internal exceptions (10 events):
Event: 1.304 Thread 0x000001dd0bfa2800 Exception <a 'java/lang/ClassNotFoundException': javax/swing/JToolBarSeparator> (0x00000000d648c818) thrown at [C:\jenkins\workspace\8-2-build-windows-amd64-cygwin\jdk8u291\1294\hotspot\src\share\vm\classfile\systemDictionary.cpp, line 212]
Event: 1.304 Thread 0x000001dd0bfa2800 Exception <a 'java/lang/ClassNotFoundException': ToolBarSeparator> (0x00000000d648ccb0) thrown at [C:\jenkins\workspace\8-2-build-windows-amd64-cygwin\jdk8u291\1294\hotspot\src\share\vm\classfile\systemDictionary.cpp, line 212]
Event: 1.305 Thread 0x000001dd0bfa2800 Exception <a 'java/lang/ClassNotFoundException': ToolTip> (0x00000000d648d3f0) thrown at [C:\jenkins\workspace\8-2-build-windows-amd64-cygwin\jdk8u291\1294\hotspot\src\share\vm\classfile\systemDictionary.cpp, line 212]
Event: 1.305 Thread 0x000001dd0bfa2800 Exception <a 'java/lang/ClassNotFoundException': Tree> (0x00000000d648e010) thrown at [C:\jenkins\workspace\8-2-build-windows-amd64-cygwin\jdk8u291\1294\hotspot\src\share\vm\classfile\systemDictionary.cpp, line 212]
Event: 1.305 Thread 0x000001dd0bfa2800 Exception <a 'java/lang/ClassNotFoundException': Tree> (0x00000000d648e750) thrown at [C:\jenkins\workspace\8-2-build-windows-amd64-cygwin\jdk8u291\1294\hotspot\src\share\vm\classfile\systemDictionary.cpp, line 212]
Event: 1.305 Thread 0x000001dd0bfa2800 Exception <a 'java/lang/ClassNotFoundException': javax/swing/JTreeCell> (0x00000000d648ead0) thrown at [C:\jenkins\workspace\8-2-build-windows-amd64-cygwin\jdk8u291\1294\hotspot\src\share\vm\classfile\systemDictionary.cpp, line 212]
Event: 1.306 Thread 0x000001dd0bfa2800 Exception <a 'java/lang/ClassNotFoundException': TreeCell> (0x00000000d648ef58) thrown at [C:\jenkins\workspace\8-2-build-windows-amd64-cygwin\jdk8u291\1294\hotspot\src\share\vm\classfile\systemDictionary.cpp, line 212]
Event: 1.306 Thread 0x000001dd0bfa2800 Exception <a 'java/lang/ClassNotFoundException': RootPane> (0x00000000d648f9b8) thrown at [C:\jenkins\workspace\8-2-build-windows-amd64-cygwin\jdk8u291\1294\hotspot\src\share\vm\classfile\systemDictionary.cpp, line 212]
Event: 1.411 Thread 0x000001dd257a2000 Implicit null exception at 0x000001dd0da4c8d6 to 0x000001dd0da4cc5d
Event: 1.412 Thread 0x000001dd257a2000 Implicit null exception at 0x000001dd0d9d54d4 to 0x000001dd0d9d5879

Events (10 events):
Event: 9.516 Executing VM operation: GetAllStackTraces
Event: 9.517 Executing VM operation: GetAllStackTraces done
Event: 9.539 Executing VM operation: GetAllStackTraces
Event: 9.539 Executing VM operation: GetAllStackTraces done
Event: 9.539 loading class org/netbeans/lib/profiler/wireprotocol/EventBufferDumpedCommand
Event: 9.540 loading class org/netbeans/lib/profiler/wireprotocol/EventBufferDumpedCommand done
Event: 9.551 loading class org/netbeans/lib/profiler/wireprotocol/DumpResultsResponse
Event: 9.551 loading class org/netbeans/lib/profiler/wireprotocol/DumpResultsResponse done
Event: 9.553 loading class org/netbeans/lib/profiler/wireprotocol/GetMethodNamesForJMethodIdsCommand
Event: 9.553 loading class org/netbeans/lib/profiler/wireprotocol/GetMethodNamesForJMethodIdsCommand done


Dynamic libraries:
0x00007ff6fdd00000 - 0x00007ff6fdd47000 	C:\Program Files\Java\jdk1.8.0_291\bin\java.exe
0x00007ffef6190000 - 0x00007ffef6385000 	C:\WINDOWS\SYSTEM32\ntdll.dll
0x00007ffef6090000 - 0x00007ffef614e000 	C:\WINDOWS\System32\KERNEL32.DLL
0x00007ffef3e00000 - 0x00007ffef40c9000 	C:\WINDOWS\System32\KERNELBASE.dll
0x00007ffef46c0000 - 0x00007ffef476c000 	C:\WINDOWS\System32\ADVAPI32.dll
0x00007ffef5860000 - 0x00007ffef58fe000 	C:\WINDOWS\System32\msvcrt.dll
0x00007ffef5aa0000 - 0x00007ffef5b3b000 	C:\WINDOWS\System32\sechost.dll
0x00007ffef4dc0000 - 0x00007ffef4eea000 	C:\WINDOWS\System32\RPCRT4.dll
0x00007ffef5650000 - 0x00007ffef57f1000 	C:\WINDOWS\System32\USER32.dll
0x00007ffef3950000 - 0x00007ffef3972000 	C:\WINDOWS\System32\win32u.dll
0x00007ffef5bf0000 - 0x00007ffef5c1b000 	C:\WINDOWS\System32\GDI32.dll
0x00007ffef40d0000 - 0x00007ffef41db000 	C:\WINDOWS\System32\gdi32full.dll
0x00007ffef38b0000 - 0x00007ffef394d000 	C:\WINDOWS\System32\msvcp_win.dll
0x00007ffef3a10000 - 0x00007ffef3b10000 	C:\WINDOWS\System32\ucrtbase.dll
0x00007ffeeba70000 - 0x00007ffeebd0a000 	C:\WINDOWS\WinSxS\amd64_microsoft.windows.common-controls_6595b64144ccf1df_6.0.19041.1110_none_60b5254171f9507e\COMCTL32.dll
0x00007ffef5c80000 - 0x00007ffef5cb0000 	C:\WINDOWS\System32\IMM32.DLL
0x00007ffec8220000 - 0x00007ffec8235000 	C:\Program Files\Java\jdk1.8.0_291\jre\bin\vcruntime140.dll
0x00007ffeb7430000 - 0x00007ffeb74cb000 	C:\Program Files\Java\jdk1.8.0_291\jre\bin\msvcp140.dll
0x0000000069620000 - 0x0000000069e80000 	C:\Program Files\Java\jdk1.8.0_291\jre\bin\server\jvm.dll
0x00007ffef5e60000 - 0x00007ffef5e68000 	C:\WINDOWS\System32\PSAPI.DLL
0x00007ffedddf0000 - 0x00007ffedde17000 	C:\WINDOWS\SYSTEM32\WINMM.dll
0x00007ffeec680000 - 0x00007ffeec68a000 	C:\WINDOWS\SYSTEM32\VERSION.dll
0x00007ffedc0e0000 - 0x00007ffedc0e9000 	C:\WINDOWS\SYSTEM32\WSOCK32.dll
0x00007ffef5980000 - 0x00007ffef59eb000 	C:\WINDOWS\System32\WS2_32.dll
0x00007ffef17d0000 - 0x00007ffef17e2000 	C:\WINDOWS\SYSTEM32\kernel.appcore.dll
0x00007ffedc0d0000 - 0x00007ffedc0e0000 	C:\Program Files\Java\jdk1.8.0_291\jre\bin\verify.dll
0x00007ffebe8d0000 - 0x00007ffebe8fb000 	C:\Program Files\Java\jdk1.8.0_291\jre\bin\java.dll
0x00007ffeeeb70000 - 0x00007ffeeeb7f000 	C:\Program Files\NetBeans-12.0\netbeans\profiler\lib\deployed\jdk16\windows-amd64\profilerinterface.dll
0x00007ffec2520000 - 0x00007ffec2538000 	C:\Program Files\Java\jdk1.8.0_291\jre\bin\zip.dll
0x00007ffef4ef0000 - 0x00007ffef562f000 	C:\WINDOWS\System32\SHELL32.dll
0x00007ffef19d0000 - 0x00007ffef2160000 	C:\WINDOWS\SYSTEM32\windows.storage.dll
0x00007ffef4920000 - 0x00007ffef4c75000 	C:\WINDOWS\System32\combase.dll
0x00007ffef3300000 - 0x00007ffef332c000 	C:\WINDOWS\SYSTEM32\Wldp.dll
0x00007ffef59f0000 - 0x00007ffef5a9d000 	C:\WINDOWS\System32\SHCORE.dll
0x00007ffef5c20000 - 0x00007ffef5c75000 	C:\WINDOWS\System32\shlwapi.dll
0x00007ffef37f0000 - 0x00007ffef380f000 	C:\WINDOWS\SYSTEM32\profapi.dll
0x00007ffebc6a0000 - 0x00007ffebc6bc000 	C:\Program Files\Java\jdk1.8.0_291\jre\bin\net.dll
0x00007ffef3060000 - 0x00007ffef30ca000 	C:\WINDOWS\system32\mswsock.dll
0x00007ffeeebb0000 - 0x00007ffeeebbd000 	C:\Program Files\Java\jdk1.8.0_291\jre\bin\management.dll
0x00007ffebc680000 - 0x00007ffebc693000 	C:\Program Files\Java\jdk1.8.0_291\jre\bin\nio.dll
0x00007ffef3250000 - 0x00007ffef3268000 	C:\WINDOWS\SYSTEM32\CRYPTSP.dll
0x00007ffef2970000 - 0x00007ffef29a4000 	C:\WINDOWS\system32\rsaenh.dll
0x00007ffef3dd0000 - 0x00007ffef3df7000 	C:\WINDOWS\System32\bcrypt.dll
0x00007ffef37b0000 - 0x00007ffef37de000 	C:\WINDOWS\SYSTEM32\USERENV.dll
0x00007ffef3980000 - 0x00007ffef3a03000 	C:\WINDOWS\System32\bcryptprimitives.dll
0x00007ffef3270000 - 0x00007ffef327c000 	C:\WINDOWS\SYSTEM32\CRYPTBASE.dll
0x00007ffef2d00000 - 0x00007ffef2d3b000 	C:\WINDOWS\SYSTEM32\IPHLPAPI.DLL
0x00007ffef4c80000 - 0x00007ffef4c88000 	C:\WINDOWS\System32\NSI.dll
0x00007ffeed6e0000 - 0x00007ffeed6f7000 	C:\WINDOWS\SYSTEM32\dhcpcsvc6.DLL
0x00007ffeede10000 - 0x00007ffeede2d000 	C:\WINDOWS\SYSTEM32\dhcpcsvc.DLL
0x00007ffef2d40000 - 0x00007ffef2e0c000 	C:\WINDOWS\SYSTEM32\DNSAPI.dll
0x00007ffe839f0000 - 0x00007ffe83b85000 	C:\Program Files\Java\jdk1.8.0_291\jre\bin\awt.dll
0x00007ffef4850000 - 0x00007ffef491d000 	C:\WINDOWS\System32\OLEAUT32.dll
0x00007ffef0c70000 - 0x00007ffef0d00000 	C:\WINDOWS\SYSTEM32\apphelp.dll
0x00007ffef12f0000 - 0x00007ffef138e000 	C:\WINDOWS\system32\uxtheme.dll
0x00007ffef5f70000 - 0x00007ffef6085000 	C:\WINDOWS\System32\MSCTF.dll
0x00007ffef4c90000 - 0x00007ffef4dba000 	C:\WINDOWS\System32\ole32.dll
0x00007ffef14e0000 - 0x00007ffef150f000 	C:\WINDOWS\system32\DWMAPI.DLL
0x00007ffeb73e0000 - 0x00007ffeb7429000 	C:\Program Files\Java\jdk1.8.0_291\jre\bin\fontmanager.dll
0x00007ffec36e0000 - 0x00007ffec3805000 	C:\WINDOWS\system32\opengl32.dll
0x00007ffecfe70000 - 0x00007ffecfe9c000 	C:\WINDOWS\SYSTEM32\GLU32.dll
0x00007ffec3810000 - 0x00007ffec39de000 	C:\WINDOWS\system32\d3d9.dll
0x00007ffed4680000 - 0x00007ffed485b000 	C:\WINDOWS\System32\DriverStore\FileRepository\u0360470.inf_amd64_35c64671e7fac064\B360357\aticfx64.dll
0x00007ffec3300000 - 0x00007ffec3333000 	C:\WINDOWS\System32\DriverStore\FileRepository\u0360470.inf_amd64_35c64671e7fac064\B360357\atiu9p64.dll
0x00007ffea39e0000 - 0x00007ffea4676000 	C:\WINDOWS\System32\DriverStore\FileRepository\u0360470.inf_amd64_35c64671e7fac064\B360357\atiumd64.dll
0x00007ffeeccf0000 - 0x00007ffeeced4000 	C:\WINDOWS\SYSTEM32\dbghelp.dll
0x00007ffeeaf90000 - 0x00007ffeeafbc000 	C:\WINDOWS\SYSTEM32\dbgcore.DLL
0x0000000069f10000 - 0x000000006ad89000 	C:\WINDOWS\System32\DriverStore\FileRepository\u0360470.inf_amd64_35c64671e7fac064\B360357\atiumd6a.dll
0x00007ffef2e70000 - 0x00007ffef2ebb000 	C:\WINDOWS\SYSTEM32\POWRPROF.dll
0x00007ffef2ce0000 - 0x00007ffef2cf2000 	C:\WINDOWS\SYSTEM32\UMPDC.dll
0x00007ffed4c80000 - 0x00007ffed4caf000 	C:\WINDOWS\SYSTEM32\amdihk64.dll
0x00007ffeeebc0000 - 0x00007ffeeebfb000 	C:\WINDOWS\SYSTEM32\dxcore.dll
0x00007ffef3b10000 - 0x00007ffef3b5e000 	C:\WINDOWS\System32\cfgmgr32.dll
0x00007ffef5b40000 - 0x00007ffef5be9000 	C:\WINDOWS\System32\clbcatq.dll
0x00007ffef1090000 - 0x00007ffef1244000 	C:\WINDOWS\SYSTEM32\WindowsCodecs.dll
0x00007ffed56d0000 - 0x00007ffed570e000 	C:\WINDOWS\system32\dataexchange.dll
0x00007ffeeef30000 - 0x00007ffeef194000 	C:\WINDOWS\system32\d3d11.dll
0x00007ffeef600000 - 0x00007ffeef7e5000 	C:\WINDOWS\system32\dcomp.dll
0x00007ffef21d0000 - 0x00007ffef22c4000 	C:\WINDOWS\system32\dxgi.dll
0x00007ffeee3d0000 - 0x00007ffeee5d1000 	C:\WINDOWS\system32\twinapi.appcore.dll
0x00007ffeb7390000 - 0x00007ffeb73d3000 	C:\Program Files\Java\jdk1.8.0_291\jre\bin\t2k.dll
0x00007ffed7250000 - 0x00007ffed7349000 	C:\WINDOWS\SYSTEM32\textinputframework.dll
0x00007ffef0b70000 - 0x00007ffef0c62000 	C:\WINDOWS\System32\CoreMessaging.dll
0x00007ffef0810000 - 0x00007ffef0b6e000 	C:\WINDOWS\System32\CoreUIComponents.dll
0x00007ffef25a0000 - 0x00007ffef25d3000 	C:\WINDOWS\SYSTEM32\ntmarta.dll
0x00007ffef0600000 - 0x00007ffef0754000 	C:\WINDOWS\SYSTEM32\wintypes.dll
0x00007ffeeeb80000 - 0x00007ffeeebaa000 	C:\Program Files\Java\jdk1.8.0_291\jre\bin\dcpr.dll

VM Arguments:
jvm_args: -Dfile.encoding=UTF-8 -agentpath:C:/Program Files/NetBeans-12.0/netbeans/profiler/lib/deployed/jdk16/windows-amd64/profilerinterface.dll=C:\Program Files\NetBeans-12.0\netbeans\profiler\lib,5140,10 -XX:+HeapDumpOnOutOfMemoryError -XX:HeapDumpPath=C:\Users\Nicholas\OneDrive\Documents\NetBeansProjects\JavaGUI\nbproject\private\profiler 
java_command: LoginScreen
java_class_path (initial): C:\Users\Nicholas\Downloads\jdatepicker-1.3.4.jar;C:\Users\Nicholas\Downloads\jcalendar-1.4.jar\jcalendar-1.4.jar;C:\Users\Nicholas\Downloads\mysql-connector-java-8.0.26\mysql-connector-java-8.0.26\mysql-connector-java-8.0.26.jar;C:\Users\Nicholas\OneDrive\Documents\NetBeansProjects\JavaGUI\build\classes
Launcher Type: SUN_STANDARD

Environment Variables:
PATH=C:\Program Files\Java\jdk1.8.0_291\bin;C:\Program Files (x86)\Common Files\Oracle\Java\javapath;C:\WINDOWS\system32;C:\WINDOWS;C:\WINDOWS\System32\Wbem;C:\WINDOWS\System32\WindowsPowerShell\v1.0\;C:\WINDOWS\System32\OpenSSH\;C:\Program Files\Microsoft SQL Server\130\Tools\Binn\;C:\Program Files\Microsoft SQL Server\Client SDK\ODBC\170\Tools\Binn\;C:\Program Files (x86)\Microsoft SQL Server\150\Tools\Binn\;C:\Program Files\Microsoft SQL Server\150\Tools\Binn\;C:\Program Files\Microsoft SQL Server\150\DTS\Binn\;C:\Program Files (x86)\Microsoft SQL Server\150\DTS\Binn\;C:\Program Files\Azure Data Studio\bin;C:\Program Files\Git\cmd;C:\Program Files\MySQL\MySQL Server 8.0\bin;C:\Program Files\dotnet\;C:\Users\Nicholas\AppData\Local\Microsoft\WindowsApps;C:\Users\Nicholas\AppData\Local\Programs\Microsoft VS Code\bin;C:\Users\Nicholas\AppData\Local\atom\bin;C:\Program Files\Azure Data Studio\bin;C:\Program Files\JetBrains\IntelliJ IDEA Community Edition 2021.1.3\bin;;C:\Users\Nicholas\AppData\Local\GitHubDesktop\bin;C:\Users\Nicholas\.dotnet\tools
USERNAME=Nicholas
OS=Windows_NT
PROCESSOR_IDENTIFIER=AMD64 Family 23 Model 8 Stepping 2, AuthenticAMD



---------------  S Y S T E M  ---------------

OS: Windows 10.0 , 64 bit Build 19041 (10.0.19041.1202)

CPU:total 12 (initial active 12) (12 cores per cpu, 1 threads per core) family 23 model 8 stepping 2, cmov, cx8, fxsr, mmx, sse, sse2, sse3, ssse3, sse4.1, sse4.2, popcnt, avx, avx2, aes, clmul, mmxext, 3dnowpref, lzcnt, sse4a, tsc, tscinvbit, tscinv, bmi1

Memory: 4k page, physical 8338492k(2543628k free), swap 22207996k(6747600k free)

vm_info: Java HotSpot(TM) 64-Bit Server VM (25.291-b10) for windows-amd64 JRE (1.8.0_291-b10), built on Apr  9 2021 00:02:00 by "java_re" with MS VC++ 15.9 (VS2017)

time: Sun Oct 24 09:06:40 2021
timezone: AUS Eastern Summer Time
elapsed time: 9.568569 seconds (0d 0h 0m 9s)

