#
# A fatal error has been detected by the Java Runtime Environment:
#
#  EXCEPTION_ACCESS_VIOLATION (0xc0000005) at pc=0x00000000697526cb, pid=17360, tid=0x0000000000004478
#
# JRE version: Java(TM) SE Runtime Environment (8.0_291-b10) (build 1.8.0_291-b10)
# Java VM: Java HotSpot(TM) 64-Bit Server VM (25.291-b10 mixed mode windows-amd64 compressed oops)
# Problematic frame:
# V  [jvm.dll+0x1326cb]
#
# Failed to write core dump. Minidumps are not enabled by default on client versions of Windows
#
# If you would like to submit a bug report, please visit:
#   http://bugreport.java.com/bugreport/crash.jsp
#

---------------  T H R E A D  ---------------

Current thread (0x0000023433db8000):  JavaThread "*** Profiler Agent Communication Thread" daemon [_thread_in_vm, id=17528, stack(0x0000006884200000,0x0000006884300000)]

siginfo: ExceptionCode=0xc0000005, reading address 0x000000001b5eaa68

Registers:
RAX=0x00000068842fea01, RBX=0x0000023433db8000, RCX=0x000000001b5eaa68, RDX=0x0000023433db8000
RSP=0x00000068842fe9c0, RBP=0x000000001b5eaa68, RSI=0x000002341b5bafb0, RDI=0x00000068842feae0
R8 =0x00000068842feae0, R9 =0x000000000000037f, R10=0x0000000000000000, R11=0x000002343c481cc0
R12=0x000002343c481c20, R13=0x0000000000000024, R14=0x00007ffeeeaa9c68, R15=0x00007ffeeeaa9a60
RIP=0x00000000697526cb, EFLAGS=0x0000000000010202

Top of Stack: (sp=0x00000068842fe9c0)
0x00000068842fe9c0:   00000003842feab0 000000006977e8b3
0x00000068842fe9d0:   0000023433db8000 00000068842feb88
0x00000068842fe9e0:   0000023433db8000 000000006995e51d
0x00000068842fe9f0:   00000000000005a0 0000023433db8000
0x00000068842fea00:   0000023433db8200 00007ffef5879d40
0x00000068842fea10:   0000023433db8000 0000000000000000
0x00000068842fea20:   0000023400000000 0000000000000000
0x00000068842fea30:   000000001b5eaa68 00007ffeeeaa34da
0x00000068842fea40:   0000000000000000 0000023433db8200
0x00000068842fea50:   0000000000000096 0000000000000039
0x00000068842fea60:   000002343c481c20 00000234324fdb60
0x00000068842fea70:   0000023431306700 0000023433db8000
0x00000068842fea80:   0000023431306700 0000023433db8000
0x00000068842fea90:   000002343e488008 0000000000000096
0x00000068842feaa0:   0000023433db8000 0000023431306700
0x00000068842feab0:   0000000000000000 000002343e488008 

Instructions: (pc=0x00000000697526cb)
0x00000000697526ab:   cc cc cc cc cc 48 89 11 c3 cc cc cc cc cc cc cc
0x00000000697526bb:   cc cc cc cc cc 40 53 48 83 ec 20 48 85 c9 74 24
0x00000000697526cb:   48 8b 19 48 85 db 74 1c 48 83 fb 37 74 16 48 8b
0x00000000697526db:   13 48 8b cb ff 52 10 84 c0 74 09 48 8b c3 48 83 


Register to memory mapping:

RAX=0x00000068842fea01 is pointing into the stack for thread: 0x0000023433db8000
RBX=0x0000023433db8000 is a thread
RCX=0x000000001b5eaa68 is an unknown value
RDX=0x0000023433db8000 is a thread
RSP=0x00000068842fe9c0 is pointing into the stack for thread: 0x0000023433db8000
RBP=0x000000001b5eaa68 is an unknown value
RSI=0x000002341b5bafb0 is an unknown value
RDI=0x00000068842feae0 is pointing into the stack for thread: 0x0000023433db8000
R8 =0x00000068842feae0 is pointing into the stack for thread: 0x0000023433db8000
R9 =0x000000000000037f is an unknown value
R10=0x0000000000000000 is an unknown value
R11=0x000002343c481cc0 is an unknown value
R12=0x000002343c481c20 is an unknown value
R13=0x0000000000000024 is an unknown value
R14=0x00007ffeeeaa9c68 is an unknown value
R15=0x00007ffeeeaa9a60 is an unknown value


Stack: [0x0000006884200000,0x0000006884300000],  sp=0x00000068842fe9c0,  free space=1018k
Native frames: (J=compiled Java code, j=interpreted, Vv=VM code, C=native code)
V  [jvm.dll+0x1326cb]
V  [jvm.dll+0x33e51d]
C  [profilerinterface.dll+0x34da]
C  0x000002341cf5990e

Java frames: (J=compiled Java code, j=interpreted, Vv=VM code)
j  org.netbeans.lib.profiler.server.system.Stacks.getMethodNamesForJMethodIds(I[I[I)[B+0
j  org.netbeans.lib.profiler.server.ProfilerInterface.getMethodNamesForJMethodIds([I)Lorg/netbeans/lib/profiler/wireprotocol/MethodNamesResponse;+20
j  org.netbeans.lib.profiler.server.ProfilerServer.handleClientCommand(Lorg/netbeans/lib/profiler/wireprotocol/Command;)V+691
j  org.netbeans.lib.profiler.server.ProfilerServer.listenToClient()V+48
j  org.netbeans.lib.profiler.server.ProfilerServer.run()V+22
v  ~StubRoutines::call_stub

---------------  P R O C E S S  ---------------

Java Threads: ( => current thread )
  0x000002343413b000 JavaThread "mysql-cj-abandoned-connection-cleanup" daemon [_thread_blocked, id=11100, stack(0x0000006886300000,0x0000006886400000)]
  0x0000023434138000 JavaThread "TimerQueue" daemon [_thread_blocked, id=2276, stack(0x0000006886200000,0x0000006886300000)]
  0x000002343413c000 JavaThread "D3D Screen Updater" daemon [_thread_blocked, id=10676, stack(0x0000006886100000,0x0000006886200000)]
  0x000002343413f000 JavaThread "DestroyJavaVM" [_thread_blocked, id=9916, stack(0x0000006883200000,0x0000006883300000)]
  0x000002343413a800 JavaThread "AWT-EventQueue-0" [_thread_blocked, id=3972, stack(0x0000006884e00000,0x0000006884f00000)]
  0x000002343413c800 JavaThread "AWT-Windows" daemon [_thread_in_native, id=2788, stack(0x0000006884d00000,0x0000006884e00000)]
  0x000002343413e000 JavaThread "AWT-Shutdown" [_thread_blocked, id=7972, stack(0x0000006884c00000,0x0000006884d00000)]
  0x000002343413d800 JavaThread "Java2D Disposer" daemon [_thread_blocked, id=10632, stack(0x0000006884b00000,0x0000006884c00000)]
  0x0000023433f47800 JavaThread "Service Thread" daemon [_thread_blocked, id=13524, stack(0x0000006884900000,0x0000006884a00000)]
  0x0000023433f45000 JavaThread "C1 CompilerThread3" daemon [_thread_blocked, id=10936, stack(0x0000006884800000,0x0000006884900000)]
  0x0000023433f43000 JavaThread "C2 CompilerThread2" daemon [_thread_blocked, id=8124, stack(0x0000006884700000,0x0000006884800000)]
  0x0000023433f17000 JavaThread "C2 CompilerThread1" daemon [_thread_blocked, id=5808, stack(0x0000006884600000,0x0000006884700000)]
  0x0000023433f16000 JavaThread "C2 CompilerThread0" daemon [_thread_blocked, id=6696, stack(0x0000006884500000,0x0000006884600000)]
  0x0000023433e58000 JavaThread "*** Profiler Agent Special Execution Thread 6" daemon [_thread_blocked, id=15076, stack(0x0000006884400000,0x0000006884500000)]
  0x0000023433e57800 JavaThread "*** JFluid Monitor thread ***" daemon [_thread_blocked, id=6372, stack(0x0000006884300000,0x0000006884400000)]
=>0x0000023433db8000 JavaThread "*** Profiler Agent Communication Thread" daemon [_thread_in_vm, id=17528, stack(0x0000006884200000,0x0000006884300000)]
  0x00000234324cd800 JavaThread "Attach Listener" daemon [_thread_blocked, id=9908, stack(0x0000006884100000,0x0000006884200000)]
  0x00000234324cc800 JavaThread "Signal Dispatcher" daemon [_thread_blocked, id=696, stack(0x0000006884000000,0x0000006884100000)]
  0x00000234324a4800 JavaThread "Finalizer" daemon [_thread_blocked, id=17640, stack(0x0000006883f00000,0x0000006884000000)]
  0x00000234324a0000 JavaThread "Reference Handler" daemon [_thread_blocked, id=11388, stack(0x0000006883e00000,0x0000006883f00000)]

Other Threads:
  0x0000023432473800 VMThread [stack: 0x0000006883d00000,0x0000006883e00000] [id=2564]
  0x0000023434021800 WatcherThread [stack: 0x0000006884a00000,0x0000006884b00000] [id=11848]

VM state:not at safepoint (normal execution)

VM Mutex/Monitor currently owned by a thread: None

heap address: 0x0000000080c00000, size: 2036 MB, Compressed Oops mode: 32-bit
Narrow klass base: 0x0000000000000000, Narrow klass shift: 3
Compressed class space size: 1073741824 Address: 0x0000000100000000

Heap:
 PSYoungGen      total 38400K, used 27746K [0x00000000d5980000, 0x00000000da480000, 0x0000000100000000)
  eden space 33280K, 83% used [0x00000000d5980000,0x00000000d7498a08,0x00000000d7a00000)
  from space 5120K, 0% used [0x00000000d7f00000,0x00000000d7f00000,0x00000000d8400000)
  to   space 5120K, 0% used [0x00000000d7a00000,0x00000000d7a00000,0x00000000d7f00000)
 ParOldGen       total 44032K, used 5750K [0x0000000080c00000, 0x0000000083700000, 0x00000000d5980000)
  object space 44032K, 13% used [0x0000000080c00000,0x000000008119db70,0x0000000083700000)
 Metaspace       used 28290K, capacity 28722K, committed 29104K, reserved 1075200K
  class space    used 3244K, capacity 3379K, committed 3504K, reserved 1048576K

Card table byte_map: [0x000002342c300000,0x000002342c700000] byte_map_base: 0x000002342befa000

Marking Bits: (ParMarkBitMap*) 0x0000000069e07fe0
 Begin Bits: [0x000002342c9b0000, 0x000002342e980000)
 End Bits:   [0x000002342e980000, 0x0000023430950000)

Polling page: 0x000002341b6e0000

CodeCache: size=245760Kb used=6443Kb max_used=6454Kb free=239316Kb
 bounds [0x000002341cf40000, 0x000002341d5a0000, 0x000002342bf40000]
 total_blobs=2677 nmethods=2025 adapters=564
 compilation: enabled

Compilation events (10 events):
Event: 9.210 Thread 0x0000023433f16000 2235   !   4       sun.awt.AWTAutoShutdown::setToolkitBusy (124 bytes)
Event: 9.212 Thread 0x0000023433f16000 nmethod 2235 0x000002341d590b10 code [0x000002341d590c60, 0x000002341d591318]
Event: 9.226 Thread 0x0000023433f45000 2236   !   3       java.awt.AWTEvent::copyPrivateDataInto (76 bytes)
Event: 9.226 Thread 0x0000023433f45000 nmethod 2236 0x000002341d58f850 code [0x000002341d58fa60, 0x000002341d5906d0]
Event: 9.340 Thread 0x0000023433f17000 2237       4       java.util.logging.Logger::isLoggable (25 bytes)
Event: 9.340 Thread 0x0000023433f17000 nmethod 2237 0x000002341d58e0d0 code [0x000002341d58e200, 0x000002341d58e298]
Event: 9.430 Thread 0x0000023433f43000 2238       4       sun.util.logging.PlatformLogger::isLoggable (38 bytes)
Event: 9.431 Thread 0x0000023433f43000 nmethod 2238 0x000002341d592950 code [0x000002341d592aa0, 0x000002341d592bd8]
Event: 9.462 Thread 0x0000023433f16000 2239       4       java.io.Bits::putLong (86 bytes)
Event: 9.463 Thread 0x0000023433f16000 nmethod 2239 0x000002341d592610 code [0x000002341d592740, 0x000002341d592878]

GC Heap History (6 events):
Event: 5.810 GC heap before
{Heap before GC invocations=1 (full 0):
 PSYoungGen      total 38400K, used 33226K [0x00000000d5980000, 0x00000000d8400000, 0x0000000100000000)
  eden space 33280K, 99% used [0x00000000d5980000,0x00000000d79f2a08,0x00000000d7a00000)
  from space 5120K, 0% used [0x00000000d7f00000,0x00000000d7f00000,0x00000000d8400000)
  to   space 5120K, 0% used [0x00000000d7a00000,0x00000000d7a00000,0x00000000d7f00000)
 ParOldGen       total 87552K, used 0K [0x0000000080c00000, 0x0000000086180000, 0x00000000d5980000)
  object space 87552K, 0% used [0x0000000080c00000,0x0000000080c00000,0x0000000086180000)
 Metaspace       used 20375K, capacity 20652K, committed 20992K, reserved 1067008K
  class space    used 2462K, capacity 2549K, committed 2560K, reserved 1048576K
Event: 5.816 GC heap after
Heap after GC invocations=1 (full 0):
 PSYoungGen      total 38400K, used 5090K [0x00000000d5980000, 0x00000000d8400000, 0x0000000100000000)
  eden space 33280K, 0% used [0x00000000d5980000,0x00000000d5980000,0x00000000d7a00000)
  from space 5120K, 99% used [0x00000000d7a00000,0x00000000d7ef8bd0,0x00000000d7f00000)
  to   space 5120K, 0% used [0x00000000d7f00000,0x00000000d7f00000,0x00000000d8400000)
 ParOldGen       total 87552K, used 1226K [0x0000000080c00000, 0x0000000086180000, 0x00000000d5980000)
  object space 87552K, 1% used [0x0000000080c00000,0x0000000080d328a0,0x0000000086180000)
 Metaspace       used 20375K, capacity 20652K, committed 20992K, reserved 1067008K
  class space    used 2462K, capacity 2549K, committed 2560K, reserved 1048576K
}
Event: 5.870 GC heap before
{Heap before GC invocations=2 (full 0):
 PSYoungGen      total 38400K, used 9147K [0x00000000d5980000, 0x00000000d8400000, 0x0000000100000000)
  eden space 33280K, 12% used [0x00000000d5980000,0x00000000d5d761a0,0x00000000d7a00000)
  from space 5120K, 99% used [0x00000000d7a00000,0x00000000d7ef8bd0,0x00000000d7f00000)
  to   space 5120K, 0% used [0x00000000d7f00000,0x00000000d7f00000,0x00000000d8400000)
 ParOldGen       total 87552K, used 1226K [0x0000000080c00000, 0x0000000086180000, 0x00000000d5980000)
  object space 87552K, 1% used [0x0000000080c00000,0x0000000080d328a0,0x0000000086180000)
 Metaspace       used 20889K, capacity 21138K, committed 21296K, reserved 1069056K
  class space    used 2496K, capacity 2582K, committed 2608K, reserved 1048576K
Event: 5.874 GC heap after
Heap after GC invocations=2 (full 0):
 PSYoungGen      total 38400K, used 5113K [0x00000000d5980000, 0x00000000da480000, 0x0000000100000000)
  eden space 33280K, 0% used [0x00000000d5980000,0x00000000d5980000,0x00000000d7a00000)
  from space 5120K, 99% used [0x00000000d7f00000,0x00000000d83fe7c8,0x00000000d8400000)
  to   space 5120K, 0% used [0x00000000d7a00000,0x00000000d7a00000,0x00000000d7f00000)
 ParOldGen       total 87552K, used 1464K [0x0000000080c00000, 0x0000000086180000, 0x00000000d5980000)
  object space 87552K, 1% used [0x0000000080c00000,0x0000000080d6e1a8,0x0000000086180000)
 Metaspace       used 20889K, capacity 21138K, committed 21296K, reserved 1069056K
  class space    used 2496K, capacity 2582K, committed 2608K, reserved 1048576K
}
Event: 5.874 GC heap before
{Heap before GC invocations=3 (full 1):
 PSYoungGen      total 38400K, used 5113K [0x00000000d5980000, 0x00000000da480000, 0x0000000100000000)
  eden space 33280K, 0% used [0x00000000d5980000,0x00000000d5980000,0x00000000d7a00000)
  from space 5120K, 99% used [0x00000000d7f00000,0x00000000d83fe7c8,0x00000000d8400000)
  to   space 5120K, 0% used [0x00000000d7a00000,0x00000000d7a00000,0x00000000d7f00000)
 ParOldGen       total 87552K, used 1464K [0x0000000080c00000, 0x0000000086180000, 0x00000000d5980000)
  object space 87552K, 1% used [0x0000000080c00000,0x0000000080d6e1a8,0x0000000086180000)
 Metaspace       used 20889K, capacity 21138K, committed 21296K, reserved 1069056K
  class space    used 2496K, capacity 2582K, committed 2608K, reserved 1048576K
Event: 5.895 GC heap after
Heap after GC invocations=3 (full 1):
 PSYoungGen      total 38400K, used 0K [0x00000000d5980000, 0x00000000da480000, 0x0000000100000000)
  eden space 33280K, 0% used [0x00000000d5980000,0x00000000d5980000,0x00000000d7a00000)
  from space 5120K, 0% used [0x00000000d7f00000,0x00000000d7f00000,0x00000000d8400000)
  to   space 5120K, 0% used [0x00000000d7a00000,0x00000000d7a00000,0x00000000d7f00000)
 ParOldGen       total 44032K, used 5750K [0x0000000080c00000, 0x0000000083700000, 0x00000000d5980000)
  object space 44032K, 13% used [0x0000000080c00000,0x000000008119db70,0x0000000083700000)
 Metaspace       used 20887K, capacity 21132K, committed 21296K, reserved 1069056K
  class space    used 2495K, capacity 2580K, committed 2608K, reserved 1048576K
}

Deoptimization events (10 events):
Event: 8.048 Thread 0x000002343413a800 Uncommon trap: reason=predicate action=maybe_recompile pc=0x000002341d4ca418 method=java.util.regex.Pattern$SliceI.match(Ljava/util/regex/Matcher;ILjava/lang/CharSequence;)Z @ 21
Event: 8.571 Thread 0x000002343413a800 Uncommon trap: reason=class_check action=maybe_recompile pc=0x000002341d527a5c method=sun.security.util.math.intpoly.IntegerPolynomial$MutableElement.setSum(Lsun/security/util/math/IntegerModuloP;)Lsun/security/util/math/intpoly/IntegerPolynomial$MutableE
Event: 8.571 Thread 0x000002343413a800 Uncommon trap: reason=class_check action=maybe_recompile pc=0x000002341d527a5c method=sun.security.util.math.intpoly.IntegerPolynomial$MutableElement.setSum(Lsun/security/util/math/IntegerModuloP;)Lsun/security/util/math/intpoly/IntegerPolynomial$MutableE
Event: 8.571 Thread 0x000002343413a800 Uncommon trap: reason=class_check action=maybe_recompile pc=0x000002341d527a5c method=sun.security.util.math.intpoly.IntegerPolynomial$MutableElement.setSum(Lsun/security/util/math/IntegerModuloP;)Lsun/security/util/math/intpoly/IntegerPolynomial$MutableE
Event: 8.571 Thread 0x000002343413a800 Uncommon trap: reason=class_check action=maybe_recompile pc=0x000002341d527a5c method=sun.security.util.math.intpoly.IntegerPolynomial$MutableElement.setSum(Lsun/security/util/math/IntegerModuloP;)Lsun/security/util/math/intpoly/IntegerPolynomial$MutableE
Event: 9.123 Thread 0x000002343413a800 Uncommon trap: reason=class_check action=maybe_recompile pc=0x000002341d13b2cc method=javax.swing.plaf.nimbus.DerivedColor$UIResource.equals(Ljava/lang/Object;)Z @ 1
Event: 9.125 Thread 0x000002343413a800 Uncommon trap: reason=unstable_if action=reinterpret pc=0x000002341d135894 method=javax.swing.plaf.nimbus.DerivedColor.equals(Ljava/lang/Object;)Z @ 45
Event: 9.127 Thread 0x000002343413a800 Uncommon trap: reason=class_check action=maybe_recompile pc=0x000002341d13b2cc method=javax.swing.plaf.nimbus.DerivedColor$UIResource.equals(Ljava/lang/Object;)Z @ 1
Event: 9.129 Thread 0x000002343413a800 Uncommon trap: reason=class_check action=maybe_recompile pc=0x000002341d13b2cc method=javax.swing.plaf.nimbus.DerivedColor$UIResource.equals(Ljava/lang/Object;)Z @ 1
Event: 9.131 Thread 0x000002343413a800 Uncommon trap: reason=class_check action=maybe_recompile pc=0x000002341d13b2cc method=javax.swing.plaf.nimbus.DerivedColor$UIResource.equals(Ljava/lang/Object;)Z @ 1

Classes redefined (10 events):
Event: 8.932 Thread 0x0000023432473800 redefined class name=com.mysql.cj.result.DefaultColumnDefinition$1, count=1
Event: 8.967 Thread 0x0000023432473800 redefined class name=com.mysql.cj.jdbc.result.ResultSetImpl, count=1
Event: 8.982 Thread 0x0000023432473800 redefined class name=java.sql.Statement, count=1
Event: 9.009 Thread 0x0000023432473800 redefined class name=com.mysql.cj.jdbc.StatementImpl, count=1
Event: 9.021 Thread 0x0000023432473800 redefined class name=com.mysql.cj.AbstractQuery, count=1
Event: 9.033 Thread 0x0000023432473800 redefined class name=com.mysql.cj.Query$CancelStatus, count=1
Event: 9.047 Thread 0x0000023432473800 redefined class name=com.mysql.cj.jdbc.EscapeProcessor, count=1
Event: 9.071 Thread 0x0000023432473800 redefined class name=java.util.Calendar, count=1
Event: 9.087 Thread 0x0000023432473800 redefined class name=java.util.GregorianCalendar, count=1
Event: 9.101 Thread 0x0000023432473800 redefined class name=sun.util.locale.provider.CalendarDataUtility$CalendarWeekParameterGetter, count=1

Internal exceptions (10 events):
Event: 1.304 Thread 0x000002341b5c2000 Exception <a 'java/lang/ClassNotFoundException': ToolBarSeparator> (0x00000000d63f45d0) thrown at [C:\jenkins\workspace\8-2-build-windows-amd64-cygwin\jdk8u291\1294\hotspot\src\share\vm\classfile\systemDictionary.cpp, line 212]
Event: 1.304 Thread 0x000002341b5c2000 Exception <a 'java/lang/ClassNotFoundException': ToolTip> (0x00000000d63f4d70) thrown at [C:\jenkins\workspace\8-2-build-windows-amd64-cygwin\jdk8u291\1294\hotspot\src\share\vm\classfile\systemDictionary.cpp, line 212]
Event: 1.305 Thread 0x000002341b5c2000 Exception <a 'java/lang/ClassNotFoundException': Tree> (0x00000000d63f59f0) thrown at [C:\jenkins\workspace\8-2-build-windows-amd64-cygwin\jdk8u291\1294\hotspot\src\share\vm\classfile\systemDictionary.cpp, line 212]
Event: 1.305 Thread 0x000002341b5c2000 Exception <a 'java/lang/ClassNotFoundException': Tree> (0x00000000d63f6130) thrown at [C:\jenkins\workspace\8-2-build-windows-amd64-cygwin\jdk8u291\1294\hotspot\src\share\vm\classfile\systemDictionary.cpp, line 212]
Event: 1.305 Thread 0x000002341b5c2000 Exception <a 'java/lang/ClassNotFoundException': javax/swing/JTreeCell> (0x00000000d63f64b0) thrown at [C:\jenkins\workspace\8-2-build-windows-amd64-cygwin\jdk8u291\1294\hotspot\src\share\vm\classfile\systemDictionary.cpp, line 212]
Event: 1.305 Thread 0x000002341b5c2000 Exception <a 'java/lang/ClassNotFoundException': TreeCell> (0x00000000d63f6938) thrown at [C:\jenkins\workspace\8-2-build-windows-amd64-cygwin\jdk8u291\1294\hotspot\src\share\vm\classfile\systemDictionary.cpp, line 212]
Event: 1.305 Thread 0x000002341b5c2000 Exception <a 'java/lang/ClassNotFoundException': RootPane> (0x00000000d63f7400) thrown at [C:\jenkins\workspace\8-2-build-windows-amd64-cygwin\jdk8u291\1294\hotspot\src\share\vm\classfile\systemDictionary.cpp, line 212]
Event: 1.413 Thread 0x000002343413a800 Implicit null exception at 0x000002341d0f7556 to 0x000002341d0f78dd
Event: 1.414 Thread 0x000002343413a800 Implicit null exception at 0x000002341d0ed056 to 0x000002341d0ed3dd
Event: 6.275 Thread 0x000002343413a800 Implicit null exception at 0x000002341d3e2acb to 0x000002341d3e2b75

Events (10 events):
Event: 9.129 Thread 0x000002343413a800 Uncommon trap: trap_request=0xffffffde fr.pc=0x000002341d13b2cc
Event: 9.129 Thread 0x000002343413a800 DEOPT PACKING pc=0x000002341d13b2cc sp=0x0000006884efc360
Event: 9.129 Thread 0x000002343413a800 DEOPT UNPACKING pc=0x000002341cf85843 sp=0x0000006884efc318 mode 2
Event: 9.131 Thread 0x000002343413a800 Uncommon trap: trap_request=0xffffffde fr.pc=0x000002341d13b2cc
Event: 9.131 Thread 0x000002343413a800 DEOPT PACKING pc=0x000002341d13b2cc sp=0x0000006884efc360
Event: 9.131 Thread 0x000002343413a800 DEOPT UNPACKING pc=0x000002341cf85843 sp=0x0000006884efc318 mode 2
Event: 9.540 loading class org/netbeans/lib/profiler/wireprotocol/EventBufferDumpedCommand
Event: 9.543 loading class org/netbeans/lib/profiler/wireprotocol/EventBufferDumpedCommand done
Event: 9.588 loading class org/netbeans/lib/profiler/wireprotocol/GetMethodNamesForJMethodIdsCommand
Event: 9.589 loading class org/netbeans/lib/profiler/wireprotocol/GetMethodNamesForJMethodIdsCommand done


Dynamic libraries:
0x00007ff6fdd00000 - 0x00007ff6fdd47000 	C:\Program Files\Java\jdk1.8.0_291\bin\java.exe
0x00007ffef6190000 - 0x00007ffef6385000 	C:\WINDOWS\SYSTEM32\ntdll.dll
0x00007ffef6090000 - 0x00007ffef614e000 	C:\WINDOWS\System32\KERNEL32.DLL
0x00007ffef3e00000 - 0x00007ffef40c9000 	C:\WINDOWS\System32\KERNELBASE.dll
0x00007ffef46c0000 - 0x00007ffef476c000 	C:\WINDOWS\System32\ADVAPI32.dll
0x00007ffef5860000 - 0x00007ffef58fe000 	C:\WINDOWS\System32\msvcrt.dll
0x00007ffef5aa0000 - 0x00007ffef5b3b000 	C:\WINDOWS\System32\sechost.dll
0x00007ffef4dc0000 - 0x00007ffef4eea000 	C:\WINDOWS\System32\RPCRT4.dll
0x00007ffef5650000 - 0x00007ffef57f1000 	C:\WINDOWS\System32\USER32.dll
0x00007ffef3950000 - 0x00007ffef3972000 	C:\WINDOWS\System32\win32u.dll
0x00007ffef5bf0000 - 0x00007ffef5c1b000 	C:\WINDOWS\System32\GDI32.dll
0x00007ffef40d0000 - 0x00007ffef41db000 	C:\WINDOWS\System32\gdi32full.dll
0x00007ffef38b0000 - 0x00007ffef394d000 	C:\WINDOWS\System32\msvcp_win.dll
0x00007ffef3a10000 - 0x00007ffef3b10000 	C:\WINDOWS\System32\ucrtbase.dll
0x00007ffeeba70000 - 0x00007ffeebd0a000 	C:\WINDOWS\WinSxS\amd64_microsoft.windows.common-controls_6595b64144ccf1df_6.0.19041.1110_none_60b5254171f9507e\COMCTL32.dll
0x00007ffef5c80000 - 0x00007ffef5cb0000 	C:\WINDOWS\System32\IMM32.DLL
0x00007ffeeeba0000 - 0x00007ffeeebb5000 	C:\Program Files\Java\jdk1.8.0_291\jre\bin\vcruntime140.dll
0x00007ffebce40000 - 0x00007ffebcedb000 	C:\Program Files\Java\jdk1.8.0_291\jre\bin\msvcp140.dll
0x0000000069620000 - 0x0000000069e80000 	C:\Program Files\Java\jdk1.8.0_291\jre\bin\server\jvm.dll
0x00007ffef5e60000 - 0x00007ffef5e68000 	C:\WINDOWS\System32\PSAPI.DLL
0x00007ffeeeee0000 - 0x00007ffeeeee9000 	C:\WINDOWS\SYSTEM32\WSOCK32.dll
0x00007ffeec680000 - 0x00007ffeec68a000 	C:\WINDOWS\SYSTEM32\VERSION.dll
0x00007ffedddf0000 - 0x00007ffedde17000 	C:\WINDOWS\SYSTEM32\WINMM.dll
0x00007ffef5980000 - 0x00007ffef59eb000 	C:\WINDOWS\System32\WS2_32.dll
0x00007ffef17d0000 - 0x00007ffef17e2000 	C:\WINDOWS\SYSTEM32\kernel.appcore.dll
0x00007ffeeeb90000 - 0x00007ffeeeba0000 	C:\Program Files\Java\jdk1.8.0_291\jre\bin\verify.dll
0x00007ffeee1d0000 - 0x00007ffeee1fb000 	C:\Program Files\Java\jdk1.8.0_291\jre\bin\java.dll
0x00007ffeeeaa0000 - 0x00007ffeeeaaf000 	C:\Program Files\NetBeans-12.0\netbeans\profiler\lib\deployed\jdk16\windows-amd64\profilerinterface.dll
0x00007ffeeea80000 - 0x00007ffeeea98000 	C:\Program Files\Java\jdk1.8.0_291\jre\bin\zip.dll
0x00007ffef4ef0000 - 0x00007ffef562f000 	C:\WINDOWS\System32\SHELL32.dll
0x00007ffef19d0000 - 0x00007ffef2160000 	C:\WINDOWS\SYSTEM32\windows.storage.dll
0x00007ffef4920000 - 0x00007ffef4c75000 	C:\WINDOWS\System32\combase.dll
0x00007ffef3300000 - 0x00007ffef332c000 	C:\WINDOWS\SYSTEM32\Wldp.dll
0x00007ffef59f0000 - 0x00007ffef5a9d000 	C:\WINDOWS\System32\SHCORE.dll
0x00007ffef5c20000 - 0x00007ffef5c75000 	C:\WINDOWS\System32\shlwapi.dll
0x00007ffef37f0000 - 0x00007ffef380f000 	C:\WINDOWS\SYSTEM32\profapi.dll
0x00007ffeee8a0000 - 0x00007ffeee8bc000 	C:\Program Files\Java\jdk1.8.0_291\jre\bin\net.dll
0x00007ffef3060000 - 0x00007ffef30ca000 	C:\WINDOWS\system32\mswsock.dll
0x00007ffeeeb80000 - 0x00007ffeeeb8d000 	C:\Program Files\Java\jdk1.8.0_291\jre\bin\management.dll
0x00007ffeec020000 - 0x00007ffeec033000 	C:\Program Files\Java\jdk1.8.0_291\jre\bin\nio.dll
0x00007ffef3250000 - 0x00007ffef3268000 	C:\WINDOWS\SYSTEM32\CRYPTSP.dll
0x00007ffef2970000 - 0x00007ffef29a4000 	C:\WINDOWS\system32\rsaenh.dll
0x00007ffef3dd0000 - 0x00007ffef3df7000 	C:\WINDOWS\System32\bcrypt.dll
0x00007ffef37b0000 - 0x00007ffef37de000 	C:\WINDOWS\SYSTEM32\USERENV.dll
0x00007ffef3980000 - 0x00007ffef3a03000 	C:\WINDOWS\System32\bcryptprimitives.dll
0x00007ffef3270000 - 0x00007ffef327c000 	C:\WINDOWS\SYSTEM32\CRYPTBASE.dll
0x00007ffef2d00000 - 0x00007ffef2d3b000 	C:\WINDOWS\SYSTEM32\IPHLPAPI.DLL
0x00007ffef4c80000 - 0x00007ffef4c88000 	C:\WINDOWS\System32\NSI.dll
0x00007ffeed6e0000 - 0x00007ffeed6f7000 	C:\WINDOWS\SYSTEM32\dhcpcsvc6.DLL
0x00007ffeede10000 - 0x00007ffeede2d000 	C:\WINDOWS\SYSTEM32\dhcpcsvc.DLL
0x00007ffef2d40000 - 0x00007ffef2e0c000 	C:\WINDOWS\SYSTEM32\DNSAPI.dll
0x00007ffebc800000 - 0x00007ffebc995000 	C:\Program Files\Java\jdk1.8.0_291\jre\bin\awt.dll
0x00007ffef4850000 - 0x00007ffef491d000 	C:\WINDOWS\System32\OLEAUT32.dll
0x00007ffef0c70000 - 0x00007ffef0d00000 	C:\WINDOWS\SYSTEM32\apphelp.dll
0x00007ffef12f0000 - 0x00007ffef138e000 	C:\WINDOWS\system32\uxtheme.dll
0x00007ffef5f70000 - 0x00007ffef6085000 	C:\WINDOWS\System32\MSCTF.dll
0x00007ffef4c90000 - 0x00007ffef4dba000 	C:\WINDOWS\System32\ole32.dll
0x00007ffef14e0000 - 0x00007ffef150f000 	C:\WINDOWS\system32\DWMAPI.DLL
0x00007ffecae20000 - 0x00007ffecae69000 	C:\Program Files\Java\jdk1.8.0_291\jre\bin\fontmanager.dll
0x00007ffec36e0000 - 0x00007ffec3805000 	C:\WINDOWS\system32\opengl32.dll
0x00007ffecfe70000 - 0x00007ffecfe9c000 	C:\WINDOWS\SYSTEM32\GLU32.dll
0x00007ffec3810000 - 0x00007ffec39de000 	C:\WINDOWS\system32\d3d9.dll
0x00007ffed4680000 - 0x00007ffed485b000 	C:\WINDOWS\System32\DriverStore\FileRepository\u0360470.inf_amd64_35c64671e7fac064\B360357\aticfx64.dll
0x00007ffec3300000 - 0x00007ffec3333000 	C:\WINDOWS\System32\DriverStore\FileRepository\u0360470.inf_amd64_35c64671e7fac064\B360357\atiu9p64.dll
0x00007ffea39e0000 - 0x00007ffea4676000 	C:\WINDOWS\System32\DriverStore\FileRepository\u0360470.inf_amd64_35c64671e7fac064\B360357\atiumd64.dll
0x00007ffeeccf0000 - 0x00007ffeeced4000 	C:\WINDOWS\SYSTEM32\dbghelp.dll
0x00007ffeeaf90000 - 0x00007ffeeafbc000 	C:\WINDOWS\SYSTEM32\dbgcore.DLL
0x0000000069f10000 - 0x000000006ad89000 	C:\WINDOWS\System32\DriverStore\FileRepository\u0360470.inf_amd64_35c64671e7fac064\B360357\atiumd6a.dll
0x00007ffef2e70000 - 0x00007ffef2ebb000 	C:\WINDOWS\SYSTEM32\POWRPROF.dll
0x00007ffef2ce0000 - 0x00007ffef2cf2000 	C:\WINDOWS\SYSTEM32\UMPDC.dll
0x00007ffed4c80000 - 0x00007ffed4caf000 	C:\WINDOWS\SYSTEM32\amdihk64.dll
0x00007ffeeebc0000 - 0x00007ffeeebfb000 	C:\WINDOWS\SYSTEM32\dxcore.dll
0x00007ffef3b10000 - 0x00007ffef3b5e000 	C:\WINDOWS\System32\cfgmgr32.dll
0x00007ffef5b40000 - 0x00007ffef5be9000 	C:\WINDOWS\System32\clbcatq.dll
0x00007ffef1090000 - 0x00007ffef1244000 	C:\WINDOWS\SYSTEM32\WindowsCodecs.dll
0x00007ffed56d0000 - 0x00007ffed570e000 	C:\WINDOWS\system32\dataexchange.dll
0x00007ffeeef30000 - 0x00007ffeef194000 	C:\WINDOWS\system32\d3d11.dll
0x00007ffeef600000 - 0x00007ffeef7e5000 	C:\WINDOWS\system32\dcomp.dll
0x00007ffef21d0000 - 0x00007ffef22c4000 	C:\WINDOWS\system32\dxgi.dll
0x00007ffeee3d0000 - 0x00007ffeee5d1000 	C:\WINDOWS\system32\twinapi.appcore.dll
0x00007ffeca720000 - 0x00007ffeca763000 	C:\Program Files\Java\jdk1.8.0_291\jre\bin\t2k.dll
0x00007ffed7250000 - 0x00007ffed7349000 	C:\WINDOWS\SYSTEM32\textinputframework.dll
0x00007ffef0810000 - 0x00007ffef0b6e000 	C:\WINDOWS\System32\CoreUIComponents.dll
0x00007ffef0b70000 - 0x00007ffef0c62000 	C:\WINDOWS\System32\CoreMessaging.dll
0x00007ffef25a0000 - 0x00007ffef25d3000 	C:\WINDOWS\SYSTEM32\ntmarta.dll
0x00007ffef0600000 - 0x00007ffef0754000 	C:\WINDOWS\SYSTEM32\wintypes.dll
0x00007ffed70f0000 - 0x00007ffed711a000 	C:\Program Files\Java\jdk1.8.0_291\jre\bin\dcpr.dll
0x00007ffeec320000 - 0x00007ffeec32a000 	C:\Windows\System32\rasadhlp.dll
0x00007ffeeb620000 - 0x00007ffeeb69f000 	C:\WINDOWS\System32\fwpuclnt.dll
0x00007ffee9ee0000 - 0x00007ffee9f04000 	C:\Program Files\Java\jdk1.8.0_291\jre\bin\sunec.dll
0x00007ffeeea10000 - 0x00007ffeeea1d000 	C:\Program Files\Java\jdk1.8.0_291\jre\bin\sunmscapi.dll
0x00007ffef3c10000 - 0x00007ffef3d66000 	C:\WINDOWS\System32\CRYPT32.dll
0x00007ffef3370000 - 0x00007ffef3397000 	C:\WINDOWS\SYSTEM32\ncrypt.dll
0x00007ffef3330000 - 0x00007ffef336b000 	C:\WINDOWS\SYSTEM32\NTASN1.dll

VM Arguments:
jvm_args: -Dfile.encoding=UTF-8 -agentpath:C:/Program Files/NetBeans-12.0/netbeans/profiler/lib/deployed/jdk16/windows-amd64/profilerinterface.dll=C:\Program Files\NetBeans-12.0\netbeans\profiler\lib,5140,10 -XX:+HeapDumpOnOutOfMemoryError -XX:HeapDumpPath=C:\Users\Nicholas\OneDrive\Documents\NetBeansProjects\JavaGUI\nbproject\private\profiler 
java_command: SearchUser
java_class_path (initial): C:\Users\Nicholas\Downloads\jdatepicker-1.3.4.jar;C:\Users\Nicholas\Downloads\jcalendar-1.4.jar\jcalendar-1.4.jar;C:\Users\Nicholas\Downloads\mysql-connector-java-8.0.26\mysql-connector-java-8.0.26\mysql-connector-java-8.0.26.jar;C:\Users\Nicholas\OneDrive\Documents\NetBeansProjects\JavaGUI\build\classes
Launcher Type: SUN_STANDARD

Environment Variables:
PATH=C:\Program Files\Java\jdk1.8.0_291\bin;C:\Program Files (x86)\Common Files\Oracle\Java\javapath;C:\WINDOWS\system32;C:\WINDOWS;C:\WINDOWS\System32\Wbem;C:\WINDOWS\System32\WindowsPowerShell\v1.0\;C:\WINDOWS\System32\OpenSSH\;C:\Program Files\Microsoft SQL Server\130\Tools\Binn\;C:\Program Files\Microsoft SQL Server\Client SDK\ODBC\170\Tools\Binn\;C:\Program Files (x86)\Microsoft SQL Server\150\Tools\Binn\;C:\Program Files\Microsoft SQL Server\150\Tools\Binn\;C:\Program Files\Microsoft SQL Server\150\DTS\Binn\;C:\Program Files (x86)\Microsoft SQL Server\150\DTS\Binn\;C:\Program Files\Azure Data Studio\bin;C:\Program Files\Git\cmd;C:\Program Files\MySQL\MySQL Server 8.0\bin;C:\Program Files\dotnet\;C:\Users\Nicholas\AppData\Local\Microsoft\WindowsApps;C:\Users\Nicholas\AppData\Local\Programs\Microsoft VS Code\bin;C:\Users\Nicholas\AppData\Local\atom\bin;C:\Program Files\Azure Data Studio\bin;C:\Program Files\JetBrains\IntelliJ IDEA Community Edition 2021.1.3\bin;;C:\Users\Nicholas\AppData\Local\GitHubDesktop\bin;C:\Users\Nicholas\.dotnet\tools
USERNAME=Nicholas
OS=Windows_NT
PROCESSOR_IDENTIFIER=AMD64 Family 23 Model 8 Stepping 2, AuthenticAMD



---------------  S Y S T E M  ---------------

OS: Windows 10.0 , 64 bit Build 19041 (10.0.19041.1202)

CPU:total 12 (initial active 12) (12 cores per cpu, 1 threads per core) family 23 model 8 stepping 2, cmov, cx8, fxsr, mmx, sse, sse2, sse3, ssse3, sse4.1, sse4.2, popcnt, avx, avx2, aes, clmul, mmxext, 3dnowpref, lzcnt, sse4a, tsc, tscinvbit, tscinv, bmi1

Memory: 4k page, physical 8338492k(1341808k free), swap 22207996k(5412144k free)

vm_info: Java HotSpot(TM) 64-Bit Server VM (25.291-b10) for windows-amd64 JRE (1.8.0_291-b10), built on Apr  9 2021 00:02:00 by "java_re" with MS VC++ 15.9 (VS2017)

time: Sun Oct 24 10:29:40 2021
timezone: AUS Eastern Summer Time
elapsed time: 9.672374 seconds (0d 0h 0m 9s)

