#
# A fatal error has been detected by the Java Runtime Environment:
#
#  EXCEPTION_ACCESS_VIOLATION (0xc0000005) at pc=0x00000000697526cb, pid=1944, tid=0x0000000000003e1c
#
# JRE version: Java(TM) SE Runtime Environment (8.0_291-b10) (build 1.8.0_291-b10)
# Java VM: Java HotSpot(TM) 64-Bit Server VM (25.291-b10 mixed mode windows-amd64 compressed oops)
# Problematic frame:
# V  [jvm.dll+0x1326cb]
#
# Failed to write core dump. Minidumps are not enabled by default on client versions of Windows
#
# If you would like to submit a bug report, please visit:
#   http://bugreport.java.com/bugreport/crash.jsp
#

---------------  T H R E A D  ---------------

Current thread (0x000002555f39d800):  JavaThread "*** Profiler Agent Communication Thread" daemon [_thread_in_vm, id=15900, stack(0x000000b57d100000,0x000000b57d200000)]

siginfo: ExceptionCode=0xc0000005, reading address 0x000000005f514ad8

Registers:
RAX=0x000000b57d1fed01, RBX=0x000002555f39d800, RCX=0x000000005f514ad8, RDX=0x000002555f39d800
RSP=0x000000b57d1fed00, RBP=0x000000005f514ad8, RSI=0x0000025546a19f00, RDI=0x000000b57d1fee20
R8 =0x000000b57d1fee20, R9 =0x0000000000000017, R10=0x0000000000000000, R11=0x000002555f1aaaf0
R12=0x00000255679f8010, R13=0x0000000000000024, R14=0x00007ffeee1b9c68, R15=0x00007ffeee1b9a60
RIP=0x00000000697526cb, EFLAGS=0x0000000000010206

Top of Stack: (sp=0x000000b57d1fed00)
0x000000b57d1fed00:   000000037d1fedf0 000000006977e8b3
0x000000b57d1fed10:   000002555f39d800 000000b57d1feec8
0x000000b57d1fed20:   000002555f39d800 000000006995e51d
0x000000b57d1fed30:   00000000000005a0 000002555f39d800
0x000000b57d1fed40:   000002555f39da00 00007ffef5879d40
0x000000b57d1fed50:   000002555f39d800 0000000000000000
0x000000b57d1fed60:   0000025500000000 0000000000000000
0x000000b57d1fed70:   000000005f514ad8 00007ffeee1b34da
0x000000b57d1fed80:   0000000000000000 000002555f39da00
0x000000b57d1fed90:   0000000000000096 0000000000000039
0x000000b57d1feda0:   00000255679f8010 000002555f398d20
0x000000b57d1fedb0:   000002555c896700 000002555f39d800
0x000000b57d1fedc0:   000002555c896700 000002555f39d800
0x000000b57d1fedd0:   00000255619c9488 0000000000000096
0x000000b57d1fede0:   000002555f39d800 000002555c896700
0x000000b57d1fedf0:   0000000000000000 00000255619c9488 

Instructions: (pc=0x00000000697526cb)
0x00000000697526ab:   cc cc cc cc cc 48 89 11 c3 cc cc cc cc cc cc cc
0x00000000697526bb:   cc cc cc cc cc 40 53 48 83 ec 20 48 85 c9 74 24
0x00000000697526cb:   48 8b 19 48 85 db 74 1c 48 83 fb 37 74 16 48 8b
0x00000000697526db:   13 48 8b cb ff 52 10 84 c0 74 09 48 8b c3 48 83 


Register to memory mapping:

RAX=0x000000b57d1fed01 is pointing into the stack for thread: 0x000002555f39d800
RBX=0x000002555f39d800 is a thread
RCX=0x000000005f514ad8 is an unknown value
RDX=0x000002555f39d800 is a thread
RSP=0x000000b57d1fed00 is pointing into the stack for thread: 0x000002555f39d800
RBP=0x000000005f514ad8 is an unknown value
RSI=0x0000025546a19f00 is an unknown value
RDI=0x000000b57d1fee20 is pointing into the stack for thread: 0x000002555f39d800
R8 =0x000000b57d1fee20 is pointing into the stack for thread: 0x000002555f39d800
R9 =0x0000000000000017 is an unknown value
R10=0x0000000000000000 is an unknown value
R11=0x000002555f1aaaf0 is an unknown value
R12=0x00000255679f8010 is an unknown value
R13=0x0000000000000024 is an unknown value
R14=0x00007ffeee1b9c68 is an unknown value
R15=0x00007ffeee1b9a60 is an unknown value


Stack: [0x000000b57d100000,0x000000b57d200000],  sp=0x000000b57d1fed00,  free space=1019k
Native frames: (J=compiled Java code, j=interpreted, Vv=VM code, C=native code)
V  [jvm.dll+0x1326cb]
V  [jvm.dll+0x33e51d]
C  [profilerinterface.dll+0x34da]
C  0x00000255484b990e

Java frames: (J=compiled Java code, j=interpreted, Vv=VM code)
j  org.netbeans.lib.profiler.server.system.Stacks.getMethodNamesForJMethodIds(I[I[I)[B+0
j  org.netbeans.lib.profiler.server.ProfilerInterface.getMethodNamesForJMethodIds([I)Lorg/netbeans/lib/profiler/wireprotocol/MethodNamesResponse;+20
j  org.netbeans.lib.profiler.server.ProfilerServer.handleClientCommand(Lorg/netbeans/lib/profiler/wireprotocol/Command;)V+691
j  org.netbeans.lib.profiler.server.ProfilerServer.listenToClient()V+48
j  org.netbeans.lib.profiler.server.ProfilerServer.run()V+22
v  ~StubRoutines::call_stub

---------------  P R O C E S S  ---------------

Java Threads: ( => current thread )
  0x000002555f539000 JavaThread "mysql-cj-abandoned-connection-cleanup" daemon [_thread_blocked, id=13632, stack(0x000000b57f400000,0x000000b57f500000)]
  0x000002555f538000 JavaThread "TimerQueue" daemon [_thread_blocked, id=6020, stack(0x000000b57f100000,0x000000b57f200000)]
  0x000002555f53e000 JavaThread "D3D Screen Updater" daemon [_thread_blocked, id=6516, stack(0x000000b57f000000,0x000000b57f100000)]
  0x000002555f53d800 JavaThread "DestroyJavaVM" [_thread_blocked, id=1660, stack(0x000000b57c100000,0x000000b57c200000)]
  0x000002555f53c800 JavaThread "AWT-EventQueue-0" [_thread_blocked, id=11416, stack(0x000000b57dd00000,0x000000b57de00000)]
  0x000002555f53c000 JavaThread "AWT-Windows" daemon [_thread_in_native, id=17176, stack(0x000000b57dc00000,0x000000b57dd00000)]
  0x000002555f53b000 JavaThread "AWT-Shutdown" [_thread_blocked, id=8668, stack(0x000000b57db00000,0x000000b57dc00000)]
  0x000002555f53a800 JavaThread "Java2D Disposer" daemon [_thread_blocked, id=19136, stack(0x000000b57da00000,0x000000b57db00000)]
  0x000002555f4f7000 JavaThread "Service Thread" daemon [_thread_blocked, id=17304, stack(0x000000b57d800000,0x000000b57d900000)]
  0x000002555f539800 JavaThread "C1 CompilerThread3" daemon [_thread_blocked, id=12680, stack(0x000000b57d700000,0x000000b57d800000)]
  0x000002555f52e800 JavaThread "C2 CompilerThread2" daemon [_thread_blocked, id=7680, stack(0x000000b57d600000,0x000000b57d700000)]
  0x000002555f52d800 JavaThread "C2 CompilerThread1" daemon [_thread_blocked, id=480, stack(0x000000b57d500000,0x000000b57d600000)]
  0x000002555f507800 JavaThread "C2 CompilerThread0" daemon [_thread_blocked, id=16616, stack(0x000000b57d400000,0x000000b57d500000)]
  0x000002555f438000 JavaThread "*** Profiler Agent Special Execution Thread 6" daemon [_thread_blocked, id=9924, stack(0x000000b57d300000,0x000000b57d400000)]
  0x000002555f437800 JavaThread "*** JFluid Monitor thread ***" daemon [_thread_blocked, id=464, stack(0x000000b57d200000,0x000000b57d300000)]
=>0x000002555f39d800 JavaThread "*** Profiler Agent Communication Thread" daemon [_thread_in_vm, id=15900, stack(0x000000b57d100000,0x000000b57d200000)]
  0x000002555da90000 JavaThread "Attach Listener" daemon [_thread_blocked, id=17276, stack(0x000000b57d000000,0x000000b57d100000)]
  0x000002555da8f800 JavaThread "Signal Dispatcher" daemon [_thread_blocked, id=472, stack(0x000000b57cf00000,0x000000b57d000000)]
  0x000002555da65000 JavaThread "Finalizer" daemon [_thread_blocked, id=17584, stack(0x000000b57ce00000,0x000000b57cf00000)]
  0x000002555da62000 JavaThread "Reference Handler" daemon [_thread_blocked, id=5216, stack(0x000000b57cd00000,0x000000b57ce00000)]

Other Threads:
  0x000002555da36000 VMThread [stack: 0x000000b57cc00000,0x000000b57cd00000] [id=17560]
  0x000002555f5cb800 WatcherThread [stack: 0x000000b57d900000,0x000000b57da00000] [id=10988]

VM state:not at safepoint (normal execution)

VM Mutex/Monitor currently owned by a thread: None

heap address: 0x0000000080c00000, size: 2036 MB, Compressed Oops mode: 32-bit
Narrow klass base: 0x0000000000000000, Narrow klass shift: 3
Compressed class space size: 1073741824 Address: 0x0000000100000000

Heap:
 PSYoungGen      total 38400K, used 28754K [0x00000000d5980000, 0x00000000da480000, 0x0000000100000000)
  eden space 33280K, 86% used [0x00000000d5980000,0x00000000d75948f0,0x00000000d7a00000)
  from space 5120K, 0% used [0x00000000d7f00000,0x00000000d7f00000,0x00000000d8400000)
  to   space 5120K, 0% used [0x00000000d7a00000,0x00000000d7a00000,0x00000000d7f00000)
 ParOldGen       total 46080K, used 5684K [0x0000000080c00000, 0x0000000083900000, 0x00000000d5980000)
  object space 46080K, 12% used [0x0000000080c00000,0x000000008118d118,0x0000000083900000)
 Metaspace       used 28275K, capacity 28658K, committed 29104K, reserved 1075200K
  class space    used 3234K, capacity 3379K, committed 3504K, reserved 1048576K

Card table byte_map: [0x0000025557860000,0x0000025557c60000] byte_map_base: 0x000002555745a000

Marking Bits: (ParMarkBitMap*) 0x0000000069e07fe0
 Begin Bits: [0x0000025557f10000, 0x0000025559ee0000)
 End Bits:   [0x0000025559ee0000, 0x000002555beb0000)

Polling page: 0x0000025546ca0000

CodeCache: size=245760Kb used=6579Kb max_used=6579Kb free=239180Kb
 bounds [0x00000255484a0000, 0x0000025548b20000, 0x00000255574a0000]
 total_blobs=2718 nmethods=2069 adapters=562
 compilation: enabled

Compilation events (10 events):
Event: 10.752 Thread 0x000002555f539800 2265       1       javax.swing.DefaultListSelectionModel::getLeadSelectionIndex (5 bytes)
Event: 10.752 Thread 0x000002555f539800 nmethod 2265 0x0000025548b0e3d0 code [0x0000025548b0e520, 0x0000025548b0e638]
Event: 10.752 Thread 0x000002555f539800 2266       3       java.awt.Component::repaintParentIfNeeded (41 bytes)
Event: 10.752 Thread 0x000002555f539800 nmethod 2266 0x0000025548b0da50 code [0x0000025548b0dc00, 0x0000025548b0e270]
Event: 10.752 Thread 0x000002555f539800 2267       3       java.awt.Component::notifyNewBounds (129 bytes)
Event: 10.753 Thread 0x000002555f539800 nmethod 2267 0x0000025548b11410 code [0x0000025548b117a0, 0x0000025548b13650]
Event: 10.753 Thread 0x000002555f539800 2268       3       java.awt.Component::setForeground (44 bytes)
Event: 10.753 Thread 0x000002555f539800 nmethod 2268 0x0000025548b0fe10 code [0x0000025548b0ffc0, 0x0000025548b10770]
Event: 10.753 Thread 0x000002555f539800 2269       3       java.util.ArrayList::remove (69 bytes)
Event: 10.754 Thread 0x000002555f539800 nmethod 2269 0x0000025548b0f2d0 code [0x0000025548b0f480, 0x0000025548b0faf0]

GC Heap History (6 events):
Event: 7.301 GC heap before
{Heap before GC invocations=1 (full 0):
 PSYoungGen      total 38400K, used 33280K [0x00000000d5980000, 0x00000000d8400000, 0x0000000100000000)
  eden space 33280K, 100% used [0x00000000d5980000,0x00000000d7a00000,0x00000000d7a00000)
  from space 5120K, 0% used [0x00000000d7f00000,0x00000000d7f00000,0x00000000d8400000)
  to   space 5120K, 0% used [0x00000000d7a00000,0x00000000d7a00000,0x00000000d7f00000)
 ParOldGen       total 87552K, used 0K [0x0000000080c00000, 0x0000000086180000, 0x00000000d5980000)
  object space 87552K, 0% used [0x0000000080c00000,0x0000000080c00000,0x0000000086180000)
 Metaspace       used 20212K, capacity 20508K, committed 20736K, reserved 1067008K
  class space    used 2432K, capacity 2543K, committed 2560K, reserved 1048576K
Event: 7.306 GC heap after
Heap after GC invocations=1 (full 0):
 PSYoungGen      total 38400K, used 5091K [0x00000000d5980000, 0x00000000d8400000, 0x0000000100000000)
  eden space 33280K, 0% used [0x00000000d5980000,0x00000000d5980000,0x00000000d7a00000)
  from space 5120K, 99% used [0x00000000d7a00000,0x00000000d7ef8fa0,0x00000000d7f00000)
  to   space 5120K, 0% used [0x00000000d7f00000,0x00000000d7f00000,0x00000000d8400000)
 ParOldGen       total 87552K, used 1063K [0x0000000080c00000, 0x0000000086180000, 0x00000000d5980000)
  object space 87552K, 1% used [0x0000000080c00000,0x0000000080d09f60,0x0000000086180000)
 Metaspace       used 20212K, capacity 20508K, committed 20736K, reserved 1067008K
  class space    used 2432K, capacity 2543K, committed 2560K, reserved 1048576K
}
Event: 7.437 GC heap before
{Heap before GC invocations=2 (full 0):
 PSYoungGen      total 38400K, used 10363K [0x00000000d5980000, 0x00000000d8400000, 0x0000000100000000)
  eden space 33280K, 15% used [0x00000000d5980000,0x00000000d5ea5db0,0x00000000d7a00000)
  from space 5120K, 99% used [0x00000000d7a00000,0x00000000d7ef8fa0,0x00000000d7f00000)
  to   space 5120K, 0% used [0x00000000d7f00000,0x00000000d7f00000,0x00000000d8400000)
 ParOldGen       total 87552K, used 1063K [0x0000000080c00000, 0x0000000086180000, 0x00000000d5980000)
  object space 87552K, 1% used [0x0000000080c00000,0x0000000080d09f60,0x0000000086180000)
 Metaspace       used 20880K, capacity 21138K, committed 21296K, reserved 1069056K
  class space    used 2487K, capacity 2582K, committed 2608K, reserved 1048576K
Event: 7.441 GC heap after
Heap after GC invocations=2 (full 0):
 PSYoungGen      total 38400K, used 5113K [0x00000000d5980000, 0x00000000da480000, 0x0000000100000000)
  eden space 33280K, 0% used [0x00000000d5980000,0x00000000d5980000,0x00000000d7a00000)
  from space 5120K, 99% used [0x00000000d7f00000,0x00000000d83fe7c8,0x00000000d8400000)
  to   space 5120K, 0% used [0x00000000d7a00000,0x00000000d7a00000,0x00000000d7f00000)
 ParOldGen       total 87552K, used 1457K [0x0000000080c00000, 0x0000000086180000, 0x00000000d5980000)
  object space 87552K, 1% used [0x0000000080c00000,0x0000000080d6c4e8,0x0000000086180000)
 Metaspace       used 20880K, capacity 21138K, committed 21296K, reserved 1069056K
  class space    used 2487K, capacity 2582K, committed 2608K, reserved 1048576K
}
Event: 7.441 GC heap before
{Heap before GC invocations=3 (full 1):
 PSYoungGen      total 38400K, used 5113K [0x00000000d5980000, 0x00000000da480000, 0x0000000100000000)
  eden space 33280K, 0% used [0x00000000d5980000,0x00000000d5980000,0x00000000d7a00000)
  from space 5120K, 99% used [0x00000000d7f00000,0x00000000d83fe7c8,0x00000000d8400000)
  to   space 5120K, 0% used [0x00000000d7a00000,0x00000000d7a00000,0x00000000d7f00000)
 ParOldGen       total 87552K, used 1457K [0x0000000080c00000, 0x0000000086180000, 0x00000000d5980000)
  object space 87552K, 1% used [0x0000000080c00000,0x0000000080d6c4e8,0x0000000086180000)
 Metaspace       used 20880K, capacity 21138K, committed 21296K, reserved 1069056K
  class space    used 2487K, capacity 2582K, committed 2608K, reserved 1048576K
Event: 7.465 GC heap after
Heap after GC invocations=3 (full 1):
 PSYoungGen      total 38400K, used 0K [0x00000000d5980000, 0x00000000da480000, 0x0000000100000000)
  eden space 33280K, 0% used [0x00000000d5980000,0x00000000d5980000,0x00000000d7a00000)
  from space 5120K, 0% used [0x00000000d7f00000,0x00000000d7f00000,0x00000000d8400000)
  to   space 5120K, 0% used [0x00000000d7a00000,0x00000000d7a00000,0x00000000d7f00000)
 ParOldGen       total 46080K, used 5684K [0x0000000080c00000, 0x0000000083900000, 0x00000000d5980000)
  object space 46080K, 12% used [0x0000000080c00000,0x000000008118d118,0x0000000083900000)
 Metaspace       used 20879K, capacity 21132K, committed 21296K, reserved 1069056K
  class space    used 2486K, capacity 2580K, committed 2608K, reserved 1048576K
}

Deoptimization events (10 events):
Event: 8.653 Thread 0x000002555f53c800 Uncommon trap: reason=unstable_if action=reinterpret pc=0x000002554898d454 method=java.math.BigInteger.addOne([IIII)I @ 55
Event: 9.626 Thread 0x000002555f53c800 Uncommon trap: reason=predicate action=maybe_recompile pc=0x0000025548a40f58 method=java.util.regex.Pattern$SliceI.match(Ljava/util/regex/Matcher;ILjava/lang/CharSequence;)Z @ 21
Event: 10.190 Thread 0x000002555f53c800 Uncommon trap: reason=class_check action=maybe_recompile pc=0x0000025548aa985c method=sun.security.util.math.intpoly.IntegerPolynomial$MutableElement.setSum(Lsun/security/util/math/IntegerModuloP;)Lsun/security/util/math/intpoly/IntegerPolynomial$MutableE
Event: 10.190 Thread 0x000002555f53c800 Uncommon trap: reason=class_check action=maybe_recompile pc=0x0000025548aa985c method=sun.security.util.math.intpoly.IntegerPolynomial$MutableElement.setSum(Lsun/security/util/math/IntegerModuloP;)Lsun/security/util/math/intpoly/IntegerPolynomial$MutableE
Event: 10.190 Thread 0x000002555f53c800 Uncommon trap: reason=class_check action=maybe_recompile pc=0x0000025548aa985c method=sun.security.util.math.intpoly.IntegerPolynomial$MutableElement.setSum(Lsun/security/util/math/IntegerModuloP;)Lsun/security/util/math/intpoly/IntegerPolynomial$MutableE
Event: 10.190 Thread 0x000002555f53c800 Uncommon trap: reason=class_check action=maybe_recompile pc=0x0000025548aa985c method=sun.security.util.math.intpoly.IntegerPolynomial$MutableElement.setSum(Lsun/security/util/math/IntegerModuloP;)Lsun/security/util/math/intpoly/IntegerPolynomial$MutableE
Event: 10.745 Thread 0x000002555f53c800 Uncommon trap: reason=class_check action=maybe_recompile pc=0x000002554869fa0c method=javax.swing.plaf.nimbus.DerivedColor$UIResource.equals(Ljava/lang/Object;)Z @ 1
Event: 10.747 Thread 0x000002555f53c800 Uncommon trap: reason=unstable_if action=reinterpret pc=0x000002554869add4 method=javax.swing.plaf.nimbus.DerivedColor.equals(Ljava/lang/Object;)Z @ 45
Event: 10.748 Thread 0x000002555f53c800 Uncommon trap: reason=class_check action=maybe_recompile pc=0x000002554869fa0c method=javax.swing.plaf.nimbus.DerivedColor$UIResource.equals(Ljava/lang/Object;)Z @ 1
Event: 10.750 Thread 0x000002555f53c800 Uncommon trap: reason=class_check action=maybe_recompile pc=0x000002554869fa0c method=javax.swing.plaf.nimbus.DerivedColor$UIResource.equals(Ljava/lang/Object;)Z @ 1

Classes redefined (10 events):
Event: 10.552 Thread 0x000002555da36000 redefined class name=com.mysql.cj.result.DefaultColumnDefinition$1, count=1
Event: 10.585 Thread 0x000002555da36000 redefined class name=com.mysql.cj.jdbc.result.ResultSetImpl, count=1
Event: 10.601 Thread 0x000002555da36000 redefined class name=java.sql.Statement, count=1
Event: 10.627 Thread 0x000002555da36000 redefined class name=com.mysql.cj.jdbc.StatementImpl, count=1
Event: 10.640 Thread 0x000002555da36000 redefined class name=com.mysql.cj.AbstractQuery, count=1
Event: 10.652 Thread 0x000002555da36000 redefined class name=com.mysql.cj.Query$CancelStatus, count=1
Event: 10.666 Thread 0x000002555da36000 redefined class name=com.mysql.cj.jdbc.EscapeProcessor, count=1
Event: 10.690 Thread 0x000002555da36000 redefined class name=java.util.Calendar, count=1
Event: 10.707 Thread 0x000002555da36000 redefined class name=java.util.GregorianCalendar, count=1
Event: 10.721 Thread 0x000002555da36000 redefined class name=sun.util.locale.provider.CalendarDataUtility$CalendarWeekParameterGetter, count=1

Internal exceptions (10 events):
Event: 1.293 Thread 0x0000025546a21800 Exception <a 'java/lang/ClassNotFoundException': ToolBarSeparator> (0x00000000d649af50) thrown at [C:\jenkins\workspace\8-2-build-windows-amd64-cygwin\jdk8u291\1294\hotspot\src\share\vm\classfile\systemDictionary.cpp, line 212]
Event: 1.293 Thread 0x0000025546a21800 Exception <a 'java/lang/ClassNotFoundException': ToolTip> (0x00000000d649b6f0) thrown at [C:\jenkins\workspace\8-2-build-windows-amd64-cygwin\jdk8u291\1294\hotspot\src\share\vm\classfile\systemDictionary.cpp, line 212]
Event: 1.294 Thread 0x0000025546a21800 Exception <a 'java/lang/ClassNotFoundException': Tree> (0x00000000d649c370) thrown at [C:\jenkins\workspace\8-2-build-windows-amd64-cygwin\jdk8u291\1294\hotspot\src\share\vm\classfile\systemDictionary.cpp, line 212]
Event: 1.294 Thread 0x0000025546a21800 Exception <a 'java/lang/ClassNotFoundException': Tree> (0x00000000d649cab0) thrown at [C:\jenkins\workspace\8-2-build-windows-amd64-cygwin\jdk8u291\1294\hotspot\src\share\vm\classfile\systemDictionary.cpp, line 212]
Event: 1.294 Thread 0x0000025546a21800 Exception <a 'java/lang/ClassNotFoundException': javax/swing/JTreeCell> (0x00000000d649ce30) thrown at [C:\jenkins\workspace\8-2-build-windows-amd64-cygwin\jdk8u291\1294\hotspot\src\share\vm\classfile\systemDictionary.cpp, line 212]
Event: 1.294 Thread 0x0000025546a21800 Exception <a 'java/lang/ClassNotFoundException': TreeCell> (0x00000000d649d2b8) thrown at [C:\jenkins\workspace\8-2-build-windows-amd64-cygwin\jdk8u291\1294\hotspot\src\share\vm\classfile\systemDictionary.cpp, line 212]
Event: 1.294 Thread 0x0000025546a21800 Exception <a 'java/lang/ClassNotFoundException': RootPane> (0x00000000d649dd80) thrown at [C:\jenkins\workspace\8-2-build-windows-amd64-cygwin\jdk8u291\1294\hotspot\src\share\vm\classfile\systemDictionary.cpp, line 212]
Event: 1.400 Thread 0x000002555f53c800 Implicit null exception at 0x00000255486571d6 to 0x000002554865755d
Event: 1.400 Thread 0x000002555f53c800 Implicit null exception at 0x00000255485cab97 to 0x00000255485caf91
Event: 7.830 Thread 0x000002555f53c800 Implicit null exception at 0x000002554892514b to 0x00000255489251f5

Events (10 events):
Event: 10.747 Thread 0x000002555f53c800 DEOPT PACKING pc=0x000002554869add4 sp=0x000000b57ddfc5d0
Event: 10.747 Thread 0x000002555f53c800 DEOPT UNPACKING pc=0x00000255484e5843 sp=0x000000b57ddfc580 mode 2
Event: 10.748 Thread 0x000002555f53c800 Uncommon trap: trap_request=0xffffffde fr.pc=0x000002554869fa0c
Event: 10.748 Thread 0x000002555f53c800 DEOPT PACKING pc=0x000002554869fa0c sp=0x000000b57ddfc5d0
Event: 10.748 Thread 0x000002555f53c800 DEOPT UNPACKING pc=0x00000255484e5843 sp=0x000000b57ddfc588 mode 2
Event: 10.750 Thread 0x000002555f53c800 Uncommon trap: trap_request=0xffffffde fr.pc=0x000002554869fa0c
Event: 10.750 Thread 0x000002555f53c800 DEOPT PACKING pc=0x000002554869fa0c sp=0x000000b57ddfc5d0
Event: 10.750 Thread 0x000002555f53c800 DEOPT UNPACKING pc=0x00000255484e5843 sp=0x000000b57ddfc588 mode 2
Event: 11.051 loading class org/netbeans/lib/profiler/wireprotocol/GetMethodNamesForJMethodIdsCommand
Event: 11.051 loading class org/netbeans/lib/profiler/wireprotocol/GetMethodNamesForJMethodIdsCommand done


Dynamic libraries:
0x00007ff6fdd00000 - 0x00007ff6fdd47000 	C:\Program Files\Java\jdk1.8.0_291\bin\java.exe
0x00007ffef6190000 - 0x00007ffef6385000 	C:\WINDOWS\SYSTEM32\ntdll.dll
0x00007ffef6090000 - 0x00007ffef614e000 	C:\WINDOWS\System32\KERNEL32.DLL
0x00007ffef3e00000 - 0x00007ffef40c9000 	C:\WINDOWS\System32\KERNELBASE.dll
0x00007ffef46c0000 - 0x00007ffef476c000 	C:\WINDOWS\System32\ADVAPI32.dll
0x00007ffef5860000 - 0x00007ffef58fe000 	C:\WINDOWS\System32\msvcrt.dll
0x00007ffef5aa0000 - 0x00007ffef5b3b000 	C:\WINDOWS\System32\sechost.dll
0x00007ffef4dc0000 - 0x00007ffef4eea000 	C:\WINDOWS\System32\RPCRT4.dll
0x00007ffef5650000 - 0x00007ffef57f1000 	C:\WINDOWS\System32\USER32.dll
0x00007ffef3950000 - 0x00007ffef3972000 	C:\WINDOWS\System32\win32u.dll
0x00007ffef5bf0000 - 0x00007ffef5c1b000 	C:\WINDOWS\System32\GDI32.dll
0x00007ffef40d0000 - 0x00007ffef41db000 	C:\WINDOWS\System32\gdi32full.dll
0x00007ffef38b0000 - 0x00007ffef394d000 	C:\WINDOWS\System32\msvcp_win.dll
0x00007ffef3a10000 - 0x00007ffef3b10000 	C:\WINDOWS\System32\ucrtbase.dll
0x00007ffeeba70000 - 0x00007ffeebd0a000 	C:\WINDOWS\WinSxS\amd64_microsoft.windows.common-controls_6595b64144ccf1df_6.0.19041.1110_none_60b5254171f9507e\COMCTL32.dll
0x00007ffef5c80000 - 0x00007ffef5cb0000 	C:\WINDOWS\System32\IMM32.DLL
0x00007ffec8220000 - 0x00007ffec8235000 	C:\Program Files\Java\jdk1.8.0_291\jre\bin\vcruntime140.dll
0x00007ffeb7430000 - 0x00007ffeb74cb000 	C:\Program Files\Java\jdk1.8.0_291\jre\bin\msvcp140.dll
0x0000000069620000 - 0x0000000069e80000 	C:\Program Files\Java\jdk1.8.0_291\jre\bin\server\jvm.dll
0x00007ffef5e60000 - 0x00007ffef5e68000 	C:\WINDOWS\System32\PSAPI.DLL
0x00007ffedc0e0000 - 0x00007ffedc0e9000 	C:\WINDOWS\SYSTEM32\WSOCK32.dll
0x00007ffedddf0000 - 0x00007ffedde17000 	C:\WINDOWS\SYSTEM32\WINMM.dll
0x00007ffeec680000 - 0x00007ffeec68a000 	C:\WINDOWS\SYSTEM32\VERSION.dll
0x00007ffef5980000 - 0x00007ffef59eb000 	C:\WINDOWS\System32\WS2_32.dll
0x00007ffef17d0000 - 0x00007ffef17e2000 	C:\WINDOWS\SYSTEM32\kernel.appcore.dll
0x00007ffedc0d0000 - 0x00007ffedc0e0000 	C:\Program Files\Java\jdk1.8.0_291\jre\bin\verify.dll
0x00007ffebe8d0000 - 0x00007ffebe8fb000 	C:\Program Files\Java\jdk1.8.0_291\jre\bin\java.dll
0x00007ffeee1b0000 - 0x00007ffeee1bf000 	C:\Program Files\NetBeans-12.0\netbeans\profiler\lib\deployed\jdk16\windows-amd64\profilerinterface.dll
0x00007ffec2520000 - 0x00007ffec2538000 	C:\Program Files\Java\jdk1.8.0_291\jre\bin\zip.dll
0x00007ffef4ef0000 - 0x00007ffef562f000 	C:\WINDOWS\System32\SHELL32.dll
0x00007ffef19d0000 - 0x00007ffef2160000 	C:\WINDOWS\SYSTEM32\windows.storage.dll
0x00007ffef4920000 - 0x00007ffef4c75000 	C:\WINDOWS\System32\combase.dll
0x00007ffef3300000 - 0x00007ffef332c000 	C:\WINDOWS\SYSTEM32\Wldp.dll
0x00007ffef59f0000 - 0x00007ffef5a9d000 	C:\WINDOWS\System32\SHCORE.dll
0x00007ffef5c20000 - 0x00007ffef5c75000 	C:\WINDOWS\System32\shlwapi.dll
0x00007ffef37f0000 - 0x00007ffef380f000 	C:\WINDOWS\SYSTEM32\profapi.dll
0x00007ffebc6a0000 - 0x00007ffebc6bc000 	C:\Program Files\Java\jdk1.8.0_291\jre\bin\net.dll
0x00007ffef3060000 - 0x00007ffef30ca000 	C:\WINDOWS\system32\mswsock.dll
0x00007ffeeebb0000 - 0x00007ffeeebbd000 	C:\Program Files\Java\jdk1.8.0_291\jre\bin\management.dll
0x00007ffebc680000 - 0x00007ffebc693000 	C:\Program Files\Java\jdk1.8.0_291\jre\bin\nio.dll
0x00007ffef3250000 - 0x00007ffef3268000 	C:\WINDOWS\SYSTEM32\CRYPTSP.dll
0x00007ffef2970000 - 0x00007ffef29a4000 	C:\WINDOWS\system32\rsaenh.dll
0x00007ffef3dd0000 - 0x00007ffef3df7000 	C:\WINDOWS\System32\bcrypt.dll
0x00007ffef37b0000 - 0x00007ffef37de000 	C:\WINDOWS\SYSTEM32\USERENV.dll
0x00007ffef3980000 - 0x00007ffef3a03000 	C:\WINDOWS\System32\bcryptprimitives.dll
0x00007ffef3270000 - 0x00007ffef327c000 	C:\WINDOWS\SYSTEM32\CRYPTBASE.dll
0x00007ffef2d00000 - 0x00007ffef2d3b000 	C:\WINDOWS\SYSTEM32\IPHLPAPI.DLL
0x00007ffef4c80000 - 0x00007ffef4c88000 	C:\WINDOWS\System32\NSI.dll
0x00007ffeed6e0000 - 0x00007ffeed6f7000 	C:\WINDOWS\SYSTEM32\dhcpcsvc6.DLL
0x00007ffeede10000 - 0x00007ffeede2d000 	C:\WINDOWS\SYSTEM32\dhcpcsvc.DLL
0x00007ffef2d40000 - 0x00007ffef2e0c000 	C:\WINDOWS\SYSTEM32\DNSAPI.dll
0x00007ffe839f0000 - 0x00007ffe83b85000 	C:\Program Files\Java\jdk1.8.0_291\jre\bin\awt.dll
0x00007ffef4850000 - 0x00007ffef491d000 	C:\WINDOWS\System32\OLEAUT32.dll
0x00007ffef0c70000 - 0x00007ffef0d00000 	C:\WINDOWS\SYSTEM32\apphelp.dll
0x00007ffef12f0000 - 0x00007ffef138e000 	C:\WINDOWS\system32\uxtheme.dll
0x00007ffef5f70000 - 0x00007ffef6085000 	C:\WINDOWS\System32\MSCTF.dll
0x00007ffef4c90000 - 0x00007ffef4dba000 	C:\WINDOWS\System32\ole32.dll
0x00007ffef14e0000 - 0x00007ffef150f000 	C:\WINDOWS\system32\DWMAPI.DLL
0x00007ffeb73e0000 - 0x00007ffeb7429000 	C:\Program Files\Java\jdk1.8.0_291\jre\bin\fontmanager.dll
0x00007ffec36e0000 - 0x00007ffec3805000 	C:\WINDOWS\system32\opengl32.dll
0x00007ffecfe70000 - 0x00007ffecfe9c000 	C:\WINDOWS\SYSTEM32\GLU32.dll
0x00007ffec3810000 - 0x00007ffec39de000 	C:\WINDOWS\system32\d3d9.dll
0x00007ffed4680000 - 0x00007ffed485b000 	C:\WINDOWS\System32\DriverStore\FileRepository\u0360470.inf_amd64_35c64671e7fac064\B360357\aticfx64.dll
0x00007ffec3300000 - 0x00007ffec3333000 	C:\WINDOWS\System32\DriverStore\FileRepository\u0360470.inf_amd64_35c64671e7fac064\B360357\atiu9p64.dll
0x00007ffea39e0000 - 0x00007ffea4676000 	C:\WINDOWS\System32\DriverStore\FileRepository\u0360470.inf_amd64_35c64671e7fac064\B360357\atiumd64.dll
0x00007ffeeccf0000 - 0x00007ffeeced4000 	C:\WINDOWS\SYSTEM32\dbghelp.dll
0x00007ffeeaf90000 - 0x00007ffeeafbc000 	C:\WINDOWS\SYSTEM32\dbgcore.DLL
0x0000000069f10000 - 0x000000006ad89000 	C:\WINDOWS\System32\DriverStore\FileRepository\u0360470.inf_amd64_35c64671e7fac064\B360357\atiumd6a.dll
0x00007ffef2e70000 - 0x00007ffef2ebb000 	C:\WINDOWS\SYSTEM32\POWRPROF.dll
0x00007ffef2ce0000 - 0x00007ffef2cf2000 	C:\WINDOWS\SYSTEM32\UMPDC.dll
0x00007ffed4c80000 - 0x00007ffed4caf000 	C:\WINDOWS\SYSTEM32\amdihk64.dll
0x00007ffeeebc0000 - 0x00007ffeeebfb000 	C:\WINDOWS\SYSTEM32\dxcore.dll
0x00007ffef3b10000 - 0x00007ffef3b5e000 	C:\WINDOWS\System32\cfgmgr32.dll
0x00007ffef5b40000 - 0x00007ffef5be9000 	C:\WINDOWS\System32\clbcatq.dll
0x00007ffef1090000 - 0x00007ffef1244000 	C:\WINDOWS\SYSTEM32\WindowsCodecs.dll
0x00007ffed56d0000 - 0x00007ffed570e000 	C:\WINDOWS\system32\dataexchange.dll
0x00007ffeeef30000 - 0x00007ffeef194000 	C:\WINDOWS\system32\d3d11.dll
0x00007ffeef600000 - 0x00007ffeef7e5000 	C:\WINDOWS\system32\dcomp.dll
0x00007ffef21d0000 - 0x00007ffef22c4000 	C:\WINDOWS\system32\dxgi.dll
0x00007ffeee3d0000 - 0x00007ffeee5d1000 	C:\WINDOWS\system32\twinapi.appcore.dll
0x00007ffeb7390000 - 0x00007ffeb73d3000 	C:\Program Files\Java\jdk1.8.0_291\jre\bin\t2k.dll
0x00007ffed7250000 - 0x00007ffed7349000 	C:\WINDOWS\SYSTEM32\textinputframework.dll
0x00007ffef0b70000 - 0x00007ffef0c62000 	C:\WINDOWS\System32\CoreMessaging.dll
0x00007ffef0810000 - 0x00007ffef0b6e000 	C:\WINDOWS\System32\CoreUIComponents.dll
0x00007ffef0600000 - 0x00007ffef0754000 	C:\WINDOWS\SYSTEM32\wintypes.dll
0x00007ffef25a0000 - 0x00007ffef25d3000 	C:\WINDOWS\SYSTEM32\ntmarta.dll
0x00007ffeeeb80000 - 0x00007ffeeebaa000 	C:\Program Files\Java\jdk1.8.0_291\jre\bin\dcpr.dll
0x00007ffeec320000 - 0x00007ffeec32a000 	C:\Windows\System32\rasadhlp.dll
0x00007ffeeb620000 - 0x00007ffeeb69f000 	C:\WINDOWS\System32\fwpuclnt.dll
0x00007ffed8bc0000 - 0x00007ffed8be4000 	C:\Program Files\Java\jdk1.8.0_291\jre\bin\sunec.dll
0x00007ffeee190000 - 0x00007ffeee19d000 	C:\Program Files\Java\jdk1.8.0_291\jre\bin\sunmscapi.dll
0x00007ffef3c10000 - 0x00007ffef3d66000 	C:\WINDOWS\System32\CRYPT32.dll
0x00007ffef3370000 - 0x00007ffef3397000 	C:\WINDOWS\SYSTEM32\ncrypt.dll
0x00007ffef3330000 - 0x00007ffef336b000 	C:\WINDOWS\SYSTEM32\NTASN1.dll

VM Arguments:
jvm_args: -Dfile.encoding=UTF-8 -agentpath:C:/Program Files/NetBeans-12.0/netbeans/profiler/lib/deployed/jdk16/windows-amd64/profilerinterface.dll=C:\Program Files\NetBeans-12.0\netbeans\profiler\lib,5140,10 -XX:+HeapDumpOnOutOfMemoryError -XX:HeapDumpPath=C:\Users\Nicholas\OneDrive\Documents\NetBeansProjects\JavaGUI\nbproject\private\profiler 
java_command: SearchUser
java_class_path (initial): C:\Users\Nicholas\Downloads\jdatepicker-1.3.4.jar;C:\Users\Nicholas\Downloads\jcalendar-1.4.jar\jcalendar-1.4.jar;C:\Users\Nicholas\Downloads\mysql-connector-java-8.0.26\mysql-connector-java-8.0.26\mysql-connector-java-8.0.26.jar;C:\Users\Nicholas\OneDrive\Documents\NetBeansProjects\JavaGUI\build\classes
Launcher Type: SUN_STANDARD

Environment Variables:
PATH=C:\Program Files\Java\jdk1.8.0_291\bin;C:\Program Files (x86)\Common Files\Oracle\Java\javapath;C:\WINDOWS\system32;C:\WINDOWS;C:\WINDOWS\System32\Wbem;C:\WINDOWS\System32\WindowsPowerShell\v1.0\;C:\WINDOWS\System32\OpenSSH\;C:\Program Files\Microsoft SQL Server\130\Tools\Binn\;C:\Program Files\Microsoft SQL Server\Client SDK\ODBC\170\Tools\Binn\;C:\Program Files (x86)\Microsoft SQL Server\150\Tools\Binn\;C:\Program Files\Microsoft SQL Server\150\Tools\Binn\;C:\Program Files\Microsoft SQL Server\150\DTS\Binn\;C:\Program Files (x86)\Microsoft SQL Server\150\DTS\Binn\;C:\Program Files\Azure Data Studio\bin;C:\Program Files\Git\cmd;C:\Program Files\MySQL\MySQL Server 8.0\bin;C:\Program Files\dotnet\;C:\Users\Nicholas\AppData\Local\Microsoft\WindowsApps;C:\Users\Nicholas\AppData\Local\Programs\Microsoft VS Code\bin;C:\Users\Nicholas\AppData\Local\atom\bin;C:\Program Files\Azure Data Studio\bin;C:\Program Files\JetBrains\IntelliJ IDEA Community Edition 2021.1.3\bin;;C:\Users\Nicholas\AppData\Local\GitHubDesktop\bin;C:\Users\Nicholas\.dotnet\tools
USERNAME=Nicholas
OS=Windows_NT
PROCESSOR_IDENTIFIER=AMD64 Family 23 Model 8 Stepping 2, AuthenticAMD



---------------  S Y S T E M  ---------------

OS: Windows 10.0 , 64 bit Build 19041 (10.0.19041.1202)

CPU:total 12 (initial active 12) (12 cores per cpu, 1 threads per core) family 23 model 8 stepping 2, cmov, cx8, fxsr, mmx, sse, sse2, sse3, ssse3, sse4.1, sse4.2, popcnt, avx, avx2, aes, clmul, mmxext, 3dnowpref, lzcnt, sse4a, tsc, tscinvbit, tscinv, bmi1

Memory: 4k page, physical 8338492k(2178964k free), swap 22207996k(6298536k free)

vm_info: Java HotSpot(TM) 64-Bit Server VM (25.291-b10) for windows-amd64 JRE (1.8.0_291-b10), built on Apr  9 2021 00:02:00 by "java_re" with MS VC++ 15.9 (VS2017)

time: Sun Oct 24 09:17:41 2021
timezone: AUS Eastern Summer Time
elapsed time: 11.070368 seconds (0d 0h 0m 11s)

